[0.032s] Invoking command in '/home/mechax/zyb/radar_station/src/Get_Camera_Img/build/Get_Camera_Img': CMAKE_PREFIX_PATH=${CMAKE_PREFIX_PATH}:/opt/ros/humble /usr/bin/cmake --build /home/mechax/zyb/radar_station/src/Get_Camera_Img/build/Get_Camera_Img -- -j16 -l16
[0.058s] [35m[1mConsolidate compiler generated dependencies of target Get_Img[0m
[0.070s] [ 50%] [32mBuilding CXX object CMakeFiles/Get_Img.dir/src/get_img.cpp.o[0m
[1.886s] [01m[K/home/mechax/zyb/radar_station/src/Get_Camera_Img/src/get_img.cpp:[m[K In member function â€˜[01m[Kvoid GetImg::camera_init()[m[Kâ€™:
[1.886s] [01m[K/home/mechax/zyb/radar_station/src/Get_Camera_Img/src/get_img.cpp:68:5:[m[K [01;31m[Kerror: [m[Kâ€˜[01m[KMVCamera[m[Kâ€™ was not declared in this scope; did you mean â€˜[01m[Kg_hCamera[m[Kâ€™?
[1.886s]    68 |     [01;31m[KMVCamera[m[K mvcamera;
[1.886s]       |     [01;31m[K^~~~~~~~[m[K
[1.886s]       |     [32m[Kg_hCamera[m[K
[1.892s] [01m[K/home/mechax/zyb/radar_station/src/Get_Camera_Img/src/get_img.cpp:69:5:[m[K [01;31m[Kerror: [m[Kâ€˜[01m[Kmv_driver[m[Kâ€™ was not declared in this scope
[1.892s]    69 |     [01;31m[Kmv_driver[m[K = &mvcamera;
[1.892s]       |     [01;31m[K^~~~~~~~~[m[K
[1.896s] [01m[K/home/mechax/zyb/radar_station/src/Get_Camera_Img/src/get_img.cpp:69:18:[m[K [01;31m[Kerror: [m[Kâ€˜[01m[Kmvcamera[m[Kâ€™ was not declared in this scope
[1.896s]    69 |     mv_driver = &[01;31m[Kmvcamera[m[K;
[1.896s]       |                  [01;31m[K^~~~~~~~[m[K
[1.902s] [01m[K/home/mechax/zyb/radar_station/src/Get_Camera_Img/src/get_img.cpp:[m[K In member function â€˜[01m[Kvoid GetImg::get_exp(const Int16&)[m[Kâ€™:
[1.902s] [01m[K/home/mechax/zyb/radar_station/src/Get_Camera_Img/src/get_img.cpp:122:9:[m[K [01;31m[Kerror: [m[Kâ€˜[01m[Kmv_driver[m[Kâ€™ was not declared in this scope
[1.903s]   122 |         [01;31m[Kmv_driver[m[K->SetExposureTime(autoexposure_, exposure_);
[1.903s]       |         [01;31m[K^~~~~~~~~[m[K
[1.908s] [01m[K/home/mechax/zyb/radar_station/src/Get_Camera_Img/src/get_img.cpp:[m[K In member function â€˜[01m[Kvoid GetImg::get_is_large(const Bool&)[m[Kâ€™:
[1.908s] [01m[K/home/mechax/zyb/radar_station/src/Get_Camera_Img/src/get_img.cpp:133:9:[m[K [01;31m[Kerror: [m[Kâ€˜[01m[Kmv_driver[m[Kâ€™ was not declared in this scope
[1.908s]   133 |         [01;31m[Kmv_driver[m[K->SetExposureTime(0, 3000);
[1.908s]       |         [01;31m[K^~~~~~~~~[m[K
[1.913s] [01m[K/home/mechax/zyb/radar_station/src/Get_Camera_Img/src/get_img.cpp:135:9:[m[K [01;31m[Kerror: [m[Kâ€˜[01m[Kmv_driver[m[Kâ€™ was not declared in this scope
[1.913s]   135 |         [01;31m[Kmv_driver[m[K->SetExposureTime(0, 1500);
[1.913s]       |         [01;31m[K^~~~~~~~~[m[K
[4.105s] gmake[2]: *** [CMakeFiles/Get_Img.dir/build.make:76: CMakeFiles/Get_Img.dir/src/get_img.cpp.o] Error 1
[4.105s] gmake[1]: *** [CMakeFiles/Makefile2:137: CMakeFiles/Get_Img.dir/all] Error 2
[4.105s] gmake: *** [Makefile:146: all] Error 2
[4.107s] Invoked command in '/home/mechax/zyb/radar_station/src/Get_Camera_Img/build/Get_Camera_Img' returned '2': CMAKE_PREFIX_PATH=${CMAKE_PREFIX_PATH}:/opt/ros/humble /usr/bin/cmake --build /home/mechax/zyb/radar_station/src/Get_Camera_Img/build/Get_Camera_Img -- -j16 -l16
