[0.042s] Invoking command in '/home/qianli/zyb/radar_station/build/map_test': AMENT_PREFIX_PATH=/home/qianli/zyb/radar_station/install/my_msgss:${AMENT_PREFIX_PATH} CMAKE_PREFIX_PATH=/home/qianli/zyb/radar_station/install/my_msgss:/opt/ros/humble LD_LIBRARY_PATH=/home/qianli/zyb/radar_station/install/my_msgss/lib:${LD_LIBRARY_PATH} PYTHONPATH=/home/qianli/zyb/radar_station/install/my_msgss/local/lib/python3.10/dist-packages:${PYTHONPATH} /usr/bin/cmake --build /home/qianli/zyb/radar_station/build/map_test -- -j16 -l16
[0.086s] [ 50%] [32mBuilding CXX object CMakeFiles/map_test.dir/src/map_test.cpp.o[0m
[4.470s] [01m[K/home/qianli/zyb/radar_station/src/map_test/src/map_test.cpp:[m[K In constructor â€˜[01m[KMapTest::MapTest()[m[Kâ€™:
[4.470s] [01m[K/home/qianli/zyb/radar_station/src/map_test/src/map_test.cpp:10:5:[m[K [01;31m[Kerror: [m[Kâ€˜[01m[Kclose_calibration[m[Kâ€™ was not declared in this scope; did you mean â€˜[01m[Kfar_calibration[m[Kâ€™?
[4.470s]    10 |     [01;31m[Kclose_calibration[m[K();
[4.470s]       |     [01;31m[K^~~~~~~~~~~~~~~~~[m[K
[4.470s]       |     [32m[Kfar_calibration[m[K
[4.499s] [01m[K/home/qianli/zyb/radar_station/src/map_test/src/map_test.cpp:21:5:[m[K [01;31m[Kerror: [m[Kâ€˜[01m[Kfarpoints_pub_[m[Kâ€™ was not declared in this scope; did you mean â€˜[01m[Kfar_points_pub_[m[Kâ€™?
[4.499s]    21 |     [01;31m[Kfarpoints_pub_[m[K = this->create_publisher<my_msgss::msg::Points>("/qt/farpoints", 10);
[4.499s]       |     [01;31m[K^~~~~~~~~~~~~~[m[K
[4.499s]       |     [32m[Kfar_points_pub_[m[K
[4.512s] [01m[K/home/qianli/zyb/radar_station/src/map_test/src/map_test.cpp:22:5:[m[K [01;31m[Kerror: [m[Kâ€˜[01m[Kclosepoints_pub_[m[Kâ€™ was not declared in this scope; did you mean â€˜[01m[Kclose_points_pub_[m[Kâ€™?
[4.512s]    22 |     [01;31m[Kclosepoints_pub_[m[K = this->create_publisher<my_msgss::msg::Points>("/qt/closepoints", 10);
[4.512s]       |     [01;31m[K^~~~~~~~~~~~~~~~[m[K
[4.512s]       |     [32m[Kclose_points_pub_[m[K
[4.541s] [01m[K/home/qianli/zyb/radar_station/src/map_test/src/map_test.cpp:[m[K In member function â€˜[01m[Kvoid MapTest::far_calibration()[m[Kâ€™:
[4.541s] [01m[K/home/qianli/zyb/radar_station/src/map_test/src/map_test.cpp:102:5:[m[K [01;31m[Kerror: [m[Kâ€˜[01m[KmagePoints[m[Kâ€™ was not declared in this scope; did you mean â€˜[01m[KimagePoints[m[Kâ€™?
[4.541s]   102 |     [01;31m[KmagePoints[m[K.push_back(imagepoint_one);
[4.541s]       |     [01;31m[K^~~~~~~~~~[m[K
[4.541s]       |     [32m[KimagePoints[m[K
[4.558s] [01m[K/home/qianli/zyb/radar_station/src/map_test/src/map_test.cpp:115:42:[m[K [01;31m[Kerror: [m[Kâ€˜[01m[Kfar_imagePoints[m[Kâ€™ was not declared in this scope; did you mean â€˜[01m[Kfar_map_points[m[Kâ€™?
[4.558s]   115 |     cout << "far_imagePoints.size():" << [01;31m[Kfar_imagePoints[m[K.size() << endl;
[4.558s]       |                                          [01;31m[K^~~~~~~~~~~~~~~[m[K
[4.558s]       |                                          [32m[Kfar_map_points[m[K
[4.578s] [01m[K/home/qianli/zyb/radar_station/src/map_test/src/map_test.cpp:116:43:[m[K [01;31m[Kerror: [m[Kâ€˜[01m[Kfar_objectPoints[m[Kâ€™ was not declared in this scope; did you mean â€˜[01m[KobjectPoints[m[Kâ€™?
[4.578s]   116 |     cout << "far_objectPoints.size():" << [01;31m[Kfar_objectPoints[m[K.size() << endl;
[4.578s]       |                                           [01;31m[K^~~~~~~~~~~~~~~~[m[K
[4.578s]       |                                           [32m[KobjectPoints[m[K
[4.591s] [01m[K/home/qianli/zyb/radar_station/src/map_test/src/map_test.cpp:120:41:[m[K [01;31m[Kerror: [m[Kâ€˜[01m[Kclsoe_CamMatrix_[m[Kâ€™ was not declared in this scope; did you mean â€˜[01m[Kclose_CamMatrix_[m[Kâ€™?
[4.591s]   120 |     solvePnP(objectPoints, imagePoints, [01;31m[Kclsoe_CamMatrix_[m[K, clsoe_distCoeffs_, close_Rjacob, close_T);
[4.591s]       |                                         [01;31m[K^~~~~~~~~~~~~~~~[m[K
[4.591s]       |                                         [32m[Kclose_CamMatrix_[m[K
[4.602s] [01m[K/home/qianli/zyb/radar_station/src/map_test/src/map_test.cpp:120:59:[m[K [01;31m[Kerror: [m[Kâ€˜[01m[Kclsoe_distCoeffs_[m[Kâ€™ was not declared in this scope; did you mean â€˜[01m[Kclose_distCoeffs_[m[Kâ€™?
[4.603s]   120 |     solvePnP(objectPoints, imagePoints, clsoe_CamMatrix_, [01;31m[Kclsoe_distCoeffs_[m[K, close_Rjacob, close_T);
[4.603s]       |                                                           [01;31m[K^~~~~~~~~~~~~~~~~[m[K
[4.603s]       |                                                           [32m[Kclose_distCoeffs_[m[K
[4.610s] [01m[K/home/qianli/zyb/radar_station/src/map_test/src/map_test.cpp:[m[K In member function â€˜[01m[Kvoid MapTest::draw_point_on_map(cv::Mat&, std::vector<map_point>&)[m[Kâ€™:
[4.610s] [01m[K/home/qianli/zyb/radar_station/src/map_test/src/map_test.cpp:161:20:[m[K [01;35m[Kwarning: [m[Kcomparison of integer expressions of different signedness: â€˜[01m[Kint[m[Kâ€™ and â€˜[01m[Kstd::vector<map_point>::size_type[m[Kâ€™ {aka â€˜[01m[Klong unsigned int[m[Kâ€™} [[01;35m[K]8;;https://gcc.gnu.org/onlinedocs/gcc/Warning-Options.html#index-Wsign-compare-Wsign-compare]8;;[m[K]
[4.610s]   161 |     for(int i = 0;[01;35m[Ki<map_points.size()[m[K;i++)
[4.610s]       |                   [01;35m[K~^~~~~~~~~~~~~~~~~~[m[K
[4.612s] [01m[K/home/qianli/zyb/radar_station/src/map_test/src/map_test.cpp:[m[K In member function â€˜[01m[Kvoid MapTest::far_callback(my_msgss::msg::Distpoints)[m[Kâ€™:
[4.612s] [01m[K/home/qianli/zyb/radar_station/src/map_test/src/map_test.cpp:191:20:[m[K [01;35m[Kwarning: [m[Kcomparison of integer expressions of different signedness: â€˜[01m[Kint[m[Kâ€™ and â€˜[01m[Kstd::vector<my_msgss::msg::Distpoint_<std::allocator<void> >, std::allocator<my_msgss::msg::Distpoint_<std::allocator<void> > > >::size_type[m[Kâ€™ {aka â€˜[01m[Klong unsigned int[m[Kâ€™} [[01;35m[K]8;;https://gcc.gnu.org/onlinedocs/gcc/Warning-Options.html#index-Wsign-compare-Wsign-compare]8;;[m[K]
[4.612s]   191 |     for(int i =0 ;[01;35m[Ki<msg.data.size()[m[K;i++)
[4.612s]       |                   [01;35m[K~^~~~~~~~~~~~~~~~[m[K
[4.627s] [01m[K/home/qianli/zyb/radar_station/src/map_test/src/map_test.cpp:209:13:[m[K [01;31m[Kerror: [m[Kâ€˜[01m[Kmap_points[m[Kâ€™ was not declared in this scope; did you mean â€˜[01m[Kmap_point[m[Kâ€™?
[4.628s]   209 |             [01;31m[Kmap_points[m[K.push_back(a_map_point);
[4.628s]       |             [01;31m[K^~~~~~~~~~[m[K
[4.628s]       |             [32m[Kmap_point[m[K
[4.640s] [01m[K/home/qianli/zyb/radar_station/src/map_test/src/map_test.cpp:213:22:[m[K [01;31m[Kerror: [m[Kâ€˜[01m[Kmap_points[m[Kâ€™ was not declared in this scope; did you mean â€˜[01m[Kmap_point[m[Kâ€™?
[4.640s]   213 |     for(int i = 0 ;i<[01;31m[Kmap_points[m[K.size();i++)
[4.640s]       |                      [01;31m[K^~~~~~~~~~[m[K
[4.640s]       |                      [32m[Kmap_point[m[K
[4.641s] [01m[K/home/qianli/zyb/radar_station/src/map_test/src/map_test.cpp:[m[K In member function â€˜[01m[Kvoid MapTest::close_callback(my_msgss::msg::Distpoints)[m[Kâ€™:
[4.641s] [01m[K/home/qianli/zyb/radar_station/src/map_test/src/map_test.cpp:236:20:[m[K [01;35m[Kwarning: [m[Kcomparison of integer expressions of different signedness: â€˜[01m[Kint[m[Kâ€™ and â€˜[01m[Kstd::vector<my_msgss::msg::Distpoint_<std::allocator<void> >, std::allocator<my_msgss::msg::Distpoint_<std::allocator<void> > > >::size_type[m[Kâ€™ {aka â€˜[01m[Klong unsigned int[m[Kâ€™} [[01;35m[K]8;;https://gcc.gnu.org/onlinedocs/gcc/Warning-Options.html#index-Wsign-compare-Wsign-compare]8;;[m[K]
[4.641s]   236 |     for(int i =0 ;[01;35m[Ki<msg.data.size()[m[K;i++)
[4.641s]       |                   [01;35m[K~^~~~~~~~~~~~~~~~[m[K
[4.655s] [01m[K/home/qianli/zyb/radar_station/src/map_test/src/map_test.cpp:254:13:[m[K [01;31m[Kerror: [m[Kâ€˜[01m[Kmap_points[m[Kâ€™ was not declared in this scope; did you mean â€˜[01m[Kmap_point[m[Kâ€™?
[4.655s]   254 |             [01;31m[Kmap_points[m[K.push_back(a_map_point);
[4.655s]       |             [01;31m[K^~~~~~~~~~[m[K
[4.656s]       |             [32m[Kmap_point[m[K
[4.667s] [01m[K/home/qianli/zyb/radar_station/src/map_test/src/map_test.cpp:258:22:[m[K [01;31m[Kerror: [m[Kâ€˜[01m[Kmap_points[m[Kâ€™ was not declared in this scope; did you mean â€˜[01m[Kmap_point[m[Kâ€™?
[4.668s]   258 |     for(int i = 0 ;i<[01;31m[Kmap_points[m[K.size();i++)
[4.668s]       |                      [01;31m[K^~~~~~~~~~[m[K
[4.668s]       |                      [32m[Kmap_point[m[K
[7.296s] gmake[2]: *** [CMakeFiles/map_test.dir/build.make:76ï¼šCMakeFiles/map_test.dir/src/map_test.cpp.o] é”™è¯¯ 1
[7.296s] gmake[1]: *** [CMakeFiles/Makefile2:137ï¼šCMakeFiles/map_test.dir/all] é”™è¯¯ 2
[7.297s] gmake: *** [Makefile:146ï¼šall] é”™è¯¯ 2
