[01m[K/home/qianli/zyb/radar_station/src/Img_Handle/src/inference.cpp:[m[K In member function ‘[01m[Kvoid Inference::loadOnnxNetwork()[m[K’:
[01m[K/home/qianli/zyb/radar_station/src/Img_Handle/src/inference.cpp:171:43:[m[K [01;31m[Kerror: [m[K‘[01m[KDNN_BACKEND_CUDA[m[K’ is not a member of ‘[01m[Kcv::dnn[m[K’
  171 |         net.setPreferableBackend(cv::dnn::[01;31m[KDNN_BACKEND_CUDA[m[K);
      |                                           [01;31m[K^~~~~~~~~~~~~~~~[m[K
[01m[K/home/qianli/zyb/radar_station/src/Img_Handle/src/inference.cpp:172:42:[m[K [01;31m[Kerror: [m[K‘[01m[KDNN_TARGET_CUDA[m[K’ is not a member of ‘[01m[Kcv::dnn[m[K’
  172 |         net.setPreferableTarget(cv::dnn::[01;31m[KDNN_TARGET_CUDA[m[K);
      |                                          [01;31m[K^~~~~~~~~~~~~~~[m[K
[01m[K/home/qianli/zyb/radar_station/src/Img_Handle/src/inference.cpp:[m[K In member function ‘[01m[Kvoid Inference::loadOnnxNetwork()[m[K’:
[01m[K/home/qianli/zyb/radar_station/src/Img_Handle/src/inference.cpp:171:43:[m[K [01;31m[Kerror: [m[K‘[01m[KDNN_BACKEND_CUDA[m[K’ is not a member of ‘[01m[Kcv::dnn[m[K’
  171 |         net.setPreferableBackend(cv::dnn::[01;31m[KDNN_BACKEND_CUDA[m[K);
      |                                           [01;31m[K^~~~~~~~~~~~~~~~[m[K
[01m[K/home/qianli/zyb/radar_station/src/Img_Handle/src/inference.cpp:172:42:[m[K [01;31m[Kerror: [m[K‘[01m[KDNN_TARGET_CUDA[m[K’ is not a member of ‘[01m[Kcv::dnn[m[K’
  172 |         net.setPreferableTarget(cv::dnn::[01;31m[KDNN_TARGET_CUDA[m[K);
      |                                          [01;31m[K^~~~~~~~~~~~~~~[m[K
gmake[2]: *** [CMakeFiles/main.dir/build.make:90：CMakeFiles/main.dir/src/inference.cpp.o] 错误 1
gmake[1]: *** [CMakeFiles/Makefile2:193：CMakeFiles/main.dir/all] 错误 2
gmake[1]: *** 正在等待未完成的任务....
gmake[2]: *** [CMakeFiles/Img_Sub.dir/build.make:90：CMakeFiles/Img_Sub.dir/src/inference.cpp.o] 错误 1
gmake[1]: *** [CMakeFiles/Makefile2:167：CMakeFiles/Img_Sub.dir/all] 错误 2
gmake: *** [Makefile:146：all] 错误 2
