[0.105s] Invoking command in '/home/qianli/zyb/radar_station/build/Img_Handle': AMENT_PREFIX_PATH=/home/qianli/zyb/radar_station/install/my_msgss:${AMENT_PREFIX_PATH} CMAKE_PREFIX_PATH=/home/qianli/zyb/radar_station/install/my_msgss:/opt/ros/humble LD_LIBRARY_PATH=/home/qianli/zyb/radar_station/install/my_msgss/lib:${LD_LIBRARY_PATH} PYTHONPATH=/home/qianli/zyb/radar_station/install/my_msgss/local/lib/python3.10/dist-packages:${PYTHONPATH} /usr/bin/cmake --build /home/qianli/zyb/radar_station/build/Img_Handle -- -j16 -l16
[0.126s] [35m[1mConsolidate compiler generated dependencies of target Img_Pub[0m
[0.131s] [35m[1mConsolidate compiler generated dependencies of target main[0m
[0.131s] [35m[1mConsolidate compiler generated dependencies of target Img_Sub[0m
[0.136s] [ 25%] Built target Img_Pub
[0.142s] [ 37%] [32mBuilding CXX object CMakeFiles/main.dir/src/inference.cpp.o[0m
[0.145s] [ 50%] [32mBuilding CXX object CMakeFiles/Img_Sub.dir/src/inference.cpp.o[0m
[0.915s] [01m[K/home/qianli/zyb/radar_station/src/Img_Handle/src/inference.cpp:[m[K In member function ‘[01m[Kvoid Inference::loadOnnxNetwork()[m[K’:
[0.915s] [01m[K/home/qianli/zyb/radar_station/src/Img_Handle/src/inference.cpp:171:43:[m[K [01;31m[Kerror: [m[K‘[01m[KDNN_BACKEND_CUDA[m[K’ is not a member of ‘[01m[Kcv::dnn[m[K’
[0.915s]   171 |         net.setPreferableBackend(cv::dnn::[01;31m[KDNN_BACKEND_CUDA[m[K);
[0.916s]       |                                           [01;31m[K^~~~~~~~~~~~~~~~[m[K
[0.916s] [01m[K/home/qianli/zyb/radar_station/src/Img_Handle/src/inference.cpp:172:42:[m[K [01;31m[Kerror: [m[K‘[01m[KDNN_TARGET_CUDA[m[K’ is not a member of ‘[01m[Kcv::dnn[m[K’
[0.916s]   172 |         net.setPreferableTarget(cv::dnn::[01;31m[KDNN_TARGET_CUDA[m[K);
[0.916s]       |                                          [01;31m[K^~~~~~~~~~~~~~~[m[K
[0.935s] [01m[K/home/qianli/zyb/radar_station/src/Img_Handle/src/inference.cpp:[m[K In member function ‘[01m[Kvoid Inference::loadOnnxNetwork()[m[K’:
[0.935s] [01m[K/home/qianli/zyb/radar_station/src/Img_Handle/src/inference.cpp:171:43:[m[K [01;31m[Kerror: [m[K‘[01m[KDNN_BACKEND_CUDA[m[K’ is not a member of ‘[01m[Kcv::dnn[m[K’
[0.935s]   171 |         net.setPreferableBackend(cv::dnn::[01;31m[KDNN_BACKEND_CUDA[m[K);
[0.935s]       |                                           [01;31m[K^~~~~~~~~~~~~~~~[m[K
[0.936s] [01m[K/home/qianli/zyb/radar_station/src/Img_Handle/src/inference.cpp:172:42:[m[K [01;31m[Kerror: [m[K‘[01m[KDNN_TARGET_CUDA[m[K’ is not a member of ‘[01m[Kcv::dnn[m[K’
[0.936s]   172 |         net.setPreferableTarget(cv::dnn::[01;31m[KDNN_TARGET_CUDA[m[K);
[0.936s]       |                                          [01;31m[K^~~~~~~~~~~~~~~[m[K
[1.132s] gmake[2]: *** [CMakeFiles/main.dir/build.make:90：CMakeFiles/main.dir/src/inference.cpp.o] 错误 1
[1.133s] gmake[1]: *** [CMakeFiles/Makefile2:193：CMakeFiles/main.dir/all] 错误 2
[1.133s] gmake[1]: *** 正在等待未完成的任务....
[1.153s] gmake[2]: *** [CMakeFiles/Img_Sub.dir/build.make:90：CMakeFiles/Img_Sub.dir/src/inference.cpp.o] 错误 1
[1.154s] gmake[1]: *** [CMakeFiles/Makefile2:167：CMakeFiles/Img_Sub.dir/all] 错误 2
[1.154s] gmake: *** [Makefile:146：all] 错误 2
[1.156s] Invoked command in '/home/qianli/zyb/radar_station/build/Img_Handle' returned '2': AMENT_PREFIX_PATH=/home/qianli/zyb/radar_station/install/my_msgss:${AMENT_PREFIX_PATH} CMAKE_PREFIX_PATH=/home/qianli/zyb/radar_station/install/my_msgss:/opt/ros/humble LD_LIBRARY_PATH=/home/qianli/zyb/radar_station/install/my_msgss/lib:${LD_LIBRARY_PATH} PYTHONPATH=/home/qianli/zyb/radar_station/install/my_msgss/local/lib/python3.10/dist-packages:${PYTHONPATH} /usr/bin/cmake --build /home/qianli/zyb/radar_station/build/Img_Handle -- -j16 -l16
