[0.106s] Invoking command in '/home/mechax/zyb/radar_station/build/map_test': CMAKE_PREFIX_PATH=/home/mechax/zyb/radar_station/install/my_msgss:/home/mechax/zyb/radar_station/install/map_test:/home/mechax/zyb/radar_station/install/get_depth:/home/mechax/zyb/radar_station/install/Img_Handle:/home/mechax/zyb/radar_station/install/Game_Map:/home/mechax/zyb/radar_station/install/mindvision_camera:/home/mechax/zyb/radar_station/install/Yolo_Handle:/home/mechax/zyb/radar_station/install/Qt5_displayer:/home/mechax/ws_livox/install/livox_ros2_driver:/home/mechax/ws_livox/install/livox_sdk_vendor:/home/mechax/ws_livox/install/livox_interfaces:/opt/ros/humble /usr/bin/cmake /home/mechax/zyb/radar_station/src/map_test -DCMAKE_INSTALL_PREFIX=/home/mechax/zyb/radar_station/install/map_test
[0.184s] -- The C compiler identification is GNU 11.4.0
[0.264s] -- The CXX compiler identification is GNU 11.4.0
[0.271s] -- Detecting C compiler ABI info
[0.367s] -- Detecting C compiler ABI info - done
[0.375s] -- Check for working C compiler: /usr/bin/cc - skipped
[0.376s] -- Detecting C compile features
[0.376s] -- Detecting C compile features - done
[0.380s] -- Detecting CXX compiler ABI info
[0.492s] -- Detecting CXX compiler ABI info - done
[0.501s] -- Check for working CXX compiler: /usr/bin/c++ - skipped
[0.501s] -- Detecting CXX compile features
[0.501s] -- Detecting CXX compile features - done
[0.505s] -- Found ament_cmake: 1.3.6 (/opt/ros/humble/share/ament_cmake/cmake)
[0.777s] -- Found Python3: /usr/bin/python3.10 (found version "3.10.12") found components: Interpreter 
[0.909s] -- Found rclcpp: 16.0.7 (/opt/ros/humble/share/rclcpp/cmake)
[0.962s] -- Found rosidl_generator_c: 3.1.5 (/opt/ros/humble/share/rosidl_generator_c/cmake)
[0.969s] -- Found rosidl_adapter: 3.1.5 (/opt/ros/humble/share/rosidl_adapter/cmake)
[0.980s] -- Found rosidl_generator_cpp: 3.1.5 (/opt/ros/humble/share/rosidl_generator_cpp/cmake)
[0.996s] -- Using all available rosidl_typesupport_c: rosidl_typesupport_fastrtps_c;rosidl_typesupport_introspection_c
[1.021s] -- Using all available rosidl_typesupport_cpp: rosidl_typesupport_fastrtps_cpp;rosidl_typesupport_introspection_cpp
[1.109s] -- Found rmw_implementation_cmake: 6.1.1 (/opt/ros/humble/share/rmw_implementation_cmake/cmake)
[1.113s] -- Found rmw_fastrtps_cpp: 6.2.5 (/opt/ros/humble/share/rmw_fastrtps_cpp/cmake)
[1.244s] -- Found OpenSSL: /usr/lib/x86_64-linux-gnu/libcrypto.so (found version "3.0.2")  
[1.277s] -- Found FastRTPS: /opt/ros/humble/include  
[1.340s] -- Using RMW implementation 'rmw_fastrtps_cpp' as default
[1.355s] -- Looking for pthread.h
[1.468s] -- Looking for pthread.h - found
[1.468s] -- Performing Test CMAKE_HAVE_LIBC_PTHREAD
[1.567s] -- Performing Test CMAKE_HAVE_LIBC_PTHREAD - Success
[1.569s] -- Found Threads: TRUE  
[1.716s] -- Found sensor_msgs: 4.2.3 (/opt/ros/humble/share/sensor_msgs/cmake)
[1.822s] -- Found OpenCV: /usr/local (found version "4.8.0") 
[1.822s] -- Found my_msgss: 0.0.0 (/home/mechax/zyb/radar_station/install/my_msgss/share/my_msgss/cmake)
[1.842s] -- Found ament_lint_auto: 0.12.9 (/opt/ros/humble/share/ament_lint_auto/cmake)
[1.982s] -- Added test 'cppcheck' to perform static code analysis on C / C++ code
[1.982s] -- Configured cppcheck include dirs: /home/mechax/zyb/radar_station/src/map_test/include_directories;/home/mechax/zyb/radar_station/src/map_test/(;/home/mechax/zyb/radar_station/src/map_test/include;/home/mechax/zyb/radar_station/src/map_test/)
[1.982s] -- Configured cppcheck exclude dirs and/or files: 
[1.982s] -- Added test 'flake8' to check Python code syntax and style conventions
[1.985s] -- Added test 'lint_cmake' to check CMake code style
[1.987s] -- Added test 'pep257' to check Python code against some of the docstring style conventions in PEP 257
[1.988s] -- Added test 'uncrustify' to check C / C++ code style
[1.989s] -- Configured uncrustify additional arguments: 
[1.990s] -- Added test 'xmllint' to check XML markup files
[1.995s] -- Configuring done
[2.020s] -- Generating done
[2.023s] -- Build files have been written to: /home/mechax/zyb/radar_station/build/map_test
[2.067s] Invoked command in '/home/mechax/zyb/radar_station/build/map_test' returned '0': CMAKE_PREFIX_PATH=/home/mechax/zyb/radar_station/install/my_msgss:/home/mechax/zyb/radar_station/install/map_test:/home/mechax/zyb/radar_station/install/get_depth:/home/mechax/zyb/radar_station/install/Img_Handle:/home/mechax/zyb/radar_station/install/Game_Map:/home/mechax/zyb/radar_station/install/mindvision_camera:/home/mechax/zyb/radar_station/install/Yolo_Handle:/home/mechax/zyb/radar_station/install/Qt5_displayer:/home/mechax/ws_livox/install/livox_ros2_driver:/home/mechax/ws_livox/install/livox_sdk_vendor:/home/mechax/ws_livox/install/livox_interfaces:/opt/ros/humble /usr/bin/cmake /home/mechax/zyb/radar_station/src/map_test -DCMAKE_INSTALL_PREFIX=/home/mechax/zyb/radar_station/install/map_test
[2.067s] Invoking command in '/home/mechax/zyb/radar_station/build/map_test': CMAKE_PREFIX_PATH=/home/mechax/zyb/radar_station/install/my_msgss:/home/mechax/zyb/radar_station/install/map_test:/home/mechax/zyb/radar_station/install/get_depth:/home/mechax/zyb/radar_station/install/Img_Handle:/home/mechax/zyb/radar_station/install/Game_Map:/home/mechax/zyb/radar_station/install/mindvision_camera:/home/mechax/zyb/radar_station/install/Yolo_Handle:/home/mechax/zyb/radar_station/install/Qt5_displayer:/home/mechax/ws_livox/install/livox_ros2_driver:/home/mechax/ws_livox/install/livox_sdk_vendor:/home/mechax/ws_livox/install/livox_interfaces:/opt/ros/humble /usr/bin/cmake --build /home/mechax/zyb/radar_station/build/map_test -- -j16 -l16
[2.141s] [ 50%] [32mBuilding CXX object CMakeFiles/map_test.dir/src/map_test.cpp.o[0m
[6.819s] [01m[K/home/mechax/zyb/radar_station/src/map_test/src/map_test.cpp:101:6:[m[K [01;31m[Kerror: [m[Kâ€˜[01m[KMatTest[m[Kâ€™ has not been declared
[6.819s]   101 | void [01;31m[KMatTest[m[K::pnp_callback(const std_msgs::msg::Float32MultiArray msg)
[6.819s]       |      [01;31m[K^~~~~~~[m[K
[6.822s] [01m[K/home/mechax/zyb/radar_station/src/map_test/src/map_test.cpp:[m[K In function â€˜[01m[Kvoid pnp_callback(std_msgs::msg::Float32MultiArray)[m[Kâ€™:
[6.823s] [01m[K/home/mechax/zyb/radar_station/src/map_test/src/map_test.cpp:103:5:[m[K [01;31m[Kerror: [m[Kinvalid use of â€˜[01m[Kthis[m[Kâ€™ in non-member function
[6.823s]   103 |     [01;31m[Kthis[m[K->far_R.at<double>(0, 0) = msg.data[0];
[6.823s]       |     [01;31m[K^~~~[m[K
[6.823s] [01m[K/home/mechax/zyb/radar_station/src/map_test/src/map_test.cpp:103:20:[m[K [01;31m[Kerror: [m[Kexpected primary-expression before â€˜[01m[Kdouble[m[Kâ€™
[6.823s]   103 |     this->far_R.at<[01;31m[Kdouble[m[K>(0, 0) = msg.data[0];
[6.823s]       |                    [01;31m[K^~~~~~[m[K
[6.823s] [01m[K/home/mechax/zyb/radar_station/src/map_test/src/map_test.cpp:104:5:[m[K [01;31m[Kerror: [m[Kinvalid use of â€˜[01m[Kthis[m[Kâ€™ in non-member function
[6.823s]   104 |     [01;31m[Kthis[m[K->far_R.at<double>(0, 1) = msg.data[1];
[6.823s]       |     [01;31m[K^~~~[m[K
[6.823s] [01m[K/home/mechax/zyb/radar_station/src/map_test/src/map_test.cpp:104:20:[m[K [01;31m[Kerror: [m[Kexpected primary-expression before â€˜[01m[Kdouble[m[Kâ€™
[6.823s]   104 |     this->far_R.at<[01;31m[Kdouble[m[K>(0, 1) = msg.data[1];
[6.823s]       |                    [01;31m[K^~~~~~[m[K
[6.824s] [01m[K/home/mechax/zyb/radar_station/src/map_test/src/map_test.cpp:105:5:[m[K [01;31m[Kerror: [m[Kinvalid use of â€˜[01m[Kthis[m[Kâ€™ in non-member function
[6.824s]   105 |     [01;31m[Kthis[m[K->far_R.at<double>(0, 2) = msg.data[2];
[6.824s]       |     [01;31m[K^~~~[m[K
[6.824s] [01m[K/home/mechax/zyb/radar_station/src/map_test/src/map_test.cpp:105:20:[m[K [01;31m[Kerror: [m[Kexpected primary-expression before â€˜[01m[Kdouble[m[Kâ€™
[6.824s]   105 |     this->far_R.at<[01;31m[Kdouble[m[K>(0, 2) = msg.data[2];
[6.824s]       |                    [01;31m[K^~~~~~[m[K
[6.824s] [01m[K/home/mechax/zyb/radar_station/src/map_test/src/map_test.cpp:106:5:[m[K [01;31m[Kerror: [m[Kinvalid use of â€˜[01m[Kthis[m[Kâ€™ in non-member function
[6.824s]   106 |     [01;31m[Kthis[m[K->far_R.at<double>(1, 0) = msg.data[3];
[6.824s]       |     [01;31m[K^~~~[m[K
[6.824s] [01m[K/home/mechax/zyb/radar_station/src/map_test/src/map_test.cpp:106:20:[m[K [01;31m[Kerror: [m[Kexpected primary-expression before â€˜[01m[Kdouble[m[Kâ€™
[6.824s]   106 |     this->far_R.at<[01;31m[Kdouble[m[K>(1, 0) = msg.data[3];
[6.824s]       |                    [01;31m[K^~~~~~[m[K
[6.824s] [01m[K/home/mechax/zyb/radar_station/src/map_test/src/map_test.cpp:107:5:[m[K [01;31m[Kerror: [m[Kinvalid use of â€˜[01m[Kthis[m[Kâ€™ in non-member function
[6.824s]   107 |     [01;31m[Kthis[m[K->far_R.at<double>(1, 1) = msg.data[4];
[6.824s]       |     [01;31m[K^~~~[m[K
[6.824s] [01m[K/home/mechax/zyb/radar_station/src/map_test/src/map_test.cpp:107:20:[m[K [01;31m[Kerror: [m[Kexpected primary-expression before â€˜[01m[Kdouble[m[Kâ€™
[6.824s]   107 |     this->far_R.at<[01;31m[Kdouble[m[K>(1, 1) = msg.data[4];
[6.824s]       |                    [01;31m[K^~~~~~[m[K
[6.824s] [01m[K/home/mechax/zyb/radar_station/src/map_test/src/map_test.cpp:108:5:[m[K [01;31m[Kerror: [m[Kinvalid use of â€˜[01m[Kthis[m[Kâ€™ in non-member function
[6.824s]   108 |     [01;31m[Kthis[m[K->far_R.at<double>(1, 2) = msg.data[5];
[6.824s]       |     [01;31m[K^~~~[m[K
[6.824s] [01m[K/home/mechax/zyb/radar_station/src/map_test/src/map_test.cpp:108:20:[m[K [01;31m[Kerror: [m[Kexpected primary-expression before â€˜[01m[Kdouble[m[Kâ€™
[6.824s]   108 |     this->far_R.at<[01;31m[Kdouble[m[K>(1, 2) = msg.data[5];
[6.825s]       |                    [01;31m[K^~~~~~[m[K
[6.825s] [01m[K/home/mechax/zyb/radar_station/src/map_test/src/map_test.cpp:109:5:[m[K [01;31m[Kerror: [m[Kinvalid use of â€˜[01m[Kthis[m[Kâ€™ in non-member function
[6.825s]   109 |     [01;31m[Kthis[m[K->far_R.at<double>(2, 0) = msg.data[6];
[6.825s]       |     [01;31m[K^~~~[m[K
[6.825s] [01m[K/home/mechax/zyb/radar_station/src/map_test/src/map_test.cpp:109:20:[m[K [01;31m[Kerror: [m[Kexpected primary-expression before â€˜[01m[Kdouble[m[Kâ€™
[6.825s]   109 |     this->far_R.at<[01;31m[Kdouble[m[K>(2, 0) = msg.data[6];
[6.825s]       |                    [01;31m[K^~~~~~[m[K
[6.825s] [01m[K/home/mechax/zyb/radar_station/src/map_test/src/map_test.cpp:110:5:[m[K [01;31m[Kerror: [m[Kinvalid use of â€˜[01m[Kthis[m[Kâ€™ in non-member function
[6.825s]   110 |     [01;31m[Kthis[m[K->far_R.at<double>(2, 1) = msg.data[7];
[6.825s]       |     [01;31m[K^~~~[m[K
[6.825s] [01m[K/home/mechax/zyb/radar_station/src/map_test/src/map_test.cpp:110:20:[m[K [01;31m[Kerror: [m[Kexpected primary-expression before â€˜[01m[Kdouble[m[Kâ€™
[6.825s]   110 |     this->far_R.at<[01;31m[Kdouble[m[K>(2, 1) = msg.data[7];
[6.825s]       |                    [01;31m[K^~~~~~[m[K
[6.825s] [01m[K/home/mechax/zyb/radar_station/src/map_test/src/map_test.cpp:111:5:[m[K [01;31m[Kerror: [m[Kinvalid use of â€˜[01m[Kthis[m[Kâ€™ in non-member function
[6.825s]   111 |     [01;31m[Kthis[m[K->far_R.at<double>(2, 2) = msg.data[8];
[6.825s]       |     [01;31m[K^~~~[m[K
[6.825s] [01m[K/home/mechax/zyb/radar_station/src/map_test/src/map_test.cpp:111:20:[m[K [01;31m[Kerror: [m[Kexpected primary-expression before â€˜[01m[Kdouble[m[Kâ€™
[6.825s]   111 |     this->far_R.at<[01;31m[Kdouble[m[K>(2, 2) = msg.data[8];
[6.825s]       |                    [01;31m[K^~~~~~[m[K
[6.825s] [01m[K/home/mechax/zyb/radar_station/src/map_test/src/map_test.cpp:112:5:[m[K [01;31m[Kerror: [m[Kinvalid use of â€˜[01m[Kthis[m[Kâ€™ in non-member function
[6.825s]   112 |     [01;31m[Kthis[m[K->far_T.at<double>(0, 0) = msg.data[9];
[6.825s]       |     [01;31m[K^~~~[m[K
[6.826s] [01m[K/home/mechax/zyb/radar_station/src/map_test/src/map_test.cpp:112:20:[m[K [01;31m[Kerror: [m[Kexpected primary-expression before â€˜[01m[Kdouble[m[Kâ€™
[6.826s]   112 |     this->far_T.at<[01;31m[Kdouble[m[K>(0, 0) = msg.data[9];
[6.826s]       |                    [01;31m[K^~~~~~[m[K
[6.826s] [01m[K/home/mechax/zyb/radar_station/src/map_test/src/map_test.cpp:113:5:[m[K [01;31m[Kerror: [m[Kinvalid use of â€˜[01m[Kthis[m[Kâ€™ in non-member function
[6.826s]   113 |     [01;31m[Kthis[m[K->far_T.at<double>(1, 0) = msg.data[10];
[6.826s]       |     [01;31m[K^~~~[m[K
[6.826s] [01m[K/home/mechax/zyb/radar_station/src/map_test/src/map_test.cpp:113:20:[m[K [01;31m[Kerror: [m[Kexpected primary-expression before â€˜[01m[Kdouble[m[Kâ€™
[6.826s]   113 |     this->far_T.at<[01;31m[Kdouble[m[K>(1, 0) = msg.data[10];
[6.826s]       |                    [01;31m[K^~~~~~[m[K
[6.826s] [01m[K/home/mechax/zyb/radar_station/src/map_test/src/map_test.cpp:114:5:[m[K [01;31m[Kerror: [m[Kinvalid use of â€˜[01m[Kthis[m[Kâ€™ in non-member function
[6.826s]   114 |     [01;31m[Kthis[m[K->far_T.at<double>(2, 0) = msg.data[11];
[6.826s]       |     [01;31m[K^~~~[m[K
[6.826s] [01m[K/home/mechax/zyb/radar_station/src/map_test/src/map_test.cpp:114:20:[m[K [01;31m[Kerror: [m[Kexpected primary-expression before â€˜[01m[Kdouble[m[Kâ€™
[6.826s]   114 |     this->far_T.at<[01;31m[Kdouble[m[K>(2, 0) = msg.data[11];
[6.826s]       |                    [01;31m[K^~~~~~[m[K
[6.830s] [01m[K/home/mechax/zyb/radar_station/src/map_test/src/map_test.cpp:116:28:[m[K [01;31m[Kerror: [m[Kâ€˜[01m[Kfar_R[m[Kâ€™ was not declared in this scope
[6.830s]   116 |     cout << "æ—‹è½¬çŸ©é˜µ:" << [01;31m[Kfar_R[m[K << endl;
[6.830s]       |                            [01;31m[K^~~~~[m[K
[6.837s] [01m[K/home/mechax/zyb/radar_station/src/map_test/src/map_test.cpp:117:27:[m[K [01;31m[Kerror: [m[Kâ€˜[01m[Kfar_T[m[Kâ€™ was not declared in this scope
[6.837s]   117 |     cout << "å¹³ç§»çŸ©é˜µ" << [01;31m[Kfar_T[m[K << endl;
[6.837s]       |                           [01;31m[K^~~~~[m[K
[6.838s] [01m[K/home/mechax/zyb/radar_station/src/map_test/src/map_test.cpp:101:67:[m[K [01;35m[Kwarning: [m[Kunused parameter â€˜[01m[Kmsg[m[Kâ€™ [[01;35m[K]8;;https://gcc.gnu.org/onlinedocs/gcc/Warning-Options.html#index-Wunused-parameter-Wunused-parameter]8;;[m[K]
[6.838s]   101 | void MatTest::pnp_callback([01;35m[Kconst std_msgs::msg::Float32MultiArray msg[m[K)
[6.838s]       |                            [01;35m[K~~~~~~~~~~~~~~~~~~~~~~~~~~~~~~~~~~~~~~~^~~[m[K
[6.839s] [01m[K/home/mechax/zyb/radar_station/src/map_test/src/map_test.cpp:[m[K In member function â€˜[01m[Kvoid MapTest::draw_point_on_map()[m[Kâ€™:
[6.839s] [01m[K/home/mechax/zyb/radar_station/src/map_test/src/map_test.cpp:132:20:[m[K [01;35m[Kwarning: [m[Kcomparison of integer expressions of different signedness: â€˜[01m[Kint[m[Kâ€™ and â€˜[01m[Kstd::vector<map_point>::size_type[m[Kâ€™ {aka â€˜[01m[Klong unsigned int[m[Kâ€™} [[01;35m[K]8;;https://gcc.gnu.org/onlinedocs/gcc/Warning-Options.html#index-Wsign-compare-Wsign-compare]8;;[m[K]
[6.839s]   132 |     for(int i = 0;[01;35m[Ki<map_points.size()[m[K;i++)
[6.839s]       |                   [01;35m[K~^~~~~~~~~~~~~~~~~~[m[K
[6.841s] [01m[K/home/mechax/zyb/radar_station/src/map_test/src/map_test.cpp:[m[K In member function â€˜[01m[Kvoid MapTest::far_callback(my_msgss::msg::Distpoints)[m[Kâ€™:
[6.841s] [01m[K/home/mechax/zyb/radar_station/src/map_test/src/map_test.cpp:163:20:[m[K [01;35m[Kwarning: [m[Kcomparison of integer expressions of different signedness: â€˜[01m[Kint[m[Kâ€™ and â€˜[01m[Kstd::vector<my_msgss::msg::Distpoint_<std::allocator<void> >, std::allocator<my_msgss::msg::Distpoint_<std::allocator<void> > > >::size_type[m[Kâ€™ {aka â€˜[01m[Klong unsigned int[m[Kâ€™} [[01;35m[K]8;;https://gcc.gnu.org/onlinedocs/gcc/Warning-Options.html#index-Wsign-compare-Wsign-compare]8;;[m[K]
[6.841s]   163 |     for(int i =0 ;[01;35m[Ki<msg.data.size()[m[K;i++)
[6.841s]       |                   [01;35m[K~^~~~~~~~~~~~~~~~[m[K
[10.719s] gmake[2]: *** [CMakeFiles/map_test.dir/build.make:76: CMakeFiles/map_test.dir/src/map_test.cpp.o] Error 1
[10.720s] gmake[1]: *** [CMakeFiles/Makefile2:137: CMakeFiles/map_test.dir/all] Error 2
[10.720s] gmake: *** [Makefile:146: all] Error 2
