[ 50%] [32mBuilding CXX object CMakeFiles/get_depth_node.dir/src/get_depth_node.cpp.o[0m
In file included from [01m[K/home/mechax/AAAmy_ws/12.22/radar_station2022/get_depth/src/get_depth_node.cpp:4[m[K:
[01m[K/home/mechax/AAAmy_ws/12.22/radar_station2022/get_depth/include/get_depth_node.hpp:9:10:[m[K [01;31m[Kfatal error: [m[Kradar_msgs/dist_point.h: No such file or directory
    9 | #include [01;31m[K<radar_msgs/dist_point.h>[m[K
      |          [01;31m[K^~~~~~~~~~~~~~~~~~~~~~~~~[m[K
compilation terminated.
gmake[2]: *** [CMakeFiles/get_depth_node.dir/build.make:76: CMakeFiles/get_depth_node.dir/src/get_depth_node.cpp.o] Error 1
gmake[1]: *** [CMakeFiles/Makefile2:137: CMakeFiles/get_depth_node.dir/all] Error 2
gmake: *** [Makefile:146: all] Error 2
