WARNING: Package name "Img_Handle" does not follow the naming conventions. It should start with a lower case letter and only contain lower case letters, digits, underscores, and dashes.
[01m[K/home/mechax/zyb/radar_station/src/Img_Handle/src/main.cpp:[m[K In function â€˜[01m[Kint main(int, char**)[m[Kâ€™:
[01m[K/home/mechax/zyb/radar_station/src/Img_Handle/src/main.cpp:31:23:[m[K [01;35m[Kwarning: [m[Kcomparison of integer expressions of different signedness: â€˜[01m[Kint[m[Kâ€™ and â€˜[01m[Kstd::vector<std::__cxx11::basic_string<char> >::size_type[m[Kâ€™ {aka â€˜[01m[Klong unsigned int[m[Kâ€™} [[01;35m[K]8;;https://gcc.gnu.org/onlinedocs/gcc/Warning-Options.html#index-Wsign-compare-Wsign-compare]8;;[m[K]
   31 |     for (int i = 0; [01;35m[Ki < imageNames.size()[m[K; ++i)
      |                     [01;35m[K~~^~~~~~~~~~~~~~~~~~~[m[K
[01m[K/home/mechax/zyb/radar_station/src/Img_Handle/src/main.cpp:12:14:[m[K [01;35m[Kwarning: [m[Kunused parameter â€˜[01m[Kargc[m[Kâ€™ [[01;35m[K]8;;https://gcc.gnu.org/onlinedocs/gcc/Warning-Options.html#index-Wunused-parameter-Wunused-parameter]8;;[m[K]
   12 | int main([01;35m[Kint argc[m[K, char **argv)
      |          [01;35m[K~~~~^~~~[m[K
[01m[K/home/mechax/zyb/radar_station/src/Img_Handle/src/main.cpp:12:27:[m[K [01;35m[Kwarning: [m[Kunused parameter â€˜[01m[Kargv[m[Kâ€™ [[01;35m[K]8;;https://gcc.gnu.org/onlinedocs/gcc/Warning-Options.html#index-Wunused-parameter-Wunused-parameter]8;;[m[K]
   12 | int main(int argc, [01;35m[Kchar **argv[m[K)
      |                    [01;35m[K~~~~~~~^~~~[m[K
[01m[K/home/mechax/zyb/radar_station/src/Img_Handle/src/img_sub.cpp:[m[K In member function â€˜[01m[Kvoid Img_Sub::yolo_identify()[m[Kâ€™:
[01m[K/home/mechax/zyb/radar_station/src/Img_Handle/src/img_sub.cpp:54:41:[m[K [01;31m[Kerror: [m[Kâ€˜[01m[Kinf_robot[m[Kâ€™ was not declared in this scope
   54 |         std::vector<Detection> output = [01;31m[Kinf_robot[m[K.runInference(this->sub_img);
      |                                         [01;31m[K^~~~~~~~~[m[K
[01m[K/home/mechax/zyb/radar_station/src/Img_Handle/src/img_sub.cpp:61:20:[m[K [01;31m[Kerror: [m[Kâ€˜[01m[Kframe[m[Kâ€™ was not declared in this scope
   61 |         cv::resize([01;31m[Kframe[m[K, frame, cv::Size(thia->sub_img.cols, this->sub_img.rows));
      |                    [01;31m[K^~~~~[m[K
[01m[K/home/mechax/zyb/radar_station/src/Img_Handle/src/img_sub.cpp:61:43:[m[K [01;31m[Kerror: [m[Kâ€˜[01m[Kthia[m[Kâ€™ was not declared in this scope; did you mean â€˜[01m[Kthis[m[Kâ€™?
   61 |         cv::resize(frame, frame, cv::Size([01;31m[Kthia[m[K->sub_img.cols, this->sub_img.rows));
      |                                           [01;31m[K^~~~[m[K
      |                                           [32m[Kthis[m[K
gmake[2]: *** [CMakeFiles/Img_Sub.dir/build.make:76: CMakeFiles/Img_Sub.dir/src/img_sub.cpp.o] Error 1
gmake[1]: *** [CMakeFiles/Makefile2:167: CMakeFiles/Img_Sub.dir/all] Error 2
gmake: *** [Makefile:146: all] Error 2
