[0.030s] Invoking command in '/home/mechax/zyb/radar_station/src/Img_Handle/build/Img_Handle': CMAKE_PREFIX_PATH=${CMAKE_PREFIX_PATH}:/opt/ros/humble /usr/bin/cmake --build /home/mechax/zyb/radar_station/src/Img_Handle/build/Img_Handle -- -j16 -l16
[0.044s] -- Found ament_cmake: 1.3.6 (/opt/ros/humble/share/ament_cmake/cmake)
[0.123s] -- Found rclcpp: 16.0.7 (/opt/ros/humble/share/rclcpp/cmake)
[0.141s] -- Found rosidl_generator_c: 3.1.5 (/opt/ros/humble/share/rosidl_generator_c/cmake)
[0.142s] -- Found rosidl_adapter: 3.1.5 (/opt/ros/humble/share/rosidl_adapter/cmake)
[0.146s] -- Found rosidl_generator_cpp: 3.1.5 (/opt/ros/humble/share/rosidl_generator_cpp/cmake)
[0.152s] -- Using all available rosidl_typesupport_c: rosidl_typesupport_fastrtps_c;rosidl_typesupport_introspection_c
[0.161s] -- Using all available rosidl_typesupport_cpp: rosidl_typesupport_fastrtps_cpp;rosidl_typesupport_introspection_cpp
[0.193s] -- Found rmw_implementation_cmake: 6.1.1 (/opt/ros/humble/share/rmw_implementation_cmake/cmake)
[0.194s] -- Found rmw_fastrtps_cpp: 6.2.5 (/opt/ros/humble/share/rmw_fastrtps_cpp/cmake)
[0.265s] -- Using RMW implementation 'rmw_fastrtps_cpp' as default
[0.356s] -- Found sensor_msgs: 4.2.3 (/opt/ros/humble/share/sensor_msgs/cmake)
[0.430s] -- Found cv_bridge: 3.2.1 (/opt/ros/humble/share/cv_bridge/cmake)
[0.434s] -- Found ament_lint_auto: 0.12.9 (/opt/ros/humble/share/ament_lint_auto/cmake)
[0.465s] WARNING: Package name "Img_Handle" does not follow the naming conventions. It should start with a lower case letter and only contain lower case letters, digits, underscores, and dashes.
[0.479s] -- Added test 'cppcheck' to perform static code analysis on C / C++ code
[0.479s] -- Configured cppcheck include dirs: /home/mechax/zyb/radar_station/src/Img_Handle/include
[0.479s] -- Configured cppcheck exclude dirs and/or files: 
[0.480s] -- Added test 'flake8' to check Python code syntax and style conventions
[0.481s] -- Added test 'lint_cmake' to check CMake code style
[0.482s] -- Added test 'pep257' to check Python code against some of the docstring style conventions in PEP 257
[0.487s] -- Added test 'uncrustify' to check C / C++ code style
[0.487s] -- Configured uncrustify additional arguments: 
[0.488s] -- Added test 'xmllint' to check XML markup files
[0.488s] -- Configuring done
[0.498s] -- Generating done
[0.499s] -- Build files have been written to: /home/mechax/zyb/radar_station/src/Img_Handle/build/Img_Handle
[0.517s] [35m[1mConsolidate compiler generated dependencies of target Img_Pub[0m
[0.517s] [35m[1mConsolidate compiler generated dependencies of target Img_Sub[0m
[0.523s] [ 12%] [32mBuilding CXX object CMakeFiles/main.dir/src/main.cpp.o[0m
[0.525s] [ 25%] [32mBuilding CXX object CMakeFiles/main.dir/src/inference.cpp.o[0m
[0.530s] [ 37%] [32mBuilding CXX object CMakeFiles/Img_Sub.dir/src/img_sub.cpp.o[0m
[0.531s] [ 62%] Built target Img_Pub
[0.532s] [ 75%] [32mBuilding CXX object CMakeFiles/Img_Sub.dir/src/inference.cpp.o[0m
[1.472s] [01m[K/home/mechax/zyb/radar_station/src/Img_Handle/src/main.cpp:[m[K In function â€˜[01m[Kint main(int, char**)[m[Kâ€™:
[1.472s] [01m[K/home/mechax/zyb/radar_station/src/Img_Handle/src/main.cpp:31:23:[m[K [01;35m[Kwarning: [m[Kcomparison of integer expressions of different signedness: â€˜[01m[Kint[m[Kâ€™ and â€˜[01m[Kstd::vector<std::__cxx11::basic_string<char> >::size_type[m[Kâ€™ {aka â€˜[01m[Klong unsigned int[m[Kâ€™} [[01;35m[K]8;;https://gcc.gnu.org/onlinedocs/gcc/Warning-Options.html#index-Wsign-compare-Wsign-compare]8;;[m[K]
[1.472s]    31 |     for (int i = 0; [01;35m[Ki < imageNames.size()[m[K; ++i)
[1.472s]       |                     [01;35m[K~~^~~~~~~~~~~~~~~~~~~[m[K
[1.475s] [01m[K/home/mechax/zyb/radar_station/src/Img_Handle/src/main.cpp:12:14:[m[K [01;35m[Kwarning: [m[Kunused parameter â€˜[01m[Kargc[m[Kâ€™ [[01;35m[K]8;;https://gcc.gnu.org/onlinedocs/gcc/Warning-Options.html#index-Wunused-parameter-Wunused-parameter]8;;[m[K]
[1.475s]    12 | int main([01;35m[Kint argc[m[K, char **argv)
[1.475s]       |          [01;35m[K~~~~^~~~[m[K
[1.475s] [01m[K/home/mechax/zyb/radar_station/src/Img_Handle/src/main.cpp:12:27:[m[K [01;35m[Kwarning: [m[Kunused parameter â€˜[01m[Kargv[m[Kâ€™ [[01;35m[K]8;;https://gcc.gnu.org/onlinedocs/gcc/Warning-Options.html#index-Wunused-parameter-Wunused-parameter]8;;[m[K]
[1.475s]    12 | int main(int argc, [01;35m[Kchar **argv[m[K)
[1.475s]       |                    [01;35m[K~~~~~~~^~~~[m[K
[1.932s] [ 87%] [32m[1mLinking CXX executable main[0m
[2.064s] [ 87%] Built target main
[2.670s] [01m[K/home/mechax/zyb/radar_station/src/Img_Handle/src/img_sub.cpp:[m[K In member function â€˜[01m[Kvoid Img_Sub::yolo_identify()[m[Kâ€™:
[2.671s] [01m[K/home/mechax/zyb/radar_station/src/Img_Handle/src/img_sub.cpp:54:41:[m[K [01;31m[Kerror: [m[Kâ€˜[01m[Kinf_robot[m[Kâ€™ was not declared in this scope
[2.671s]    54 |         std::vector<Detection> output = [01;31m[Kinf_robot[m[K.runInference(this->sub_img);
[2.671s]       |                                         [01;31m[K^~~~~~~~~[m[K
[2.675s] [01m[K/home/mechax/zyb/radar_station/src/Img_Handle/src/img_sub.cpp:61:20:[m[K [01;31m[Kerror: [m[Kâ€˜[01m[Kframe[m[Kâ€™ was not declared in this scope
[2.675s]    61 |         cv::resize([01;31m[Kframe[m[K, frame, cv::Size(thia->sub_img.cols, this->sub_img.rows));
[2.675s]       |                    [01;31m[K^~~~~[m[K
[2.678s] [01m[K/home/mechax/zyb/radar_station/src/Img_Handle/src/img_sub.cpp:61:43:[m[K [01;31m[Kerror: [m[Kâ€˜[01m[Kthia[m[Kâ€™ was not declared in this scope; did you mean â€˜[01m[Kthis[m[Kâ€™?
[2.678s]    61 |         cv::resize(frame, frame, cv::Size([01;31m[Kthia[m[K->sub_img.cols, this->sub_img.rows));
[2.678s]       |                                           [01;31m[K^~~~[m[K
[2.678s]       |                                           [32m[Kthis[m[K
[4.327s] gmake[2]: *** [CMakeFiles/Img_Sub.dir/build.make:76: CMakeFiles/Img_Sub.dir/src/img_sub.cpp.o] Error 1
[4.328s] gmake[1]: *** [CMakeFiles/Makefile2:167: CMakeFiles/Img_Sub.dir/all] Error 2
[4.328s] gmake: *** [Makefile:146: all] Error 2
[4.330s] Invoked command in '/home/mechax/zyb/radar_station/src/Img_Handle/build/Img_Handle' returned '2': CMAKE_PREFIX_PATH=${CMAKE_PREFIX_PATH}:/opt/ros/humble /usr/bin/cmake --build /home/mechax/zyb/radar_station/src/Img_Handle/build/Img_Handle -- -j16 -l16
