[35m[1mConsolidate compiler generated dependencies of target Img_Sub[0m
[35m[1mConsolidate compiler generated dependencies of target main[0m
[35m[1mConsolidate compiler generated dependencies of target Img_Pub[0m
[ 12%] [32mBuilding CXX object CMakeFiles/Img_Sub.dir/src/img_sub.cpp.o[0m
[ 50%] Built target main
[ 75%] Built target Img_Pub
In file included from [01m[K/home/mechax/zyb/radar_station/src/Img_Handle/src/img_sub.cpp:1[m[K:
[01m[K/home/mechax/zyb/radar_station/src/Img_Handle/include/img_sub.hpp:43:13:[m[K [01;31m[Kerror: [m[Kâ€˜[01m[Kpublisher[m[Kâ€™ in namespace â€˜[01m[Krclcpp[m[Kâ€™ does not name a template type; did you mean â€˜[01m[KPublisher[m[Kâ€™?
   43 |     rclcpp::[01;31m[Kpublisher[m[K<my_msgss::msg::Yolopoint>::SharedPtr yolopoint_pub_;
      |             [01;31m[K^~~~~~~~~[m[K
      |             [32m[KPublisher[m[K
[01m[K/home/mechax/zyb/radar_station/src/Img_Handle/include/img_sub.hpp:44:13:[m[K [01;31m[Kerror: [m[Kâ€˜[01m[Kpublisher[m[Kâ€™ in namespace â€˜[01m[Krclcpp[m[Kâ€™ does not name a template type; did you mean â€˜[01m[KPublisher[m[Kâ€™?
   44 |     rclcpp::[01;31m[Kpublisher[m[K<my_msgss::msg::Yolopoints>::SharedPtr yolopoints_pub_;
      |             [01;31m[K^~~~~~~~~[m[K
      |             [32m[KPublisher[m[K
[01m[K/home/mechax/zyb/radar_station/src/Img_Handle/src/img_sub.cpp:[m[K In constructor â€˜[01m[KImg_Sub::Img_Sub()[m[Kâ€™:
[01m[K/home/mechax/zyb/radar_station/src/Img_Handle/src/img_sub.cpp:6:4:[m[K [01;31m[Kerror: [m[Kâ€˜[01m[Kyolopoint_pub_[m[Kâ€™ was not declared in this scope
    6 |    [01;31m[Kyolopoint_pub_[m[K = this->create_publisher<my_msgss::msg::Yolopoint>("/img/yolopoint",1);
      |    [01;31m[K^~~~~~~~~~~~~~[m[K
[01m[K/home/mechax/zyb/radar_station/src/Img_Handle/src/img_sub.cpp:7:4:[m[K [01;31m[Kerror: [m[Kâ€˜[01m[Kyolopoints_pub_[m[Kâ€™ was not declared in this scope
    7 |    [01;31m[Kyolopoints_pub_[m[K = this->create_publisher<my_msgss::msg::Yolopoints>("/img/yolopoints",1);
      |    [01;31m[K^~~~~~~~~~~~~~~[m[K
[01m[K/home/mechax/zyb/radar_station/src/Img_Handle/src/img_sub.cpp:[m[K At global scope:
[01m[K/home/mechax/zyb/radar_station/src/Img_Handle/src/img_sub.cpp:93:6:[m[K [01;31m[Kerror: [m[Kâ€˜[01m[KImg_Pub[m[Kâ€™ has not been declared
   93 | void [01;31m[KImg_Pub[m[K::yolo_armor_indentify()
      |      [01;31m[K^~~~~~~[m[K
[01m[K/home/mechax/zyb/radar_station/src/Img_Handle/src/img_sub.cpp:[m[K In function â€˜[01m[Kvoid yolo_armor_indentify()[m[Kâ€™:
[01m[K/home/mechax/zyb/radar_station/src/Img_Handle/src/img_sub.cpp:95:24:[m[K [01;31m[Kerror: [m[Kinvalid use of â€˜[01m[Kthis[m[Kâ€™ in non-member function
   95 |     for(int i = 0; i < [01;31m[Kthis[m[K->robot_output.size(); i++)
      |                        [01;31m[K^~~~[m[K
[01m[K/home/mechax/zyb/radar_station/src/Img_Handle/src/img_sub.cpp:97:31:[m[K [01;31m[Kerror: [m[Kâ€˜[01m[Koutput[m[Kâ€™ was not declared in this scope
   97 |         Detection detection = [01;31m[Koutput[m[K[i];
      |                               [01;31m[K^~~~~~[m[K
[01m[K/home/mechax/zyb/radar_station/src/Img_Handle/src/img_sub.cpp:100:25:[m[K [01;31m[Kerror: [m[Kinvalid use of â€˜[01m[Kthis[m[Kâ€™ in non-member function
  100 |         Mat armor_img = [01;31m[Kthis[m[K->sub_img(box);
      |                         [01;31m[K^~~~[m[K
[01m[K/home/mechax/zyb/radar_station/src/Img_Handle/src/img_sub.cpp:101:42:[m[K [01;31m[Kerror: [m[Kinvalid use of â€˜[01m[Kthis[m[Kâ€™ in non-member function
  101 |         vector<Detection> armor_output = [01;31m[Kthis[m[K->inf_armor.runInference(armor_img);
      |                                          [01;31m[K^~~~[m[K
gmake[2]: *** [CMakeFiles/Img_Sub.dir/build.make:76: CMakeFiles/Img_Sub.dir/src/img_sub.cpp.o] Error 1
gmake[1]: *** [CMakeFiles/Makefile2:167: CMakeFiles/Img_Sub.dir/all] Error 2
gmake: *** [Makefile:146: all] Error 2
