[0.037s] Invoking command in '/home/mechax/zyb/radar_station/build/Img_Handle': AMENT_PREFIX_PATH=/home/mechax/zyb/radar_station/install/my_msgss:${AMENT_PREFIX_PATH} CMAKE_PREFIX_PATH=/home/mechax/zyb/radar_station/install/my_msgss:/home/mechax/zyb/radar_station/src/Img_Handle/install/Img_Handle:/home/mechax/ws_livox/install/livox_ros2_driver:/home/mechax/ws_livox/install/livox_sdk_vendor:/home/mechax/ws_livox/install/livox_interfaces:/opt/ros/humble LD_LIBRARY_PATH=/home/mechax/zyb/radar_station/install/my_msgss/lib:${LD_LIBRARY_PATH} PYTHONPATH=/home/mechax/zyb/radar_station/install/my_msgss/local/lib/python3.10/dist-packages:${PYTHONPATH} /usr/bin/cmake --build /home/mechax/zyb/radar_station/build/Img_Handle -- -j16 -l16
[0.062s] [35m[1mConsolidate compiler generated dependencies of target Img_Sub[0m
[0.062s] [35m[1mConsolidate compiler generated dependencies of target main[0m
[0.062s] [35m[1mConsolidate compiler generated dependencies of target Img_Pub[0m
[0.070s] [ 12%] [32mBuilding CXX object CMakeFiles/Img_Sub.dir/src/img_sub.cpp.o[0m
[0.070s] [ 50%] Built target main
[0.071s] [ 75%] Built target Img_Pub
[1.807s] In file included from [01m[K/home/mechax/zyb/radar_station/src/Img_Handle/src/img_sub.cpp:1[m[K:
[1.807s] [01m[K/home/mechax/zyb/radar_station/src/Img_Handle/include/img_sub.hpp:43:13:[m[K [01;31m[Kerror: [m[Kâ€˜[01m[Kpublisher[m[Kâ€™ in namespace â€˜[01m[Krclcpp[m[Kâ€™ does not name a template type; did you mean â€˜[01m[KPublisher[m[Kâ€™?
[1.807s]    43 |     rclcpp::[01;31m[Kpublisher[m[K<my_msgss::msg::Yolopoint>::SharedPtr yolopoint_pub_;
[1.807s]       |             [01;31m[K^~~~~~~~~[m[K
[1.807s]       |             [32m[KPublisher[m[K
[1.807s] [01m[K/home/mechax/zyb/radar_station/src/Img_Handle/include/img_sub.hpp:44:13:[m[K [01;31m[Kerror: [m[Kâ€˜[01m[Kpublisher[m[Kâ€™ in namespace â€˜[01m[Krclcpp[m[Kâ€™ does not name a template type; did you mean â€˜[01m[KPublisher[m[Kâ€™?
[1.807s]    44 |     rclcpp::[01;31m[Kpublisher[m[K<my_msgss::msg::Yolopoints>::SharedPtr yolopoints_pub_;
[1.807s]       |             [01;31m[K^~~~~~~~~[m[K
[1.808s]       |             [32m[KPublisher[m[K
[1.820s] [01m[K/home/mechax/zyb/radar_station/src/Img_Handle/src/img_sub.cpp:[m[K In constructor â€˜[01m[KImg_Sub::Img_Sub()[m[Kâ€™:
[1.820s] [01m[K/home/mechax/zyb/radar_station/src/Img_Handle/src/img_sub.cpp:6:4:[m[K [01;31m[Kerror: [m[Kâ€˜[01m[Kyolopoint_pub_[m[Kâ€™ was not declared in this scope
[1.820s]     6 |    [01;31m[Kyolopoint_pub_[m[K = this->create_publisher<my_msgss::msg::Yolopoint>("/img/yolopoint",1);
[1.820s]       |    [01;31m[K^~~~~~~~~~~~~~[m[K
[1.829s] [01m[K/home/mechax/zyb/radar_station/src/Img_Handle/src/img_sub.cpp:7:4:[m[K [01;31m[Kerror: [m[Kâ€˜[01m[Kyolopoints_pub_[m[Kâ€™ was not declared in this scope
[1.829s]     7 |    [01;31m[Kyolopoints_pub_[m[K = this->create_publisher<my_msgss::msg::Yolopoints>("/img/yolopoints",1);
[1.829s]       |    [01;31m[K^~~~~~~~~~~~~~~[m[K
[1.838s] [01m[K/home/mechax/zyb/radar_station/src/Img_Handle/src/img_sub.cpp:[m[K At global scope:
[1.838s] [01m[K/home/mechax/zyb/radar_station/src/Img_Handle/src/img_sub.cpp:93:6:[m[K [01;31m[Kerror: [m[Kâ€˜[01m[KImg_Pub[m[Kâ€™ has not been declared
[1.838s]    93 | void [01;31m[KImg_Pub[m[K::yolo_armor_indentify()
[1.838s]       |      [01;31m[K^~~~~~~[m[K
[1.838s] [01m[K/home/mechax/zyb/radar_station/src/Img_Handle/src/img_sub.cpp:[m[K In function â€˜[01m[Kvoid yolo_armor_indentify()[m[Kâ€™:
[1.838s] [01m[K/home/mechax/zyb/radar_station/src/Img_Handle/src/img_sub.cpp:95:24:[m[K [01;31m[Kerror: [m[Kinvalid use of â€˜[01m[Kthis[m[Kâ€™ in non-member function
[1.838s]    95 |     for(int i = 0; i < [01;31m[Kthis[m[K->robot_output.size(); i++)
[1.838s]       |                        [01;31m[K^~~~[m[K
[1.841s] [01m[K/home/mechax/zyb/radar_station/src/Img_Handle/src/img_sub.cpp:97:31:[m[K [01;31m[Kerror: [m[Kâ€˜[01m[Koutput[m[Kâ€™ was not declared in this scope
[1.841s]    97 |         Detection detection = [01;31m[Koutput[m[K[i];
[1.841s]       |                               [01;31m[K^~~~~~[m[K
[1.842s] [01m[K/home/mechax/zyb/radar_station/src/Img_Handle/src/img_sub.cpp:100:25:[m[K [01;31m[Kerror: [m[Kinvalid use of â€˜[01m[Kthis[m[Kâ€™ in non-member function
[1.842s]   100 |         Mat armor_img = [01;31m[Kthis[m[K->sub_img(box);
[1.842s]       |                         [01;31m[K^~~~[m[K
[1.842s] [01m[K/home/mechax/zyb/radar_station/src/Img_Handle/src/img_sub.cpp:101:42:[m[K [01;31m[Kerror: [m[Kinvalid use of â€˜[01m[Kthis[m[Kâ€™ in non-member function
[1.842s]   101 |         vector<Detection> armor_output = [01;31m[Kthis[m[K->inf_armor.runInference(armor_img);
[1.842s]       |                                          [01;31m[K^~~~[m[K
[3.447s] gmake[2]: *** [CMakeFiles/Img_Sub.dir/build.make:76: CMakeFiles/Img_Sub.dir/src/img_sub.cpp.o] Error 1
[3.447s] gmake[1]: *** [CMakeFiles/Makefile2:167: CMakeFiles/Img_Sub.dir/all] Error 2
[3.447s] gmake: *** [Makefile:146: all] Error 2
[3.449s] Invoked command in '/home/mechax/zyb/radar_station/build/Img_Handle' returned '2': AMENT_PREFIX_PATH=/home/mechax/zyb/radar_station/install/my_msgss:${AMENT_PREFIX_PATH} CMAKE_PREFIX_PATH=/home/mechax/zyb/radar_station/install/my_msgss:/home/mechax/zyb/radar_station/src/Img_Handle/install/Img_Handle:/home/mechax/ws_livox/install/livox_ros2_driver:/home/mechax/ws_livox/install/livox_sdk_vendor:/home/mechax/ws_livox/install/livox_interfaces:/opt/ros/humble LD_LIBRARY_PATH=/home/mechax/zyb/radar_station/install/my_msgss/lib:${LD_LIBRARY_PATH} PYTHONPATH=/home/mechax/zyb/radar_station/install/my_msgss/local/lib/python3.10/dist-packages:${PYTHONPATH} /usr/bin/cmake --build /home/mechax/zyb/radar_station/build/Img_Handle -- -j16 -l16
