[0.119s] Invoking command in '/home/mechax/zyb/radar_station/build/Qt5_displayer': CMAKE_PREFIX_PATH=${CMAKE_PREFIX_PATH}:/opt/ros/humble /usr/bin/cmake --build /home/mechax/zyb/radar_station/build/Qt5_displayer -- -j16 -l16
[0.151s] [ 12%] [34m[1mAutomatic MOC and UIC for target Qt5_displayer[0m
[0.432s] [ 12%] Built target Qt5_displayer_autogen
[0.452s] [ 37%] [32mBuilding CXX object CMakeFiles/Qt5_displayer.dir/src/main.cpp.o[0m
[0.452s] [ 37%] [32mBuilding CXX object CMakeFiles/Qt5_displayer.dir/Qt5_displayer_autogen/mocs_compilation.cpp.o[0m
[0.453s] [ 50%] [32mBuilding CXX object CMakeFiles/Qt5_displayer.dir/src/qtnode.cpp.o[0m
[0.455s] [ 62%] [32mBuilding CXX object CMakeFiles/Qt5_displayer.dir/src/radarstation.cpp.o[0m
[3.183s] [01m[K/home/mechax/zyb/radar_station/src/Qt5_displayer/src/qtnode.cpp:[m[K In constructor â€˜[01m[KqtNode::qtNode()[m[Kâ€™:
[3.183s] [01m[K/home/mechax/zyb/radar_station/src/Qt5_displayer/src/qtnode.cpp:3:42:[m[K [01;31m[Kerror: [m[Kâ€˜[01m[Kfasle[m[Kâ€™ was not declared in this scope
[3.183s]     3 | qtNode::qtNode() : Node("qtNode"), exit_([01;31m[Kfasle[m[K)
[3.183s]       |                                          [01;31m[K^~~~~[m[K
[5.229s] gmake[2]: *** [CMakeFiles/Qt5_displayer.dir/build.make:118: CMakeFiles/Qt5_displayer.dir/src/qtnode.cpp.o] Error 1
[5.229s] gmake[2]: *** Waiting for unfinished jobs....
[5.394s] gmake[1]: *** [CMakeFiles/Makefile2:138: CMakeFiles/Qt5_displayer.dir/all] Error 2
[5.394s] gmake: *** [Makefile:146: all] Error 2
