[35m[1mConsolidate compiler generated dependencies of target Get_Img[0m
[ 33%] [32mBuilding CXX object CMakeFiles/Get_Img.dir/src/get_img.cpp.o[0m
In file included from [01m[K/home/mechax/zyb/radar_station/src/Get_Camera_Img/src/get_img.cpp:1[m[K:
[01m[K/home/mechax/zyb/radar_station/src/Get_Camera_Img/include/get_img.hpp:60:59:[m[K [01;31m[Kerror: [m[Kredeclaration of â€˜[01m[Krclcpp::Publisher<sensor_msgs::msg::Image_<std::allocator<void> > >::SharedPtr GetImg::img_pub_[m[Kâ€™
   60 |     rclcpp::Publisher<sensor_msgs::msg::Image>::SharedPtr [01;31m[Kimg_pub_[m[K;
      |                                                           [01;31m[K^~~~~~~~[m[K
[01m[K/home/mechax/zyb/radar_station/src/Get_Camera_Img/include/get_img.hpp:40:59:[m[K [01;36m[Knote: [m[Kprevious declaration â€˜[01m[Krclcpp::Publisher<sensor_msgs::msg::Image_<std::allocator<void> > >::SharedPtr GetImg::img_pub_[m[Kâ€™
   40 |     rclcpp::Publisher<sensor_msgs::msg::Image>::SharedPtr [01;36m[Kimg_pub_[m[K;
      |                                                           [01;36m[K^~~~~~~~[m[K
gmake[2]: *** [CMakeFiles/Get_Img.dir/build.make:76: CMakeFiles/Get_Img.dir/src/get_img.cpp.o] Error 1
gmake[1]: *** [CMakeFiles/Makefile2:137: CMakeFiles/Get_Img.dir/all] Error 2
gmake: *** [Makefile:146: all] Error 2
