[35m[1mConsolidate compiler generated dependencies of target Get_Img[0m
[ 50%] [32mBuilding CXX object CMakeFiles/Get_Img.dir/src/get_img.cpp.o[0m
[01m[K/home/mechax/zyb/radar_station/src/Get_Camera_Img/src/get_img.cpp:[m[K In member function â€˜[01m[Kvoid GetImg::camera_init()[m[Kâ€™:
[01m[K/home/mechax/zyb/radar_station/src/Get_Camera_Img/src/get_img.cpp:69:5:[m[K [01;31m[Kerror: [m[Kâ€˜[01m[KMVCamera[m[Kâ€™ was not declared in this scope; did you mean â€˜[01m[Kg_hCamera[m[Kâ€™?
   69 |     [01;31m[KMVCamera[m[K *mv_driver = new MVCamera;
      |     [01;31m[K^~~~~~~~[m[K
      |     [32m[Kg_hCamera[m[K
[01m[K/home/mechax/zyb/radar_station/src/Get_Camera_Img/src/get_img.cpp:69:15:[m[K [01;31m[Kerror: [m[Kâ€˜[01m[Kmv_driver[m[Kâ€™ was not declared in this scope
   69 |     MVCamera *[01;31m[Kmv_driver[m[K = new MVCamera;
      |               [01;31m[K^~~~~~~~~[m[K
[01m[K/home/mechax/zyb/radar_station/src/Get_Camera_Img/src/get_img.cpp:69:31:[m[K [01;31m[Kerror: [m[Kâ€˜[01m[KMVCamera[m[Kâ€™ does not name a type
   69 |     MVCamera *mv_driver = new [01;31m[KMVCamera[m[K;
      |                               [01;31m[K^~~~~~~~[m[K
[01m[K/home/mechax/zyb/radar_station/src/Get_Camera_Img/src/get_img.cpp:[m[K In member function â€˜[01m[Kvoid GetImg::get_exp(const Int16&)[m[Kâ€™:
[01m[K/home/mechax/zyb/radar_station/src/Get_Camera_Img/src/get_img.cpp:122:9:[m[K [01;31m[Kerror: [m[Kâ€˜[01m[Kmv_driver[m[Kâ€™ was not declared in this scope
  122 |         [01;31m[Kmv_driver[m[K->SetExposureTime(autoexposure_, exposure_);
      |         [01;31m[K^~~~~~~~~[m[K
[01m[K/home/mechax/zyb/radar_station/src/Get_Camera_Img/src/get_img.cpp:[m[K In member function â€˜[01m[Kvoid GetImg::get_is_large(const Bool&)[m[Kâ€™:
[01m[K/home/mechax/zyb/radar_station/src/Get_Camera_Img/src/get_img.cpp:133:9:[m[K [01;31m[Kerror: [m[Kâ€˜[01m[Kmv_driver[m[Kâ€™ was not declared in this scope
  133 |         [01;31m[Kmv_driver[m[K->SetExposureTime(0, 3000);
      |         [01;31m[K^~~~~~~~~[m[K
[01m[K/home/mechax/zyb/radar_station/src/Get_Camera_Img/src/get_img.cpp:135:9:[m[K [01;31m[Kerror: [m[Kâ€˜[01m[Kmv_driver[m[Kâ€™ was not declared in this scope
  135 |         [01;31m[Kmv_driver[m[K->SetExposureTime(0, 1500);
      |         [01;31m[K^~~~~~~~~[m[K
gmake[2]: *** [CMakeFiles/Get_Img.dir/build.make:76: CMakeFiles/Get_Img.dir/src/get_img.cpp.o] Error 1
gmake[1]: *** [CMakeFiles/Makefile2:137: CMakeFiles/Get_Img.dir/all] Error 2
gmake: *** [Makefile:146: all] Error 2
