[0.031s] Invoking command in '/home/mechax/zyb/radar_station/src/Get_Camera_Img/build/Get_Camera_Img': CMAKE_PREFIX_PATH=${CMAKE_PREFIX_PATH}:/opt/ros/humble /usr/bin/cmake --build /home/mechax/zyb/radar_station/src/Get_Camera_Img/build/Get_Camera_Img -- -j16 -l16
[0.057s] [35m[1mConsolidate compiler generated dependencies of target Get_Img[0m
[0.068s] [ 50%] [32mBuilding CXX object CMakeFiles/Get_Img.dir/src/get_img.cpp.o[0m
[1.925s] In file included from [01m[K/home/mechax/zyb/radar_station/src/Get_Camera_Img/src/get_img.cpp:1[m[K:
[1.925s] [01m[K/home/mechax/zyb/radar_station/src/Get_Camera_Img/include/get_img.hpp:13:5:[m[K [01;31m[Kerror: [m[Kâ€˜[01m[Kstring[m[Kâ€™ does not name a type; did you mean â€˜[01m[Kstdin[m[Kâ€™?
[1.925s]    13 |     [01;31m[Kstring[m[K mat_type2encoding(int mat_type);
[1.925s]       |     [01;31m[K^~~~~~[m[K
[1.925s]       |     [32m[Kstdin[m[K
[1.926s] [01m[K/home/mechax/zyb/radar_station/src/Get_Camera_Img/include/get_img.hpp:17:5:[m[K [01;31m[Kerror: [m[Kâ€˜[01m[KMat[m[Kâ€™ does not name a type
[1.926s]    17 |     [01;31m[KMat[m[K img_;
[1.926s]       |     [01;31m[K^~~[m[K
[1.939s] [01m[K/home/mechax/zyb/radar_station/src/Get_Camera_Img/src/get_img.cpp:23:1:[m[K [01;31m[Kerror: [m[Kâ€˜[01m[Kstring[m[Kâ€™ does not name a type; did you mean â€˜[01m[Kstdin[m[Kâ€™?
[1.939s]    23 | [01;31m[Kstring[m[K Img_Pub::mat_type23encoding(int mat_type)
[1.939s]       | [01;31m[K^~~~~~[m[K
[1.939s]       | [32m[Kstdin[m[K
[1.946s] [01m[K/home/mechax/zyb/radar_station/src/Get_Camera_Img/src/get_img.cpp:[m[K In member function â€˜[01m[Kvoid GetImg::timer_callback()[m[Kâ€™:
[1.946s] [01m[K/home/mechax/zyb/radar_station/src/Get_Camera_Img/src/get_img.cpp:44:26:[m[K [01;31m[Kerror: [m[Kâ€˜[01m[Kh_camera_[m[Kâ€™ was not declared in this scope
[1.946s]    44 |     CameraGetImageBuffer([01;31m[Kh_camera_[m[K, &sFrameInfo_, &pbyBuffer_, 1000);
[1.946s]       |                          [01;31m[K^~~~~~~~~[m[K
[1.951s] [01m[K/home/mechax/zyb/radar_station/src/Get_Camera_Img/src/get_img.cpp:44:38:[m[K [01;31m[Kerror: [m[Kâ€˜[01m[KsFrameInfo_[m[Kâ€™ was not declared in this scope
[1.951s]    44 |     CameraGetImageBuffer(h_camera_, &[01;31m[KsFrameInfo_[m[K, &pbyBuffer_, 1000);
[1.951s]       |                                      [01;31m[K^~~~~~~~~~~[m[K
[1.956s] [01m[K/home/mechax/zyb/radar_station/src/Get_Camera_Img/src/get_img.cpp:44:52:[m[K [01;31m[Kerror: [m[Kâ€˜[01m[KpbyBuffer_[m[Kâ€™ was not declared in this scope
[1.956s]    44 |     CameraGetImageBuffer(h_camera_, &sFrameInfo_, &[01;31m[KpbyBuffer_[m[K, 1000);
[1.956s]       |                                                    [01;31m[K^~~~~~~~~~[m[K
[1.960s] [01m[K/home/mechax/zyb/radar_station/src/Get_Camera_Img/src/get_img.cpp:47:9:[m[K [01;31m[Kerror: [m[Kâ€˜[01m[Kimg_[m[Kâ€™ was not declared in this scope
[1.960s]    47 |         [01;31m[Kimg_[m[K = Mat(sFrameInfo_.iHeight, sFrameInfo_.iWidth, CV_8UC1, pbyBuffer_);
[1.960s]       |         [01;31m[K^~~~[m[K
[1.961s] [01m[K/home/mechax/zyb/radar_station/src/Get_Camera_Img/src/get_img.cpp:47:16:[m[K [01;31m[Kerror: [m[Kâ€˜[01m[KMat[m[Kâ€™ was not declared in this scope; did you mean â€˜[01m[Kcv::Mat[m[Kâ€™?
[1.961s]    47 |         img_ = [01;31m[KMat[m[K(sFrameInfo_.iHeight, sFrameInfo_.iWidth, CV_8UC1, pbyBuffer_);
[1.961s]       |                [01;31m[K^~~[m[K
[1.961s]       |                [32m[Kcv::Mat[m[K
[1.961s] In file included from [01m[K/usr/local/include/opencv4/opencv2/core.hpp:58[m[K,
[1.961s]                  from [01m[K/usr/local/include/opencv4/opencv2/opencv.hpp:52[m[K,
[1.961s]                  from [01m[K/home/mechax/zyb/radar_station/src/Get_Camera_Img/include/get_img.hpp:3[m[K,
[1.961s]                  from [01m[K/home/mechax/zyb/radar_station/src/Get_Camera_Img/src/get_img.cpp:1[m[K:
[1.962s] [01m[K/usr/local/include/opencv4/opencv2/core/mat.hpp:810:18:[m[K [01;36m[Knote: [m[Kâ€˜[01m[Kcv::Mat[m[Kâ€™ declared here
[1.962s]   810 | class CV_EXPORTS [01;36m[KMat[m[K
[1.962s]       |                  [01;36m[K^~~[m[K
[1.965s] [01m[K/home/mechax/zyb/radar_station/src/Get_Camera_Img/src/get_img.cpp:51:9:[m[K [01;31m[Kerror: [m[Kâ€˜[01m[Kimg_[m[Kâ€™ was not declared in this scope
[1.965s]    51 |         [01;31m[Kimg_[m[K = Mat(sFrameInfo_.iHeight, sFrameInfo_.iWidth, CV_8UC3, pbyBuffer_);
[1.965s]       |         [01;31m[K^~~~[m[K
[1.965s] [01m[K/home/mechax/zyb/radar_station/src/Get_Camera_Img/src/get_img.cpp:51:16:[m[K [01;31m[Kerror: [m[Kâ€˜[01m[KMat[m[Kâ€™ was not declared in this scope; did you mean â€˜[01m[Kcv::Mat[m[Kâ€™?
[1.965s]    51 |         img_ = [01;31m[KMat[m[K(sFrameInfo_.iHeight, sFrameInfo_.iWidth, CV_8UC3, pbyBuffer_);
[1.965s]       |                [01;31m[K^~~[m[K
[1.965s]       |                [32m[Kcv::Mat[m[K
[1.966s] In file included from [01m[K/usr/local/include/opencv4/opencv2/core.hpp:58[m[K,
[1.966s]                  from [01m[K/usr/local/include/opencv4/opencv2/opencv.hpp:52[m[K,
[1.966s]                  from [01m[K/home/mechax/zyb/radar_station/src/Get_Camera_Img/include/get_img.hpp:3[m[K,
[1.966s]                  from [01m[K/home/mechax/zyb/radar_station/src/Get_Camera_Img/src/get_img.cpp:1[m[K:
[1.966s] [01m[K/usr/local/include/opencv4/opencv2/core/mat.hpp:810:18:[m[K [01;36m[Knote: [m[Kâ€˜[01m[Kcv::Mat[m[Kâ€™ declared here
[1.966s]   810 | class CV_EXPORTS [01;36m[KMat[m[K
[1.966s]       |                  [01;36m[K^~~[m[K
[1.966s] [01m[K/home/mechax/zyb/radar_station/src/Get_Camera_Img/src/get_img.cpp:62:28:[m[K [01;31m[Kerror: [m[Kâ€˜[01m[Kclass GetImg[m[Kâ€™ has no member named â€˜[01m[Kimg_[m[Kâ€™
[1.966s]    62 |     img_msg.height = this->[01;31m[Kimg_[m[K.rows;
[1.966s]       |                            [01;31m[K^~~~[m[K
[1.966s] [01m[K/home/mechax/zyb/radar_station/src/Get_Camera_Img/src/get_img.cpp:63:27:[m[K [01;31m[Kerror: [m[Kâ€˜[01m[Kclass GetImg[m[Kâ€™ has no member named â€˜[01m[Kimg_[m[Kâ€™
[1.966s]    63 |     img_msg.width = this->[01;31m[Kimg_[m[K.cols;
[1.966s]       |                           [01;31m[K^~~~[m[K
[1.966s] [01m[K/home/mechax/zyb/radar_station/src/Get_Camera_Img/src/get_img.cpp:64:30:[m[K [01;31m[Kerror: [m[Kâ€˜[01m[Kclass GetImg[m[Kâ€™ has no member named â€˜[01m[Kmat_type23encoding[m[Kâ€™
[1.966s]    64 |     img_msg.encoding = this->[01;31m[Kmat_type23encoding[m[K(this->img_.type());
[1.967s]       |                              [01;31m[K^~~~~~~~~~~~~~~~~~[m[K
[1.967s] [01m[K/home/mechax/zyb/radar_station/src/Get_Camera_Img/src/get_img.cpp:64:55:[m[K [01;31m[Kerror: [m[Kâ€˜[01m[Kclass GetImg[m[Kâ€™ has no member named â€˜[01m[Kimg_[m[Kâ€™
[1.967s]    64 |     img_msg.encoding = this->mat_type23encoding(this->[01;31m[Kimg_[m[K.type());
[1.967s]       |                                                       [01;31m[K^~~~[m[K
[1.967s] [01m[K/home/mechax/zyb/radar_station/src/Get_Camera_Img/src/get_img.cpp:66:75:[m[K [01;31m[Kerror: [m[Kâ€˜[01m[Kclass GetImg[m[Kâ€™ has no member named â€˜[01m[Kimg_[m[Kâ€™
[1.967s]    66 |     img_msg.step = static_cast<sensor_msgs::msg::Image::_step_type>(this->[01;31m[Kimg_[m[K.step);
[1.967s]       |                                                                           [01;31m[K^~~~[m[K
[1.970s] [01m[K/home/mechax/zyb/radar_station/src/Get_Camera_Img/src/get_img.cpp:67:20:[m[K [01;31m[Kerror: [m[Kâ€˜[01m[Kimg_[m[Kâ€™ was not declared in this scope
[1.971s]    67 |     img_msg.data = [01;31m[Kimg_[m[K.data;
[1.971s]       |                    [01;31m[K^~~~[m[K
[3.033s] gmake[2]: *** [CMakeFiles/Get_Img.dir/build.make:76: CMakeFiles/Get_Img.dir/src/get_img.cpp.o] Error 1
[3.033s] gmake[1]: *** [CMakeFiles/Makefile2:137: CMakeFiles/Get_Img.dir/all] Error 2
[3.033s] gmake: *** [Makefile:146: all] Error 2
[3.035s] Invoked command in '/home/mechax/zyb/radar_station/src/Get_Camera_Img/build/Get_Camera_Img' returned '2': CMAKE_PREFIX_PATH=${CMAKE_PREFIX_PATH}:/opt/ros/humble /usr/bin/cmake --build /home/mechax/zyb/radar_station/src/Get_Camera_Img/build/Get_Camera_Img -- -j16 -l16
