[01m[K/home/mechax/zyb/radar_station/src/Get_Camera_Img/src/get_img.cpp:[m[K In member function â€˜[01m[Kbool GetImg::take_and_send_image()[m[Kâ€™:
[01m[K/home/mechax/zyb/radar_station/src/Get_Camera_Img/src/get_img.cpp:180:13:[m[K [01;31m[Kerror: [m[Kâ€˜[01m[Ksaver[m[Kâ€™ was not declared in this scope
  180 |             [01;31m[Ksaver[m[K.write(this->rawImg,rcd_path_);
      |             [01;31m[K^~~~~[m[K
[01m[K/home/mechax/zyb/radar_station/src/Get_Camera_Img/src/get_img.cpp:219:22:[m[K [01;31m[Kerror: [m[Kâ€˜[01m[Kcv_bridge[m[Kâ€™ has not been declared
  219 |         this->msg= *([01;31m[Kcv_bridge[m[K::CvImage(imgHead, "bgr8", this->rawImg).toImageMsg());
      |                      [01;31m[K^~~~~~~~~[m[K
gmake[2]: *** [CMakeFiles/Get_Img.dir/build.make:76: CMakeFiles/Get_Img.dir/src/get_img.cpp.o] Error 1
gmake[1]: *** [CMakeFiles/Makefile2:137: CMakeFiles/Get_Img.dir/all] Error 2
gmake: *** [Makefile:146: all] Error 2
