[0.032s] Invoking command in '/home/mechax/zyb/radar_station/src/Get_Camera_Img/build/Get_Camera_Img': CMAKE_PREFIX_PATH=${CMAKE_PREFIX_PATH}:/opt/ros/humble /usr/bin/cmake --build /home/mechax/zyb/radar_station/src/Get_Camera_Img/build/Get_Camera_Img -- -j16 -l16
[0.059s] [35m[1mConsolidate compiler generated dependencies of target Get_Img[0m
[0.074s] [ 33%] [32mBuilding CXX object CMakeFiles/Get_Img.dir/src/get_img.cpp.o[0m
[1.952s] [01m[K/home/mechax/zyb/radar_station/src/Get_Camera_Img/src/get_img.cpp:[m[K In member function â€˜[01m[Kbool GetImg::take_and_send_image()[m[Kâ€™:
[1.952s] [01m[K/home/mechax/zyb/radar_station/src/Get_Camera_Img/src/get_img.cpp:180:13:[m[K [01;31m[Kerror: [m[Kâ€˜[01m[Ksaver[m[Kâ€™ was not declared in this scope
[1.952s]   180 |             [01;31m[Ksaver[m[K.write(this->rawImg,rcd_path_);
[1.952s]       |             [01;31m[K^~~~~[m[K
[1.952s] [01m[K/home/mechax/zyb/radar_station/src/Get_Camera_Img/src/get_img.cpp:219:22:[m[K [01;31m[Kerror: [m[Kâ€˜[01m[Kcv_bridge[m[Kâ€™ has not been declared
[1.952s]   219 |         this->msg= *([01;31m[Kcv_bridge[m[K::CvImage(imgHead, "bgr8", this->rawImg).toImageMsg());
[1.952s]       |                      [01;31m[K^~~~~~~~~[m[K
[4.185s] gmake[2]: *** [CMakeFiles/Get_Img.dir/build.make:76: CMakeFiles/Get_Img.dir/src/get_img.cpp.o] Error 1
[4.185s] gmake[1]: *** [CMakeFiles/Makefile2:137: CMakeFiles/Get_Img.dir/all] Error 2
[4.185s] gmake: *** [Makefile:146: all] Error 2
[4.187s] Invoked command in '/home/mechax/zyb/radar_station/src/Get_Camera_Img/build/Get_Camera_Img' returned '2': CMAKE_PREFIX_PATH=${CMAKE_PREFIX_PATH}:/opt/ros/humble /usr/bin/cmake --build /home/mechax/zyb/radar_station/src/Get_Camera_Img/build/Get_Camera_Img -- -j16 -l16
