[35m[1mConsolidate compiler generated dependencies of target Get_Img[0m
[ 50%] [32mBuilding CXX object CMakeFiles/Get_Img.dir/src/get_img.cpp.o[0m
[01m[K/home/mechax/zyb/radar_station/src/Get_Camera_Img/src/get_img.cpp:40:6:[m[K [01;31m[Kerror: [m[Kno declaration matches â€˜[01m[Kvoid GetImg::camera_init()[m[Kâ€™
   40 | void [01;31m[KGetImg[m[K::camera_init()
      |      [01;31m[K^~~~~~[m[K
[01m[K/home/mechax/zyb/radar_station/src/Get_Camera_Img/src/get_img.cpp:40:6:[m[K [01;36m[Knote: [m[Kno functions named â€˜[01m[Kvoid GetImg::camera_init()[m[Kâ€™
In file included from [01m[K/home/mechax/zyb/radar_station/src/Get_Camera_Img/src/get_img.cpp:1[m[K:
[01m[K/home/mechax/zyb/radar_station/src/Get_Camera_Img/include/get_img.hpp:12:7:[m[K [01;36m[Knote: [m[Kâ€˜[01m[Kclass GetImg[m[Kâ€™ defined here
   12 | class [01;36m[KGetImg[m[K : public::rclcpp::Node
      |       [01;36m[K^~~~~~[m[K
[01m[K/home/mechax/zyb/radar_station/src/Get_Camera_Img/src/get_img.cpp:79:1:[m[K [01;31m[Kerror: [m[Kexpected declaration before â€˜[01m[K}[m[Kâ€™ token
   79 | [01;31m[K}[m[K
      | [01;31m[K^[m[K
gmake[2]: *** [CMakeFiles/Get_Img.dir/build.make:76: CMakeFiles/Get_Img.dir/src/get_img.cpp.o] Error 1
gmake[1]: *** [CMakeFiles/Makefile2:137: CMakeFiles/Get_Img.dir/all] Error 2
gmake: *** [Makefile:146: all] Error 2
