[35m[1mConsolidate compiler generated dependencies of target Img_Sub[0m
[ 37%] Built target main
[ 62%] Built target Img_Pub
[ 75%] [32mBuilding CXX object CMakeFiles/Img_Sub.dir/src/img_sub.cpp.o[0m
[01m[K/home/mechax/zyb/radar_station/src/Img_Handle/src/img_sub.cpp:[m[K In member function â€˜[01m[Kvoid Img_Sub::yolo_armor_identify()[m[Kâ€™:
[01m[K/home/mechax/zyb/radar_station/src/Img_Handle/src/img_sub.cpp:107:22:[m[K [01;35m[Kwarning: [m[Kcomparison of integer expressions of different signedness: â€˜[01m[Kint[m[Kâ€™ and â€˜[01m[Kstd::vector<Detection>::size_type[m[Kâ€™ {aka â€˜[01m[Klong unsigned int[m[Kâ€™} [[01;35m[K]8;;https://gcc.gnu.org/onlinedocs/gcc/Warning-Options.html#index-Wsign-compare-Wsign-compare]8;;[m[K]
  107 |     for(int i = 0; [01;35m[Ki < this->robot_output.size()[m[K; i++)
      |                    [01;35m[K~~^~~~~~~~~~~~~~~~~~~~~~~~~~~[m[K
[01m[K/home/mechax/zyb/radar_station/src/Img_Handle/src/img_sub.cpp:117:25:[m[K [01;31m[Kerror: [m[Krequest for member â€˜[01m[Karmor_img[m[Kâ€™ in â€˜[01m[K"armor"[m[Kâ€™, which is of non-class type â€˜[01m[Kconst char [6][m[Kâ€™
  117 |         imshow("armor". [01;31m[Karmor_img[m[K);
      |                         [01;31m[K^~~~~~~~~[m[K
[01m[K/home/mechax/zyb/radar_station/src/Img_Handle/src/img_sub.cpp:[m[K In member function â€˜[01m[Kvoid Img_Sub::draw_img()[m[Kâ€™:
[01m[K/home/mechax/zyb/radar_station/src/Img_Handle/src/img_sub.cpp:147:20:[m[K [01;35m[Kwarning: [m[Kcomparison of integer expressions of different signedness: â€˜[01m[Kint[m[Kâ€™ and â€˜[01m[Kstd::vector<my_msgss::msg::Yolopoint_<std::allocator<void> >, std::allocator<my_msgss::msg::Yolopoint_<std::allocator<void> > > >::size_type[m[Kâ€™ {aka â€˜[01m[Klong unsigned int[m[Kâ€™} [[01;35m[K]8;;https://gcc.gnu.org/onlinedocs/gcc/Warning-Options.html#index-Wsign-compare-Wsign-compare]8;;[m[K]
  147 |     for(int i =0 ;[01;35m[Ki<this->robot_boxes.size()[m[K;i++)
      |                   [01;35m[K~^~~~~~~~~~~~~~~~~~~~~~~~~[m[K
gmake[2]: *** [CMakeFiles/Img_Sub.dir/build.make:76: CMakeFiles/Img_Sub.dir/src/img_sub.cpp.o] Error 1
gmake[1]: *** [CMakeFiles/Makefile2:167: CMakeFiles/Img_Sub.dir/all] Error 2
gmake: *** [Makefile:146: all] Error 2
