[0.043s] Invoking command in '/home/mechax/zyb/radar_station/build/map_test': AMENT_PREFIX_PATH=/home/mechax/zyb/radar_station/install/my_msgss:${AMENT_PREFIX_PATH} CMAKE_PREFIX_PATH=/home/mechax/zyb/radar_station/install/my_msgss:/home/mechax/ws_livox/install/livox_ros2_driver:/home/mechax/ws_livox/install/livox_sdk_vendor:/home/mechax/ws_livox/install/livox_interfaces:/opt/ros/humble LD_LIBRARY_PATH=/home/mechax/zyb/radar_station/install/my_msgss/lib:${LD_LIBRARY_PATH} PYTHONPATH=/home/mechax/zyb/radar_station/install/my_msgss/local/lib/python3.10/dist-packages:${PYTHONPATH} /usr/bin/cmake --build /home/mechax/zyb/radar_station/build/map_test -- -j16 -l16
[0.081s] [35m[1mConsolidate compiler generated dependencies of target map_test[0m
[0.093s] [ 50%] [32mBuilding CXX object CMakeFiles/map_test.dir/src/map_test.cpp.o[0m
[1.953s] [01m[K/home/mechax/zyb/radar_station/src/map_test/src/map_test.cpp:[m[K In constructor â€˜[01m[KMapTest::MapTest()[m[Kâ€™:
[1.953s] [01m[K/home/mechax/zyb/radar_station/src/map_test/src/map_test.cpp:13:85:[m[K [01;31m[Kerror: [m[Kexpected primary-expression before â€˜[01m[K/[m[Kâ€™ token
[1.953s]    13 |                      std::bind(&MapTest::pnp_callback,this,std::placeholders::_1));*[01;31m[K/[m[K
[1.954s]       |                                                                                     [01;31m[K^[m[K
[1.954s] [01m[K/home/mechax/zyb/radar_station/src/map_test/src/map_test.cpp:14:1:[m[K [01;31m[Kerror: [m[Kexpected primary-expression before â€˜[01m[K}[m[Kâ€™ token
[1.954s]    14 | [01;31m[K}[m[K
[1.954s]       | [01;31m[K^[m[K
[1.958s] [01m[K/home/mechax/zyb/radar_station/src/map_test/src/map_test.cpp:[m[K In member function â€˜[01m[Kvoid MapTest::draw_point_on_map()[m[Kâ€™:
[1.958s] [01m[K/home/mechax/zyb/radar_station/src/map_test/src/map_test.cpp:129:20:[m[K [01;35m[Kwarning: [m[Kcomparison of integer expressions of different signedness: â€˜[01m[Kint[m[Kâ€™ and â€˜[01m[Kstd::vector<map_point>::size_type[m[Kâ€™ {aka â€˜[01m[Klong unsigned int[m[Kâ€™} [[01;35m[K]8;;https://gcc.gnu.org/onlinedocs/gcc/Warning-Options.html#index-Wsign-compare-Wsign-compare]8;;[m[K]
[1.958s]   129 |     for(int i = 0;[01;35m[Ki<map_points.size()[m[K;i++)
[1.958s]       |                   [01;35m[K~^~~~~~~~~~~~~~~~~~[m[K
[1.959s] [01m[K/home/mechax/zyb/radar_station/src/map_test/src/map_test.cpp:[m[K In member function â€˜[01m[Kvoid MapTest::far_callback(my_msgss::msg::Distpoints)[m[Kâ€™:
[1.959s] [01m[K/home/mechax/zyb/radar_station/src/map_test/src/map_test.cpp:160:20:[m[K [01;35m[Kwarning: [m[Kcomparison of integer expressions of different signedness: â€˜[01m[Kint[m[Kâ€™ and â€˜[01m[Kstd::vector<my_msgss::msg::Distpoint_<std::allocator<void> >, std::allocator<my_msgss::msg::Distpoint_<std::allocator<void> > > >::size_type[m[Kâ€™ {aka â€˜[01m[Klong unsigned int[m[Kâ€™} [[01;35m[K]8;;https://gcc.gnu.org/onlinedocs/gcc/Warning-Options.html#index-Wsign-compare-Wsign-compare]8;;[m[K]
[1.959s]   160 |     for(int i =0 ;[01;35m[Ki<msg.data.size()[m[K;i++)
[1.959s]       |                   [01;35m[K~^~~~~~~~~~~~~~~~[m[K
[4.199s] gmake[2]: *** [CMakeFiles/map_test.dir/build.make:76: CMakeFiles/map_test.dir/src/map_test.cpp.o] Error 1
[4.199s] gmake[1]: *** [CMakeFiles/Makefile2:137: CMakeFiles/map_test.dir/all] Error 2
[4.199s] gmake: *** [Makefile:146: all] Error 2
[4.202s] Invoked command in '/home/mechax/zyb/radar_station/build/map_test' returned '2': AMENT_PREFIX_PATH=/home/mechax/zyb/radar_station/install/my_msgss:${AMENT_PREFIX_PATH} CMAKE_PREFIX_PATH=/home/mechax/zyb/radar_station/install/my_msgss:/home/mechax/ws_livox/install/livox_ros2_driver:/home/mechax/ws_livox/install/livox_sdk_vendor:/home/mechax/ws_livox/install/livox_interfaces:/opt/ros/humble LD_LIBRARY_PATH=/home/mechax/zyb/radar_station/install/my_msgss/lib:${LD_LIBRARY_PATH} PYTHONPATH=/home/mechax/zyb/radar_station/install/my_msgss/local/lib/python3.10/dist-packages:${PYTHONPATH} /usr/bin/cmake --build /home/mechax/zyb/radar_station/build/map_test -- -j16 -l16
