[0.030s] Invoking command in '/home/mechax/zyb/radar_station/src/Get_Camera_Img/build/Get_Camera_Img': CMAKE_PREFIX_PATH=${CMAKE_PREFIX_PATH}:/opt/ros/humble /usr/bin/cmake --build /home/mechax/zyb/radar_station/src/Get_Camera_Img/build/Get_Camera_Img -- -j16 -l16
[0.058s] [35m[1mConsolidate compiler generated dependencies of target Get_Img[0m
[0.069s] [ 50%] [32mBuilding CXX object CMakeFiles/Get_Img.dir/src/get_img.cpp.o[0m
[1.872s] In file included from [01m[K/home/mechax/zyb/radar_station/src/Get_Camera_Img/src/get_img.cpp:1[m[K:
[1.872s] [01m[K/home/mechax/zyb/radar_station/src/Get_Camera_Img/include/get_img.hpp:13:5:[m[K [01;31m[Kerror: [m[Kâ€˜[01m[Kstring[m[Kâ€™ does not name a type; did you mean â€˜[01m[Kstdin[m[Kâ€™?
[1.872s]    13 |     [01;31m[Kstring[m[K mat_type2encoding(int mat_type);
[1.872s]       |     [01;31m[K^~~~~~[m[K
[1.872s]       |     [32m[Kstdin[m[K
[1.883s] [01m[K/home/mechax/zyb/radar_station/src/Get_Camera_Img/src/get_img.cpp:23:1:[m[K [01;31m[Kerror: [m[Kâ€˜[01m[Kstring[m[Kâ€™ does not name a type; did you mean â€˜[01m[Kstdin[m[Kâ€™?
[1.883s]    23 | [01;31m[Kstring[m[K GetImg::mat_type23encoding(int mat_type)
[1.883s]       | [01;31m[K^~~~~~[m[K
[1.883s]       | [32m[Kstdin[m[K
[1.888s] [01m[K/home/mechax/zyb/radar_station/src/Get_Camera_Img/src/get_img.cpp:[m[K In member function â€˜[01m[Kvoid GetImg::timer_callback()[m[Kâ€™:
[1.888s] [01m[K/home/mechax/zyb/radar_station/src/Get_Camera_Img/src/get_img.cpp:44:26:[m[K [01;31m[Kerror: [m[Kâ€˜[01m[Kh_camera_[m[Kâ€™ was not declared in this scope
[1.889s]    44 |     CameraGetImageBuffer([01;31m[Kh_camera_[m[K, &sFrameInfo_, &pbyBuffer_, 1000);
[1.889s]       |                          [01;31m[K^~~~~~~~~[m[K
[1.894s] [01m[K/home/mechax/zyb/radar_station/src/Get_Camera_Img/src/get_img.cpp:44:38:[m[K [01;31m[Kerror: [m[Kâ€˜[01m[KsFrameInfo_[m[Kâ€™ was not declared in this scope
[1.894s]    44 |     CameraGetImageBuffer(h_camera_, &[01;31m[KsFrameInfo_[m[K, &pbyBuffer_, 1000);
[1.894s]       |                                      [01;31m[K^~~~~~~~~~~[m[K
[1.899s] [01m[K/home/mechax/zyb/radar_station/src/Get_Camera_Img/src/get_img.cpp:44:52:[m[K [01;31m[Kerror: [m[Kâ€˜[01m[KpbyBuffer_[m[Kâ€™ was not declared in this scope
[1.899s]    44 |     CameraGetImageBuffer(h_camera_, &sFrameInfo_, &[01;31m[KpbyBuffer_[m[K, 1000);
[1.899s]       |                                                    [01;31m[K^~~~~~~~~~[m[K
[1.902s] [01m[K/home/mechax/zyb/radar_station/src/Get_Camera_Img/src/get_img.cpp:47:9:[m[K [01;31m[Kerror: [m[Kâ€˜[01m[Kimg_[m[Kâ€™ was not declared in this scope
[1.903s]    47 |         [01;31m[Kimg_[m[K = cv::Mat(sFrameInfo_.iHeight, sFrameInfo_.iWidth, CV_8UC1, pbyBuffer_);
[1.903s]       |         [01;31m[K^~~~[m[K
[1.907s] [01m[K/home/mechax/zyb/radar_station/src/Get_Camera_Img/src/get_img.cpp:51:9:[m[K [01;31m[Kerror: [m[Kâ€˜[01m[Kimg_[m[Kâ€™ was not declared in this scope
[1.907s]    51 |         [01;31m[Kimg_[m[K = cv::Mat(sFrameInfo_.iHeight, sFrameInfo_.iWidth, CV_8UC3, pbyBuffer_);
[1.907s]       |         [01;31m[K^~~~[m[K
[1.911s] [01m[K/home/mechax/zyb/radar_station/src/Get_Camera_Img/src/get_img.cpp:62:22:[m[K [01;31m[Kerror: [m[Kâ€˜[01m[Kimg_[m[Kâ€™ was not declared in this scope
[1.911s]    62 |     img_msg.height = [01;31m[Kimg_[m[K.rows;
[1.911s]       |                      [01;31m[K^~~~[m[K
[1.911s] [01m[K/home/mechax/zyb/radar_station/src/Get_Camera_Img/src/get_img.cpp:64:30:[m[K [01;31m[Kerror: [m[Kâ€˜[01m[Kclass GetImg[m[Kâ€™ has no member named â€˜[01m[Kmat_type23encoding[m[Kâ€™
[1.912s]    64 |     img_msg.encoding = this->[01;31m[Kmat_type23encoding[m[K(img_.type());
[1.912s]       |                              [01;31m[K^~~~~~~~~~~~~~~~~~[m[K
[2.919s] gmake[2]: *** [CMakeFiles/Get_Img.dir/build.make:76: CMakeFiles/Get_Img.dir/src/get_img.cpp.o] Error 1
[2.919s] gmake[1]: *** [CMakeFiles/Makefile2:137: CMakeFiles/Get_Img.dir/all] Error 2
[2.919s] gmake: *** [Makefile:146: all] Error 2
[2.921s] Invoked command in '/home/mechax/zyb/radar_station/src/Get_Camera_Img/build/Get_Camera_Img' returned '2': CMAKE_PREFIX_PATH=${CMAKE_PREFIX_PATH}:/opt/ros/humble /usr/bin/cmake --build /home/mechax/zyb/radar_station/src/Get_Camera_Img/build/Get_Camera_Img -- -j16 -l16
