[0.034s] Invoking command in '/home/mechax/zyb/radar_station/src/Get_Camera_Img/build/Get_Camera_Img': CMAKE_PREFIX_PATH=${CMAKE_PREFIX_PATH}:/opt/ros/humble /usr/bin/cmake --build /home/mechax/zyb/radar_station/src/Get_Camera_Img/build/Get_Camera_Img -- -j16 -l16
[0.059s] [35m[1mConsolidate compiler generated dependencies of target Get_Img[0m
[0.069s] [ 50%] [32mBuilding CXX object CMakeFiles/Get_Img.dir/src/get_img.cpp.o[0m
[1.800s] In file included from [01m[K/home/mechax/zyb/radar_station/src/Get_Camera_Img/src/get_img.cpp:1[m[K:
[1.800s] [01m[K/home/mechax/zyb/radar_station/src/Get_Camera_Img/include/get_img.hpp:13:5:[m[K [01;31m[Kerror: [m[Kâ€˜[01m[Kstring[m[Kâ€™ does not name a type; did you mean â€˜[01m[Kstdin[m[Kâ€™?
[1.800s]    13 |     [01;31m[Kstring[m[K mat_type2encoding(int mat_type);
[1.800s]       |     [01;31m[K^~~~~~[m[K
[1.800s]       |     [32m[Kstdin[m[K
[1.811s] [01m[K/home/mechax/zyb/radar_station/src/Get_Camera_Img/src/get_img.cpp:23:1:[m[K [01;31m[Kerror: [m[Kâ€˜[01m[Kstring[m[Kâ€™ does not name a type; did you mean â€˜[01m[Kstdin[m[Kâ€™?
[1.811s]    23 | [01;31m[Kstring[m[K Img_Pub::mat_type23encoding(int mat_type)
[1.811s]       | [01;31m[K^~~~~~[m[K
[1.811s]       | [32m[Kstdin[m[K
[1.817s] [01m[K/home/mechax/zyb/radar_station/src/Get_Camera_Img/src/get_img.cpp:[m[K In member function â€˜[01m[Kvoid GetImg::timer_callback()[m[Kâ€™:
[1.817s] [01m[K/home/mechax/zyb/radar_station/src/Get_Camera_Img/src/get_img.cpp:44:26:[m[K [01;31m[Kerror: [m[Kâ€˜[01m[Kh_camera_[m[Kâ€™ was not declared in this scope
[1.817s]    44 |     CameraGetImageBuffer([01;31m[Kh_camera_[m[K, &sFrameInfo_, &pbyBuffer_, 1000);
[1.817s]       |                          [01;31m[K^~~~~~~~~[m[K
[1.823s] [01m[K/home/mechax/zyb/radar_station/src/Get_Camera_Img/src/get_img.cpp:44:38:[m[K [01;31m[Kerror: [m[Kâ€˜[01m[KsFrameInfo_[m[Kâ€™ was not declared in this scope
[1.823s]    44 |     CameraGetImageBuffer(h_camera_, &[01;31m[KsFrameInfo_[m[K, &pbyBuffer_, 1000);
[1.823s]       |                                      [01;31m[K^~~~~~~~~~~[m[K
[1.829s] [01m[K/home/mechax/zyb/radar_station/src/Get_Camera_Img/src/get_img.cpp:44:52:[m[K [01;31m[Kerror: [m[Kâ€˜[01m[KpbyBuffer_[m[Kâ€™ was not declared in this scope
[1.829s]    44 |     CameraGetImageBuffer(h_camera_, &sFrameInfo_, &[01;31m[KpbyBuffer_[m[K, 1000);
[1.829s]       |                                                    [01;31m[K^~~~~~~~~~[m[K
[1.833s] [01m[K/home/mechax/zyb/radar_station/src/Get_Camera_Img/src/get_img.cpp:47:9:[m[K [01;31m[Kerror: [m[Kâ€˜[01m[Kimg_[m[Kâ€™ was not declared in this scope
[1.833s]    47 |         [01;31m[Kimg_[m[K = Mat(sFrameInfo_.iHeight, sFrameInfo_.iWidth, CV_8UC1, pbyBuffer_);
[1.833s]       |         [01;31m[K^~~~[m[K
[1.835s] [01m[K/home/mechax/zyb/radar_station/src/Get_Camera_Img/src/get_img.cpp:47:16:[m[K [01;31m[Kerror: [m[Kâ€˜[01m[KMat[m[Kâ€™ was not declared in this scope; did you mean â€˜[01m[Kcv::Mat[m[Kâ€™?
[1.835s]    47 |         img_ = [01;31m[KMat[m[K(sFrameInfo_.iHeight, sFrameInfo_.iWidth, CV_8UC1, pbyBuffer_);
[1.835s]       |                [01;31m[K^~~[m[K
[1.835s]       |                [32m[Kcv::Mat[m[K
[1.835s] In file included from [01m[K/usr/local/include/opencv4/opencv2/core.hpp:58[m[K,
[1.835s]                  from [01m[K/usr/local/include/opencv4/opencv2/opencv.hpp:52[m[K,
[1.835s]                  from [01m[K/home/mechax/zyb/radar_station/src/Get_Camera_Img/include/get_img.hpp:3[m[K,
[1.835s]                  from [01m[K/home/mechax/zyb/radar_station/src/Get_Camera_Img/src/get_img.cpp:1[m[K:
[1.835s] [01m[K/usr/local/include/opencv4/opencv2/core/mat.hpp:810:18:[m[K [01;36m[Knote: [m[Kâ€˜[01m[Kcv::Mat[m[Kâ€™ declared here
[1.835s]   810 | class CV_EXPORTS [01;36m[KMat[m[K
[1.835s]       |                  [01;36m[K^~~[m[K
[1.840s] [01m[K/home/mechax/zyb/radar_station/src/Get_Camera_Img/src/get_img.cpp:51:9:[m[K [01;31m[Kerror: [m[Kâ€˜[01m[Kimg_[m[Kâ€™ was not declared in this scope
[1.840s]    51 |         [01;31m[Kimg_[m[K = Mat(sFrameInfo_.iHeight, sFrameInfo_.iWidth, CV_8UC3, pbyBuffer_);
[1.840s]       |         [01;31m[K^~~~[m[K
[1.840s] [01m[K/home/mechax/zyb/radar_station/src/Get_Camera_Img/src/get_img.cpp:51:16:[m[K [01;31m[Kerror: [m[Kâ€˜[01m[KMat[m[Kâ€™ was not declared in this scope; did you mean â€˜[01m[Kcv::Mat[m[Kâ€™?
[1.840s]    51 |         img_ = [01;31m[KMat[m[K(sFrameInfo_.iHeight, sFrameInfo_.iWidth, CV_8UC3, pbyBuffer_);
[1.840s]       |                [01;31m[K^~~[m[K
[1.840s]       |                [32m[Kcv::Mat[m[K
[1.840s] In file included from [01m[K/usr/local/include/opencv4/opencv2/core.hpp:58[m[K,
[1.841s]                  from [01m[K/usr/local/include/opencv4/opencv2/opencv.hpp:52[m[K,
[1.841s]                  from [01m[K/home/mechax/zyb/radar_station/src/Get_Camera_Img/include/get_img.hpp:3[m[K,
[1.841s]                  from [01m[K/home/mechax/zyb/radar_station/src/Get_Camera_Img/src/get_img.cpp:1[m[K:
[1.841s] [01m[K/usr/local/include/opencv4/opencv2/core/mat.hpp:810:18:[m[K [01;36m[Knote: [m[Kâ€˜[01m[Kcv::Mat[m[Kâ€™ declared here
[1.841s]   810 | class CV_EXPORTS [01;36m[KMat[m[K
[1.841s]       |                  [01;36m[K^~~[m[K
[1.844s] [01m[K/home/mechax/zyb/radar_station/src/Get_Camera_Img/src/get_img.cpp:62:22:[m[K [01;31m[Kerror: [m[Kâ€˜[01m[Kimg_[m[Kâ€™ was not declared in this scope
[1.844s]    62 |     img_msg.height = [01;31m[Kimg_[m[K.rows;
[1.844s]       |                      [01;31m[K^~~~[m[K
[1.844s] [01m[K/home/mechax/zyb/radar_station/src/Get_Camera_Img/src/get_img.cpp:64:30:[m[K [01;31m[Kerror: [m[Kâ€˜[01m[Kclass GetImg[m[Kâ€™ has no member named â€˜[01m[Kmat_type23encoding[m[Kâ€™
[1.844s]    64 |     img_msg.encoding = this->[01;31m[Kmat_type23encoding[m[K(img_.type());
[1.844s]       |                              [01;31m[K^~~~~~~~~~~~~~~~~~[m[K
[2.899s] gmake[2]: *** [CMakeFiles/Get_Img.dir/build.make:76: CMakeFiles/Get_Img.dir/src/get_img.cpp.o] Error 1
[2.899s] gmake[1]: *** [CMakeFiles/Makefile2:137: CMakeFiles/Get_Img.dir/all] Error 2
[2.899s] gmake: *** [Makefile:146: all] Error 2
[2.902s] Invoked command in '/home/mechax/zyb/radar_station/src/Get_Camera_Img/build/Get_Camera_Img' returned '2': CMAKE_PREFIX_PATH=${CMAKE_PREFIX_PATH}:/opt/ros/humble /usr/bin/cmake --build /home/mechax/zyb/radar_station/src/Get_Camera_Img/build/Get_Camera_Img -- -j16 -l16
