[01m[K/home/mechax/zyb/radar_station/src/Get_Camera_Img/src/get_img.cpp:[m[K In member function â€˜[01m[Kvoid GetImg::camera_init()[m[Kâ€™:
[01m[K/home/mechax/zyb/radar_station/src/Get_Camera_Img/src/get_img.cpp:42:93:[m[K [01;31m[Kerror: [m[Kâ€˜[01m[KMVCameraNode[m[Kâ€™ has not been declared
   42 |     cfg_exp_sub = this->create_subscription<std_msgs::msg::Int16>("exp_time", 1, std::bind(&[01;31m[KMVCameraNode[m[K::get_exp, this, std::placeholders::_1));
      |                                                                                             [01;31m[K^~~~~~~~~~~~[m[K
[01m[K/home/mechax/zyb/radar_station/src/Get_Camera_Img/src/get_img.cpp:43:102:[m[K [01;31m[Kerror: [m[Kâ€˜[01m[KMVCameraNode[m[Kâ€™ has not been declared
   43 |     is_rcd_sub = this->create_subscription<std_msgs::msg::Bool>("/mv_param/is_record", 1, std::bind(&[01;31m[KMVCameraNode[m[K::get_is_rcd, this, std::placeholders::_1));
      |                                                                                                      [01;31m[K^~~~~~~~~~~~[m[K
[01m[K/home/mechax/zyb/radar_station/src/Get_Camera_Img/src/get_img.cpp:69:5:[m[K [01;31m[Kerror: [m[Kâ€˜[01m[Kmv_driver[m[Kâ€™ was not declared in this scope
   69 |     [01;31m[Kmv_driver[m[K = new MVCamera;
      |     [01;31m[K^~~~~~~~~[m[K
[01m[K/home/mechax/zyb/radar_station/src/Get_Camera_Img/src/get_img.cpp:69:21:[m[K [01;31m[Kerror: [m[Kâ€˜[01m[KMVCamera[m[Kâ€™ does not name a type
   69 |     mv_driver = new [01;31m[KMVCamera[m[K;
      |                     [01;31m[K^~~~~~~~[m[K
gmake[2]: *** [CMakeFiles/Get_Img.dir/build.make:76: CMakeFiles/Get_Img.dir/src/get_img.cpp.o] Error 1
gmake[1]: *** [CMakeFiles/Makefile2:137: CMakeFiles/Get_Img.dir/all] Error 2
gmake: *** [Makefile:146: all] Error 2
