[0.031s] Invoking command in '/home/mechax/zyb/radar_station/src/Get_Camera_Img/build/Get_Camera_Img': CMAKE_PREFIX_PATH=${CMAKE_PREFIX_PATH}:/opt/ros/humble /usr/bin/cmake --build /home/mechax/zyb/radar_station/src/Get_Camera_Img/build/Get_Camera_Img -- -j16 -l16
[0.058s] [35m[1mConsolidate compiler generated dependencies of target Get_Img[0m
[0.070s] [ 50%] [32mBuilding CXX object CMakeFiles/Get_Img.dir/src/get_img.cpp.o[0m
[1.830s] [01m[K/home/mechax/zyb/radar_station/src/Get_Camera_Img/src/get_img.cpp:[m[K In member function â€˜[01m[Kvoid GetImg::camera_init()[m[Kâ€™:
[1.830s] [01m[K/home/mechax/zyb/radar_station/src/Get_Camera_Img/src/get_img.cpp:42:93:[m[K [01;31m[Kerror: [m[Kâ€˜[01m[KMVCameraNode[m[Kâ€™ has not been declared
[1.830s]    42 |     cfg_exp_sub = this->create_subscription<std_msgs::msg::Int16>("exp_time", 1, std::bind(&[01;31m[KMVCameraNode[m[K::get_exp, this, std::placeholders::_1));
[1.830s]       |                                                                                             [01;31m[K^~~~~~~~~~~~[m[K
[1.830s] [01m[K/home/mechax/zyb/radar_station/src/Get_Camera_Img/src/get_img.cpp:43:102:[m[K [01;31m[Kerror: [m[Kâ€˜[01m[KMVCameraNode[m[Kâ€™ has not been declared
[1.831s]    43 |     is_rcd_sub = this->create_subscription<std_msgs::msg::Bool>("/mv_param/is_record", 1, std::bind(&[01;31m[KMVCameraNode[m[K::get_is_rcd, this, std::placeholders::_1));
[1.831s]       |                                                                                                      [01;31m[K^~~~~~~~~~~~[m[K
[1.838s] [01m[K/home/mechax/zyb/radar_station/src/Get_Camera_Img/src/get_img.cpp:69:5:[m[K [01;31m[Kerror: [m[Kâ€˜[01m[Kmv_driver[m[Kâ€™ was not declared in this scope
[1.838s]    69 |     [01;31m[Kmv_driver[m[K = new MVCamera;
[1.838s]       |     [01;31m[K^~~~~~~~~[m[K
[1.839s] [01m[K/home/mechax/zyb/radar_station/src/Get_Camera_Img/src/get_img.cpp:69:21:[m[K [01;31m[Kerror: [m[Kâ€˜[01m[KMVCamera[m[Kâ€™ does not name a type
[1.840s]    69 |     mv_driver = new [01;31m[KMVCamera[m[K;
[1.840s]       |                     [01;31m[K^~~~~~~~[m[K
[2.761s] gmake[2]: *** [CMakeFiles/Get_Img.dir/build.make:76: CMakeFiles/Get_Img.dir/src/get_img.cpp.o] Error 1
[2.761s] gmake[1]: *** [CMakeFiles/Makefile2:137: CMakeFiles/Get_Img.dir/all] Error 2
[2.762s] gmake: *** [Makefile:146: all] Error 2
[2.763s] Invoked command in '/home/mechax/zyb/radar_station/src/Get_Camera_Img/build/Get_Camera_Img' returned '2': CMAKE_PREFIX_PATH=${CMAKE_PREFIX_PATH}:/opt/ros/humble /usr/bin/cmake --build /home/mechax/zyb/radar_station/src/Get_Camera_Img/build/Get_Camera_Img -- -j16 -l16
