[35m[1mConsolidate compiler generated dependencies of target Get_Img[0m
[ 66%] [32mBuilding CXX object CMakeFiles/Get_Img.dir/src/get_img.cpp.o[0m
[ 66%] [32mBuilding CXX object CMakeFiles/Get_Img.dir/src/MVCamera.cpp.o[0m
[01m[K/home/mechax/zyb/radar_station/src/Get_Camera_Img/src/get_img.cpp:[m[K In member function ‚Äò[01m[Kvoid GetImg::get_exp(const Int16&)[m[K‚Äô:
[01m[K/home/mechax/zyb/radar_station/src/Get_Camera_Img/src/get_img.cpp:120:9:[m[K [01;31m[Kerror: [m[K‚Äò[01m[Kmv_driver[m[K‚Äô was not declared in this scope
  120 |         [01;31m[Kmv_driver[m[K->SetExposureTime(autoexposure_, exposure_);
      |         [01;31m[K^~~~~~~~~[m[K
[01m[K/home/mechax/zyb/radar_station/src/Get_Camera_Img/src/get_img.cpp:[m[K In member function ‚Äò[01m[Kvoid GetImg::get_is_large(const Bool&)[m[K‚Äô:
[01m[K/home/mechax/zyb/radar_station/src/Get_Camera_Img/src/get_img.cpp:131:9:[m[K [01;31m[Kerror: [m[K‚Äò[01m[Kmv_driver[m[K‚Äô was not declared in this scope
  131 |         [01;31m[Kmv_driver[m[K->SetExposureTime(0, 3000);
      |         [01;31m[K^~~~~~~~~[m[K
[01m[K/home/mechax/zyb/radar_station/src/Get_Camera_Img/src/get_img.cpp:133:9:[m[K [01;31m[Kerror: [m[K‚Äò[01m[Kmv_driver[m[K‚Äô was not declared in this scope
  133 |         [01;31m[Kmv_driver[m[K->SetExposureTime(0, 1500);
      |         [01;31m[K^~~~~~~~~[m[K
[01m[K/home/mechax/zyb/radar_station/src/Get_Camera_Img/src/MVCamera.cpp:[m[K In constructor ‚Äò[01m[KMVCamera::MVCamera()[m[K‚Äô:
[01m[K/home/mechax/zyb/radar_station/src/Get_Camera_Img/src/MVCamera.cpp:17:5:[m[K [01;35m[Kwarning: [m[Kstatement has no effect [[01;35m[K]8;;https://gcc.gnu.org/onlinedocs/gcc/Warning-Options.html#index-Wunused-value-Wunused-value]8;;[m[K]
   17 |     [01;35m[KtCapability[m[K;      //ËÆæÂ§áÊèèËø∞‰ø°ÊÅØ
      |     [01;35m[K^~~~~~~~~~~[m[K
[01m[K/home/mechax/zyb/radar_station/src/Get_Camera_Img/src/MVCamera.cpp:18:5:[m[K [01;35m[Kwarning: [m[Kstatement has no effect [[01;35m[K]8;;https://gcc.gnu.org/onlinedocs/gcc/Warning-Options.html#index-Wunused-value-Wunused-value]8;;[m[K]
   18 |     [01;35m[KsFrameInfo[m[K;
      |     [01;35m[K^~~~~~~~~~[m[K
[01m[K/home/mechax/zyb/radar_station/src/Get_Camera_Img/src/MVCamera.cpp:[m[K In member function ‚Äò[01m[Kint MVCamera::Init(int)[m[K‚Äô:
[01m[K/home/mechax/zyb/radar_station/src/Get_Camera_Img/src/MVCamera.cpp:32:9:[m[K [01;35m[Kwarning: [m[Kunused variable ‚Äò[01m[Kcam_id[m[K‚Äô [[01;35m[K]8;;https://gcc.gnu.org/onlinedocs/gcc/Warning-Options.html#index-Wunused-variable-Wunused-variable]8;;[m[K]
   32 |     int [01;35m[Kcam_id[m[K;
      |         [01;35m[K^~~~~~[m[K
gmake[2]: *** [CMakeFiles/Get_Img.dir/build.make:76: CMakeFiles/Get_Img.dir/src/get_img.cpp.o] Error 1
gmake[1]: *** [CMakeFiles/Makefile2:137: CMakeFiles/Get_Img.dir/all] Error 2
gmake: *** [Makefile:146: all] Error 2
