[0.030s] Invoking command in '/home/mechax/zyb/radar_station/src/Get_Camera_Img/build/Get_Camera_Img': CMAKE_PREFIX_PATH=${CMAKE_PREFIX_PATH}:/opt/ros/humble /usr/bin/cmake --build /home/mechax/zyb/radar_station/src/Get_Camera_Img/build/Get_Camera_Img -- -j16 -l16
[0.057s] [35m[1mConsolidate compiler generated dependencies of target Get_Img[0m
[0.071s] [ 66%] [32mBuilding CXX object CMakeFiles/Get_Img.dir/src/get_img.cpp.o[0m
[0.071s] [ 66%] [32mBuilding CXX object CMakeFiles/Get_Img.dir/src/MVCamera.cpp.o[0m
[1.948s] [01m[K/home/mechax/zyb/radar_station/src/Get_Camera_Img/src/get_img.cpp:[m[K In member function ‚Äò[01m[Kvoid GetImg::get_exp(const Int16&)[m[K‚Äô:
[1.948s] [01m[K/home/mechax/zyb/radar_station/src/Get_Camera_Img/src/get_img.cpp:120:9:[m[K [01;31m[Kerror: [m[K‚Äò[01m[Kmv_driver[m[K‚Äô was not declared in this scope
[1.948s]   120 |         [01;31m[Kmv_driver[m[K->SetExposureTime(autoexposure_, exposure_);
[1.948s]       |         [01;31m[K^~~~~~~~~[m[K
[1.955s] [01m[K/home/mechax/zyb/radar_station/src/Get_Camera_Img/src/get_img.cpp:[m[K In member function ‚Äò[01m[Kvoid GetImg::get_is_large(const Bool&)[m[K‚Äô:
[1.955s] [01m[K/home/mechax/zyb/radar_station/src/Get_Camera_Img/src/get_img.cpp:131:9:[m[K [01;31m[Kerror: [m[K‚Äò[01m[Kmv_driver[m[K‚Äô was not declared in this scope
[1.955s]   131 |         [01;31m[Kmv_driver[m[K->SetExposureTime(0, 3000);
[1.955s]       |         [01;31m[K^~~~~~~~~[m[K
[1.961s] [01m[K/home/mechax/zyb/radar_station/src/Get_Camera_Img/src/get_img.cpp:133:9:[m[K [01;31m[Kerror: [m[K‚Äò[01m[Kmv_driver[m[K‚Äô was not declared in this scope
[1.961s]   133 |         [01;31m[Kmv_driver[m[K->SetExposureTime(0, 1500);
[1.961s]       |         [01;31m[K^~~~~~~~~[m[K
[2.176s] [01m[K/home/mechax/zyb/radar_station/src/Get_Camera_Img/src/MVCamera.cpp:[m[K In constructor ‚Äò[01m[KMVCamera::MVCamera()[m[K‚Äô:
[2.176s] [01m[K/home/mechax/zyb/radar_station/src/Get_Camera_Img/src/MVCamera.cpp:17:5:[m[K [01;35m[Kwarning: [m[Kstatement has no effect [[01;35m[K]8;;https://gcc.gnu.org/onlinedocs/gcc/Warning-Options.html#index-Wunused-value-Wunused-value]8;;[m[K]
[2.176s]    17 |     [01;35m[KtCapability[m[K;      //ËÆæÂ§áÊèèËø∞‰ø°ÊÅØ
[2.176s]       |     [01;35m[K^~~~~~~~~~~[m[K
[2.176s] [01m[K/home/mechax/zyb/radar_station/src/Get_Camera_Img/src/MVCamera.cpp:18:5:[m[K [01;35m[Kwarning: [m[Kstatement has no effect [[01;35m[K]8;;https://gcc.gnu.org/onlinedocs/gcc/Warning-Options.html#index-Wunused-value-Wunused-value]8;;[m[K]
[2.176s]    18 |     [01;35m[KsFrameInfo[m[K;
[2.177s]       |     [01;35m[K^~~~~~~~~~[m[K
[2.178s] [01m[K/home/mechax/zyb/radar_station/src/Get_Camera_Img/src/MVCamera.cpp:[m[K In member function ‚Äò[01m[Kint MVCamera::Init(int)[m[K‚Äô:
[2.178s] [01m[K/home/mechax/zyb/radar_station/src/Get_Camera_Img/src/MVCamera.cpp:32:9:[m[K [01;35m[Kwarning: [m[Kunused variable ‚Äò[01m[Kcam_id[m[K‚Äô [[01;35m[K]8;;https://gcc.gnu.org/onlinedocs/gcc/Warning-Options.html#index-Wunused-variable-Wunused-variable]8;;[m[K]
[2.178s]    32 |     int [01;35m[Kcam_id[m[K;
[2.178s]       |         [01;35m[K^~~~~~[m[K
[4.075s] gmake[2]: *** [CMakeFiles/Get_Img.dir/build.make:76: CMakeFiles/Get_Img.dir/src/get_img.cpp.o] Error 1
[4.076s] gmake[1]: *** [CMakeFiles/Makefile2:137: CMakeFiles/Get_Img.dir/all] Error 2
[4.076s] gmake: *** [Makefile:146: all] Error 2
[4.078s] Invoked command in '/home/mechax/zyb/radar_station/src/Get_Camera_Img/build/Get_Camera_Img' returned '2': CMAKE_PREFIX_PATH=${CMAKE_PREFIX_PATH}:/opt/ros/humble /usr/bin/cmake --build /home/mechax/zyb/radar_station/src/Get_Camera_Img/build/Get_Camera_Img -- -j16 -l16
