[35m[1mConsolidate compiler generated dependencies of target Get_Img[0m
[ 33%] [32mBuilding CXX object CMakeFiles/Get_Img.dir/src/get_img.cpp.o[0m
In file included from [01m[K/home/mechax/zyb/radar_station/src/Get_Camera_Img/src/get_img.cpp:1[m[K:
[01m[K/home/mechax/zyb/radar_station/src/Get_Camera_Img/include/get_img.hpp:57:5:[m[K [01;31m[Kerror: [m[Kâ€˜[01m[KVideoSaver[m[Kâ€™ does not name a type
   57 |     [01;31m[KVideoSaver[m[K saver;
      |     [01;31m[K^~~~~~~~~~[m[K
[01m[K/home/mechax/zyb/radar_station/src/Get_Camera_Img/src/get_img.cpp:[m[K In member function â€˜[01m[Kbool GetImg::take_and_send_image()[m[Kâ€™:
[01m[K/home/mechax/zyb/radar_station/src/Get_Camera_Img/src/get_img.cpp:180:13:[m[K [01;31m[Kerror: [m[Kâ€˜[01m[Ksaver[m[Kâ€™ was not declared in this scope
  180 |             [01;31m[Ksaver[m[K.write(this->rawImg,rcd_path_);
      |             [01;31m[K^~~~~[m[K
gmake[2]: *** [CMakeFiles/Get_Img.dir/build.make:76: CMakeFiles/Get_Img.dir/src/get_img.cpp.o] Error 1
gmake[1]: *** [CMakeFiles/Makefile2:137: CMakeFiles/Get_Img.dir/all] Error 2
gmake: *** [Makefile:146: all] Error 2
