[0.038s] Invoking command in '/home/mechax/zyb/radar_station/src/Get_Camera_Img/build/Get_Camera_Img': CMAKE_PREFIX_PATH=${CMAKE_PREFIX_PATH}:/opt/ros/humble /usr/bin/cmake --build /home/mechax/zyb/radar_station/src/Get_Camera_Img/build/Get_Camera_Img -- -j16 -l16
[0.065s] [35m[1mConsolidate compiler generated dependencies of target Get_Img[0m
[0.079s] [ 33%] [32mBuilding CXX object CMakeFiles/Get_Img.dir/src/get_img.cpp.o[0m
[1.853s] In file included from [01m[K/home/mechax/zyb/radar_station/src/Get_Camera_Img/src/get_img.cpp:1[m[K:
[1.853s] [01m[K/home/mechax/zyb/radar_station/src/Get_Camera_Img/include/get_img.hpp:60:59:[m[K [01;31m[Kerror: [m[Kredeclaration of â€˜[01m[Krclcpp::Publisher<sensor_msgs::msg::Image_<std::allocator<void> > >::SharedPtr GetImg::img_pub_[m[Kâ€™
[1.853s]    60 |     rclcpp::Publisher<sensor_msgs::msg::Image>::SharedPtr [01;31m[Kimg_pub_[m[K;
[1.853s]       |                                                           [01;31m[K^~~~~~~~[m[K
[1.853s] [01m[K/home/mechax/zyb/radar_station/src/Get_Camera_Img/include/get_img.hpp:40:59:[m[K [01;36m[Knote: [m[Kprevious declaration â€˜[01m[Krclcpp::Publisher<sensor_msgs::msg::Image_<std::allocator<void> > >::SharedPtr GetImg::img_pub_[m[Kâ€™
[1.853s]    40 |     rclcpp::Publisher<sensor_msgs::msg::Image>::SharedPtr [01;36m[Kimg_pub_[m[K;
[1.853s]       |                                                           [01;36m[K^~~~~~~~[m[K
[1.917s] [01m[K/home/mechax/zyb/radar_station/src/Get_Camera_Img/src/get_img.cpp:[m[K In member function â€˜[01m[Kvoid GetImg::camera_init()[m[Kâ€™:
[1.917s] [01m[K/home/mechax/zyb/radar_station/src/Get_Camera_Img/src/get_img.cpp:82:5:[m[K [01;31m[Kerror: [m[Kâ€˜[01m[Kimage_pub_[m[Kâ€™ was not declared in this scope; did you mean â€˜[01m[Kimg_pub_[m[Kâ€™?
[1.917s]    82 |     [01;31m[Kimage_pub_[m[K = this->create_publisher<sensor_msgs::msg::Image>("image_raw", 1);
[1.917s]       |     [01;31m[K^~~~~~~~~~[m[K
[1.917s]       |     [32m[Kimg_pub_[m[K
[3.632s] gmake[2]: *** [CMakeFiles/Get_Img.dir/build.make:76: CMakeFiles/Get_Img.dir/src/get_img.cpp.o] Error 1
[3.632s] gmake[1]: *** [CMakeFiles/Makefile2:137: CMakeFiles/Get_Img.dir/all] Error 2
[3.632s] gmake: *** [Makefile:146: all] Error 2
[3.634s] Invoked command in '/home/mechax/zyb/radar_station/src/Get_Camera_Img/build/Get_Camera_Img' returned '2': CMAKE_PREFIX_PATH=${CMAKE_PREFIX_PATH}:/opt/ros/humble /usr/bin/cmake --build /home/mechax/zyb/radar_station/src/Get_Camera_Img/build/Get_Camera_Img -- -j16 -l16
