[35m[1mConsolidate compiler generated dependencies of target Img_Sub[0m
[ 25%] Built target Img_Pub
[ 62%] Built target main
[ 75%] [32mBuilding CXX object CMakeFiles/Img_Sub.dir/src/img_sub.cpp.o[0m
[01m[K/home/mechax/zyb/radar_station/src/Img_Handle/src/img_sub.cpp:[m[K In member function â€˜[01m[Kvoid Img_Sub::img_callback(sensor_msgs::msg::Image)[m[Kâ€™:
[01m[K/home/mechax/zyb/radar_station/src/Img_Handle/src/img_sub.cpp:19:45:[m[K [01;31m[Kerror: [m[Kâ€˜[01m[KNull[m[Kâ€™ was not declared in this scope
   19 |     my_msgss::msg::Yolopoints robot_boxes = [01;31m[KNull[m[K;
      |                                             [01;31m[K^~~~[m[K
[01m[K/home/mechax/zyb/radar_station/src/Img_Handle/src/img_sub.cpp:[m[K At global scope:
[01m[K/home/mechax/zyb/radar_station/src/Img_Handle/src/img_sub.cpp:60:26:[m[K [01;31m[Kerror: [m[Kâ€˜[01m[Kmy_msgss::msg::Yolopoint Img_Sub::rect2msg[m[Kâ€™ is not a static data member of â€˜[01m[Kclass Img_Sub[m[Kâ€™
   60 | my_msgss::msg::Yolopoint [01;31m[KImg_Sub[m[K::rect2msg(vectir<Detection> yolo_detection, cv::Mat &img)
      |                          [01;31m[K^~~~~~~[m[K
[01m[K/home/mechax/zyb/radar_station/src/Img_Handle/src/img_sub.cpp:60:44:[m[K [01;31m[Kerror: [m[Kâ€˜[01m[Kvectir[m[Kâ€™ was not declared in this scope
   60 | my_msgss::msg::Yolopoint Img_Sub::rect2msg([01;31m[Kvectir[m[K<Detection> yolo_detection, cv::Mat &img)
      |                                            [01;31m[K^~~~~~[m[K
[01m[K/home/mechax/zyb/radar_station/src/Img_Handle/src/img_sub.cpp:60:60:[m[K [01;31m[Kerror: [m[Kexpected primary-expression before â€˜[01m[K>[m[Kâ€™ token
   60 | my_msgss::msg::Yolopoint Img_Sub::rect2msg(vectir<Detection[01;31m[K>[m[K yolo_detection, cv::Mat &img)
      |                                                            [01;31m[K^[m[K
[01m[K/home/mechax/zyb/radar_station/src/Img_Handle/src/img_sub.cpp:60:62:[m[K [01;31m[Kerror: [m[Kâ€˜[01m[Kyolo_detection[m[Kâ€™ was not declared in this scope
   60 | my_msgss::msg::Yolopoint Img_Sub::rect2msg(vectir<Detection> [01;31m[Kyolo_detection[m[K, cv::Mat &img)
      |                                                              [01;31m[K^~~~~~~~~~~~~~[m[K
[01m[K/home/mechax/zyb/radar_station/src/Img_Handle/src/img_sub.cpp:60:86:[m[K [01;31m[Kerror: [m[Kexpected primary-expression before â€˜[01m[K&[m[Kâ€™ token
   60 | my_msgss::msg::Yolopoint Img_Sub::rect2msg(vectir<Detection> yolo_detection, cv::Mat [01;31m[K&[m[Kimg)
      |                                                                                      [01;31m[K^[m[K
[01m[K/home/mechax/zyb/radar_station/src/Img_Handle/src/img_sub.cpp:60:87:[m[K [01;31m[Kerror: [m[Kâ€˜[01m[Kimg[m[Kâ€™ was not declared in this scope
   60 | my_msgss::msg::Yolopoint Img_Sub::rect2msg(vectir<Detection> yolo_detection, cv::Mat &[01;31m[Kimg[m[K)
      |                                                                                       [01;31m[K^~~[m[K
[01m[K/home/mechax/zyb/radar_station/src/Img_Handle/src/img_sub.cpp:61:1:[m[K [01;31m[Kerror: [m[Kexpected â€˜[01m[K,[m[Kâ€™ or â€˜[01m[K;[m[Kâ€™ before â€˜[01m[K{[m[Kâ€™ token
   61 | [01;31m[K{[m[K
      | [01;31m[K^[m[K
[01m[K/home/mechax/zyb/radar_station/src/Img_Handle/src/img_sub.cpp:[m[K In member function â€˜[01m[Kvoid Img_Sub::yolo_robot_identify()[m[Kâ€™:
[01m[K/home/mechax/zyb/radar_station/src/Img_Handle/src/img_sub.cpp:108:60:[m[K [01;31m[Kerror: [m[Kâ€˜[01m[Kusing Yolopoint = struct my_msgss::msg::Yolopoint_<std::allocator<void> >[m[Kâ€™ {aka â€˜[01m[Kstruct my_msgss::msg::Yolopoint_<std::allocator<void> >[m[Kâ€™} has no member named â€˜[01m[Kbox[m[Kâ€™
  108 |             this->yolo_armor_identify(robot_box, robot_box.[01;31m[Kbox[m[K);
      |                                                            [01;31m[K^~~[m[K
[01m[K/home/mechax/zyb/radar_station/src/Img_Handle/src/img_sub.cpp:[m[K In member function â€˜[01m[Kvoid Img_Sub::draw_img()[m[Kâ€™:
[01m[K/home/mechax/zyb/radar_station/src/Img_Handle/src/img_sub.cpp:196:20:[m[K [01;35m[Kwarning: [m[Kcomparison of integer expressions of different signedness: â€˜[01m[Kint[m[Kâ€™ and â€˜[01m[Kstd::vector<my_msgss::msg::Yolopoint_<std::allocator<void> >, std::allocator<my_msgss::msg::Yolopoint_<std::allocator<void> > > >::size_type[m[Kâ€™ {aka â€˜[01m[Klong unsigned int[m[Kâ€™} [[01;35m[K]8;;https://gcc.gnu.org/onlinedocs/gcc/Warning-Options.html#index-Wsign-compare-Wsign-compare]8;;[m[K]
  196 |     for(int i =0 ;[01;35m[Ki<this->robot_boxes.data.size()[m[K;i++)
      |                   [01;35m[K~^~~~~~~~~~~~~~~~~~~~~~~~~~~~~~[m[K
[01m[K/home/mechax/zyb/radar_station/src/Img_Handle/src/img_sub.cpp:[m[K In member function â€˜[01m[Kvoid Img_Sub::test()[m[Kâ€™:
[01m[K/home/mechax/zyb/radar_station/src/Img_Handle/src/img_sub.cpp:226:30:[m[K [01;31m[Kerror: [m[Kno matching function for call to â€˜[01m[KImg_Sub::yolo_armor_identify()[m[Kâ€™
  226 |     [01;31m[Kthis->yolo_armor_identify()[m[K;
      |     [01;31m[K~~~~~~~~~~~~~~~~~~~~~~~~~^~[m[K
[01m[K/home/mechax/zyb/radar_station/src/Img_Handle/src/img_sub.cpp:140:6:[m[K [01;36m[Knote: [m[Kcandidate: â€˜[01m[Kvoid Img_Sub::yolo_armor_identify(my_msgss::msg::Yolopoint&, cv::Rect&)[m[Kâ€™
  140 | void [01;36m[KImg_Sub[m[K::yolo_armor_identify(my_msgss::msg::Yolopoint &robot_box, cv::Rect &box)
      |      [01;36m[K^~~~~~~[m[K
[01m[K/home/mechax/zyb/radar_station/src/Img_Handle/src/img_sub.cpp:140:6:[m[K [01;36m[Knote: [m[K  candidate expects 2 arguments, 0 provided
gmake[2]: *** [CMakeFiles/Img_Sub.dir/build.make:76: CMakeFiles/Img_Sub.dir/src/img_sub.cpp.o] Error 1
gmake[1]: *** [CMakeFiles/Makefile2:167: CMakeFiles/Img_Sub.dir/all] Error 2
gmake: *** [Makefile:146: all] Error 2
