-- The C compiler identification is GNU 11.4.0
-- The CXX compiler identification is GNU 11.4.0
-- Detecting C compiler ABI info
-- Detecting C compiler ABI info - done
-- Check for working C compiler: /usr/bin/cc - skipped
-- Detecting C compile features
-- Detecting C compile features - done
-- Detecting CXX compiler ABI info
-- Detecting CXX compiler ABI info - done
-- Check for working CXX compiler: /usr/bin/c++ - skipped
-- Detecting CXX compile features
-- Detecting CXX compile features - done
-- Found ament_cmake: 1.3.8 (/opt/ros/humble/share/ament_cmake/cmake)
-- Found Python3: /usr/bin/python3 (found version "3.10.12") found components: Interpreter 
-- Found rclcpp: 16.0.8 (/opt/ros/humble/share/rclcpp/cmake)
-- Found rosidl_generator_c: 3.1.5 (/opt/ros/humble/share/rosidl_generator_c/cmake)
-- Found rosidl_adapter: 3.1.5 (/opt/ros/humble/share/rosidl_adapter/cmake)
-- Found rosidl_generator_cpp: 3.1.5 (/opt/ros/humble/share/rosidl_generator_cpp/cmake)
-- Using all available rosidl_typesupport_c: rosidl_typesupport_fastrtps_c;rosidl_typesupport_introspection_c
-- Using all available rosidl_typesupport_cpp: rosidl_typesupport_fastrtps_cpp;rosidl_typesupport_introspection_cpp
-- Found rmw_implementation_cmake: 6.1.1 (/opt/ros/humble/share/rmw_implementation_cmake/cmake)
-- Found rmw_fastrtps_cpp: 6.2.6 (/opt/ros/humble/share/rmw_fastrtps_cpp/cmake)
-- Found OpenSSL: /usr/lib/x86_64-linux-gnu/libcrypto.so (found version "3.0.2")  
-- Found FastRTPS: /opt/ros/humble/include  
-- Using RMW implementation 'rmw_fastrtps_cpp' as default
-- Looking for pthread.h
-- Looking for pthread.h - found
-- Performing Test CMAKE_HAVE_LIBC_PTHREAD
-- Performing Test CMAKE_HAVE_LIBC_PTHREAD - Success
-- Found Threads: TRUE  
-- Found sensor_msgs: 4.2.3 (/opt/ros/humble/share/sensor_msgs/cmake)
-- Found OpenCV: /usr/local/opencv3 (found version "3.4.16") 
-- Found cv_bridge: 3.2.1 (/opt/ros/humble/share/cv_bridge/cmake)
-- Found my_msgss: 0.0.0 (/home/qianli/zyb/radar_station/install/my_msgss/share/my_msgss/cmake)
WARNING: Package name "Img_Handle" does not follow the naming conventions. It should start with a lower case letter and only contain lower case letters, digits, underscores, and dashes.
-- Configuring done
-- Generating done
-- Build files have been written to: /home/qianli/zyb/radar_station/build/Img_Handle
[ 25%] [32mBuilding CXX object CMakeFiles/Img_Sub.dir/src/img_sub.cpp.o[0m
[ 25%] [32mBuilding CXX object CMakeFiles/Img_Pub.dir/src/img_pub.cpp.o[0m
[ 37%] [32mBuilding CXX object CMakeFiles/Img_Sub.dir/src/inference.cpp.o[0m
[ 62%] [32mBuilding CXX object CMakeFiles/main.dir/src/inference.cpp.o[0m
[ 62%] [32mBuilding CXX object CMakeFiles/main.dir/src/main.cpp.o[0m
[01m[K/home/qianli/zyb/radar_station/src/Img_Handle/src/inference.cpp:[m[K In member function ‚Äò[01m[Kvoid Inference::loadOnnxNetwork()[m[K‚Äô:
[01m[K/home/qianli/zyb/radar_station/src/Img_Handle/src/inference.cpp:171:43:[m[K [01;31m[Kerror: [m[K‚Äò[01m[KDNN_BACKEND_CUDA[m[K‚Äô is not a member of ‚Äò[01m[Kcv::dnn[m[K‚Äô
  171 |         net.setPreferableBackend(cv::dnn::[01;31m[KDNN_BACKEND_CUDA[m[K);
      |                                           [01;31m[K^~~~~~~~~~~~~~~~[m[K
[01m[K/home/qianli/zyb/radar_station/src/Img_Handle/src/inference.cpp:172:42:[m[K [01;31m[Kerror: [m[K‚Äò[01m[KDNN_TARGET_CUDA[m[K‚Äô is not a member of ‚Äò[01m[Kcv::dnn[m[K‚Äô
  172 |         net.setPreferableTarget(cv::dnn::[01;31m[KDNN_TARGET_CUDA[m[K);
      |                                          [01;31m[K^~~~~~~~~~~~~~~[m[K
gmake[2]: *** [CMakeFiles/main.dir/build.make:90ÔºöCMakeFiles/main.dir/src/inference.cpp.o] ÈîôËØØ 1
gmake[2]: *** Ê≠£Âú®Á≠âÂæÖÊú™ÂÆåÊàêÁöÑ‰ªªÂä°....
[01m[K/home/qianli/zyb/radar_station/src/Img_Handle/src/main.cpp:[m[K In function ‚Äò[01m[Kint main(int, char**)[m[K‚Äô:
[01m[K/home/qianli/zyb/radar_station/src/Img_Handle/src/main.cpp:31:23:[m[K [01;35m[Kwarning: [m[Kcomparison of integer expressions of different signedness: ‚Äò[01m[Kint[m[K‚Äô and ‚Äò[01m[Kstd::vector<std::__cxx11::basic_string<char> >::size_type[m[K‚Äô {aka ‚Äò[01m[Klong unsigned int[m[K‚Äô} [[01;35m[K]8;;https://gcc.gnu.org/onlinedocs/gcc/Warning-Options.html#index-Wsign-compare-Wsign-compare]8;;[m[K]
   31 |     for (int i = 0; [01;35m[Ki < imageNames.size()[m[K; ++i)
      |                     [01;35m[K~~^~~~~~~~~~~~~~~~~~~[m[K
[01m[K/home/qianli/zyb/radar_station/src/Img_Handle/src/main.cpp:12:14:[m[K [01;35m[Kwarning: [m[Kunused parameter ‚Äò[01m[Kargc[m[K‚Äô [[01;35m[K]8;;https://gcc.gnu.org/onlinedocs/gcc/Warning-Options.html#index-Wunused-parameter-Wunused-parameter]8;;[m[K]
   12 | int main([01;35m[Kint argc[m[K, char **argv)
      |          [01;35m[K~~~~^~~~[m[K
[01m[K/home/qianli/zyb/radar_station/src/Img_Handle/src/main.cpp:12:27:[m[K [01;35m[Kwarning: [m[Kunused parameter ‚Äò[01m[Kargv[m[K‚Äô [[01;35m[K]8;;https://gcc.gnu.org/onlinedocs/gcc/Warning-Options.html#index-Wunused-parameter-Wunused-parameter]8;;[m[K]
   12 | int main(int argc, [01;35m[Kchar **argv[m[K)
      |                    [01;35m[K~~~~~~~^~~~[m[K
[01m[K/home/qianli/zyb/radar_station/src/Img_Handle/src/inference.cpp:[m[K In member function ‚Äò[01m[Kvoid Inference::loadOnnxNetwork()[m[K‚Äô:
[01m[K/home/qianli/zyb/radar_station/src/Img_Handle/src/inference.cpp:171:43:[m[K [01;31m[Kerror: [m[K‚Äò[01m[KDNN_BACKEND_CUDA[m[K‚Äô is not a member of ‚Äò[01m[Kcv::dnn[m[K‚Äô
  171 |         net.setPreferableBackend(cv::dnn::[01;31m[KDNN_BACKEND_CUDA[m[K);
      |                                           [01;31m[K^~~~~~~~~~~~~~~~[m[K
[01m[K/home/qianli/zyb/radar_station/src/Img_Handle/src/inference.cpp:172:42:[m[K [01;31m[Kerror: [m[K‚Äò[01m[KDNN_TARGET_CUDA[m[K‚Äô is not a member of ‚Äò[01m[Kcv::dnn[m[K‚Äô
  172 |         net.setPreferableTarget(cv::dnn::[01;31m[KDNN_TARGET_CUDA[m[K);
      |                                          [01;31m[K^~~~~~~~~~~~~~~[m[K
gmake[2]: *** [CMakeFiles/Img_Sub.dir/build.make:90ÔºöCMakeFiles/Img_Sub.dir/src/inference.cpp.o] ÈîôËØØ 1
gmake[2]: *** Ê≠£Âú®Á≠âÂæÖÊú™ÂÆåÊàêÁöÑ‰ªªÂä°....
gmake[1]: *** [CMakeFiles/Makefile2:193ÔºöCMakeFiles/main.dir/all] ÈîôËØØ 2
gmake[1]: *** Ê≠£Âú®Á≠âÂæÖÊú™ÂÆåÊàêÁöÑ‰ªªÂä°....
[01m[K/home/qianli/zyb/radar_station/src/Img_Handle/src/img_sub.cpp:[m[K In member function ‚Äò[01m[Kvoid Img_Sub::draw_img(cv::Mat&, my_msgss::msg::Yolopoints&)[m[K‚Äô:
[01m[K/home/qianli/zyb/radar_station/src/Img_Handle/src/img_sub.cpp:256:20:[m[K [01;35m[Kwarning: [m[Kcomparison of integer expressions of different signedness: ‚Äò[01m[Kint[m[K‚Äô and ‚Äò[01m[Kstd::vector<my_msgss::msg::Yolopoint_<std::allocator<void> >, std::allocator<my_msgss::msg::Yolopoint_<std::allocator<void> > > >::size_type[m[K‚Äô {aka ‚Äò[01m[Klong unsigned int[m[K‚Äô} [[01;35m[K]8;;https://gcc.gnu.org/onlinedocs/gcc/Warning-Options.html#index-Wsign-compare-Wsign-compare]8;;[m[K]
  256 |     for(int i =0 ;[01;35m[Ki<robot_boxes.data.size()[m[K;i++)
      |                   [01;35m[K~^~~~~~~~~~~~~~~~~~~~~~~~[m[K
[ 75%] [32m[1mLinking CXX executable Img_Pub[0m
[ 75%] Built target Img_Pub
gmake[1]: *** [CMakeFiles/Makefile2:167ÔºöCMakeFiles/Img_Sub.dir/all] ÈîôËØØ 2
gmake: *** [Makefile:146Ôºöall] ÈîôËØØ 2
