[0.031s] Invoking command in '/home/mechax/zyb/radar_station/src/Get_Camera_Img/build/Get_Camera_Img': CMAKE_PREFIX_PATH=${CMAKE_PREFIX_PATH}:/opt/ros/humble /usr/bin/cmake --build /home/mechax/zyb/radar_station/src/Get_Camera_Img/build/Get_Camera_Img -- -j16 -l16
[0.045s] -- Found ament_cmake: 1.3.6 (/opt/ros/humble/share/ament_cmake/cmake)
[0.127s] -- Found rclcpp: 16.0.7 (/opt/ros/humble/share/rclcpp/cmake)
[0.144s] -- Found rosidl_generator_c: 3.1.5 (/opt/ros/humble/share/rosidl_generator_c/cmake)
[0.145s] -- Found rosidl_adapter: 3.1.5 (/opt/ros/humble/share/rosidl_adapter/cmake)
[0.148s] -- Found rosidl_generator_cpp: 3.1.5 (/opt/ros/humble/share/rosidl_generator_cpp/cmake)
[0.155s] -- Using all available rosidl_typesupport_c: rosidl_typesupport_fastrtps_c;rosidl_typesupport_introspection_c
[0.163s] -- Using all available rosidl_typesupport_cpp: rosidl_typesupport_fastrtps_cpp;rosidl_typesupport_introspection_cpp
[0.197s] -- Found rmw_implementation_cmake: 6.1.1 (/opt/ros/humble/share/rmw_implementation_cmake/cmake)
[0.198s] -- Found rmw_fastrtps_cpp: 6.2.5 (/opt/ros/humble/share/rmw_fastrtps_cpp/cmake)
[0.265s] -- Using RMW implementation 'rmw_fastrtps_cpp' as default
[0.355s] -- Found sensor_msgs: 4.2.3 (/opt/ros/humble/share/sensor_msgs/cmake)
[0.428s] -- Found cv_bridge: 3.2.1 (/opt/ros/humble/share/cv_bridge/cmake)
[0.432s] -- Found ament_lint_auto: 0.12.9 (/opt/ros/humble/share/ament_lint_auto/cmake)
[0.463s] WARNING: Package name "Get_Camera_Img" does not follow the naming conventions. It should start with a lower case letter and only contain lower case letters, digits, underscores, and dashes.
[0.476s] -- Added test 'cppcheck' to perform static code analysis on C / C++ code
[0.476s] -- Configured cppcheck include dirs: /home/mechax/zyb/radar_station/src/Get_Camera_Img/include
[0.476s] -- Configured cppcheck exclude dirs and/or files: 
[0.477s] -- Added test 'flake8' to check Python code syntax and style conventions
[0.479s] -- Added test 'lint_cmake' to check CMake code style
[0.479s] -- Added test 'pep257' to check Python code against some of the docstring style conventions in PEP 257
[0.484s] -- Added test 'uncrustify' to check C / C++ code style
[0.484s] -- Configured uncrustify additional arguments: 
[0.485s] -- Added test 'xmllint' to check XML markup files
[0.485s] -- Configuring done
[0.491s] -- Generating done
[0.492s] -- Build files have been written to: /home/mechax/zyb/radar_station/src/Get_Camera_Img/build/Get_Camera_Img
[0.508s] [35m[1mConsolidate compiler generated dependencies of target Get_Img[0m
[0.520s] [ 66%] [32mBuilding CXX object CMakeFiles/Get_Img.dir/src/MVCamera.cpp.o[0m
[0.520s] [ 66%] [32mBuilding CXX object CMakeFiles/Get_Img.dir/src/get_img.cpp.o[0m
[0.525s] [01m[K/home/mechax/zyb/radar_station/src/Get_Camera_Img/src/MVCamera.cpp:1:10:[m[K [01;31m[Kfatal error: [m[KCameraDefine.hpp: No such file or directory
[0.525s]     1 | #include [01;31m[K"CameraDefine.hpp"[m[K
[0.525s]       |          [01;31m[K^~~~~~~~~~~~~~~~~~[m[K
[0.525s] compilation terminated.
[0.525s] gmake[2]: *** [CMakeFiles/Get_Img.dir/build.make:90: CMakeFiles/Get_Img.dir/src/MVCamera.cpp.o] Error 1
[0.525s] gmake[2]: *** Waiting for unfinished jobs....
[0.676s] In file included from [01m[K/home/mechax/zyb/radar_station/src/Get_Camera_Img/include/get_img.hpp:8[m[K,
[0.676s]                  from [01m[K/home/mechax/zyb/radar_station/src/Get_Camera_Img/src/get_img.cpp:1[m[K:
[0.676s] [01m[K/home/mechax/zyb/radar_station/src/Get_Camera_Img/include/MVCamera.hpp:2:10:[m[K [01;31m[Kfatal error: [m[KCameraApi.hpp: No such file or directory
[0.676s]     2 | #include [01;31m[K"CameraApi.hpp"[m[K  //ç›¸æœºSDKå¤´æ–‡ä»¶
[0.676s]       |          [01;31m[K^~~~~~~~~~~~~~~[m[K
[0.676s] compilation terminated.
[0.681s] gmake[2]: *** [CMakeFiles/Get_Img.dir/build.make:76: CMakeFiles/Get_Img.dir/src/get_img.cpp.o] Error 1
[0.681s] gmake[1]: *** [CMakeFiles/Makefile2:137: CMakeFiles/Get_Img.dir/all] Error 2
[0.681s] gmake: *** [Makefile:146: all] Error 2
[0.683s] Invoked command in '/home/mechax/zyb/radar_station/src/Get_Camera_Img/build/Get_Camera_Img' returned '2': CMAKE_PREFIX_PATH=${CMAKE_PREFIX_PATH}:/opt/ros/humble /usr/bin/cmake --build /home/mechax/zyb/radar_station/src/Get_Camera_Img/build/Get_Camera_Img -- -j16 -l16
