[0.072s] Invoking command in '/home/mechax/zyb/radar_station/build/Get_Camera_Img': CMAKE_PREFIX_PATH=${CMAKE_PREFIX_PATH}:/opt/ros/humble /usr/bin/cmake /home/mechax/zyb/radar_station/src/Get_Camera_Img -DCMAKE_EXPORT_CONPILE_COMMANDS=ON -DCMAKE_INSTALL_PREFIX=/home/mechax/zyb/radar_station/install/Get_Camera_Img
[0.110s] -- The C compiler identification is GNU 11.4.0
[0.146s] -- The CXX compiler identification is GNU 11.4.0
[0.151s] -- Detecting C compiler ABI info
[0.194s] -- Detecting C compiler ABI info - done
[0.198s] -- Check for working C compiler: /usr/bin/cc - skipped
[0.198s] -- Detecting C compile features
[0.199s] -- Detecting C compile features - done
[0.201s] -- Detecting CXX compiler ABI info
[0.248s] -- Detecting CXX compiler ABI info - done
[0.252s] -- Check for working CXX compiler: /usr/bin/c++ - skipped
[0.252s] -- Detecting CXX compile features
[0.252s] -- Detecting CXX compile features - done
[0.255s] -- Found ament_cmake: 1.3.6 (/opt/ros/humble/share/ament_cmake/cmake)
[0.361s] -- Found Python3: /usr/bin/python3.10 (found version "3.10.12") found components: Interpreter 
[0.422s] -- Found rclcpp: 16.0.7 (/opt/ros/humble/share/rclcpp/cmake)
[0.450s] -- Found rosidl_generator_c: 3.1.5 (/opt/ros/humble/share/rosidl_generator_c/cmake)
[0.453s] -- Found rosidl_adapter: 3.1.5 (/opt/ros/humble/share/rosidl_adapter/cmake)
[0.458s] -- Found rosidl_generator_cpp: 3.1.5 (/opt/ros/humble/share/rosidl_generator_cpp/cmake)
[0.466s] -- Using all available rosidl_typesupport_c: rosidl_typesupport_fastrtps_c;rosidl_typesupport_introspection_c
[0.476s] -- Using all available rosidl_typesupport_cpp: rosidl_typesupport_fastrtps_cpp;rosidl_typesupport_introspection_cpp
[0.519s] -- Found rmw_implementation_cmake: 6.1.1 (/opt/ros/humble/share/rmw_implementation_cmake/cmake)
[0.521s] -- Found rmw_fastrtps_cpp: 6.2.5 (/opt/ros/humble/share/rmw_fastrtps_cpp/cmake)
[0.579s] -- Found OpenSSL: /usr/lib/x86_64-linux-gnu/libcrypto.so (found version "3.0.2")  
[0.596s] -- Found FastRTPS: /opt/ros/humble/include  
[0.625s] -- Using RMW implementation 'rmw_fastrtps_cpp' as default
[0.631s] -- Looking for pthread.h
[0.675s] -- Looking for pthread.h - found
[0.675s] -- Performing Test CMAKE_HAVE_LIBC_PTHREAD
[0.721s] -- Performing Test CMAKE_HAVE_LIBC_PTHREAD - Success
[0.722s] -- Found Threads: TRUE  
[0.812s] -- Found sensor_msgs: 4.2.3 (/opt/ros/humble/share/sensor_msgs/cmake)
[0.886s] -- Found OpenCV: /usr/local (found version "4.8.0") 
[0.887s] -- Found cv_bridge: 3.2.1 (/opt/ros/humble/share/cv_bridge/cmake)
[0.892s] -- Found ament_lint_auto: 0.12.9 (/opt/ros/humble/share/ament_lint_auto/cmake)
[0.924s] WARNING: Package name "Get_Camera_Img" does not follow the naming conventions. It should start with a lower case letter and only contain lower case letters, digits, underscores, and dashes.
[0.948s] -- Added test 'cppcheck' to perform static code analysis on C / C++ code
[0.948s] -- Configured cppcheck include dirs: /home/mechax/zyb/radar_station/src/Get_Camera_Img/include
[0.948s] -- Configured cppcheck exclude dirs and/or files: 
[0.949s] -- Added test 'flake8' to check Python code syntax and style conventions
[0.952s] -- Added test 'lint_cmake' to check CMake code style
[0.953s] -- Added test 'pep257' to check Python code against some of the docstring style conventions in PEP 257
[0.963s] -- Added test 'uncrustify' to check C / C++ code style
[0.963s] -- Configured uncrustify additional arguments: 
[0.964s] -- Added test 'xmllint' to check XML markup files
[0.965s] -- Configuring done
[0.971s] -- Generating done
[0.972s] [33mCMake Warning:
[0.972s]   Manually-specified variables were not used by the project:
[0.972s] 
[0.972s]     CMAKE_EXPORT_CONPILE_COMMANDS
[0.972s] 
[0.972s] [0m
[0.972s] -- Build files have been written to: /home/mechax/zyb/radar_station/build/Get_Camera_Img
[0.979s] Invoked command in '/home/mechax/zyb/radar_station/build/Get_Camera_Img' returned '0': CMAKE_PREFIX_PATH=${CMAKE_PREFIX_PATH}:/opt/ros/humble /usr/bin/cmake /home/mechax/zyb/radar_station/src/Get_Camera_Img -DCMAKE_EXPORT_CONPILE_COMMANDS=ON -DCMAKE_INSTALL_PREFIX=/home/mechax/zyb/radar_station/install/Get_Camera_Img
[0.979s] Invoking command in '/home/mechax/zyb/radar_station/build/Get_Camera_Img': CMAKE_PREFIX_PATH=${CMAKE_PREFIX_PATH}:/opt/ros/humble /usr/bin/cmake --build /home/mechax/zyb/radar_station/build/Get_Camera_Img -- -j16 -l16
[1.010s] [ 66%] [32mBuilding CXX object CMakeFiles/Get_Img.dir/src/MVCamera.cpp.o[0m
[1.010s] [ 66%] [32mBuilding CXX object CMakeFiles/Get_Img.dir/src/get_img.cpp.o[0m
[3.848s] [01m[K/home/mechax/zyb/radar_station/src/Get_Camera_Img/src/MVCamera.cpp:[m[K In constructor ‚Äò[01m[KMVCamera::MVCamera()[m[K‚Äô:
[3.849s] [01m[K/home/mechax/zyb/radar_station/src/Get_Camera_Img/src/MVCamera.cpp:17:5:[m[K [01;35m[Kwarning: [m[Kstatement has no effect [[01;35m[K]8;;https://gcc.gnu.org/onlinedocs/gcc/Warning-Options.html#index-Wunused-value-Wunused-value]8;;[m[K]
[3.849s]    17 |     [01;35m[KtCapability[m[K;      //ËÆæÂ§áÊèèËø∞‰ø°ÊÅØ
[3.849s]       |     [01;35m[K^~~~~~~~~~~[m[K
[3.849s] [01m[K/home/mechax/zyb/radar_station/src/Get_Camera_Img/src/MVCamera.cpp:18:5:[m[K [01;35m[Kwarning: [m[Kstatement has no effect [[01;35m[K]8;;https://gcc.gnu.org/onlinedocs/gcc/Warning-Options.html#index-Wunused-value-Wunused-value]8;;[m[K]
[3.849s]    18 |     [01;35m[KsFrameInfo[m[K;
[3.849s]       |     [01;35m[K^~~~~~~~~~[m[K
[3.850s] [01m[K/home/mechax/zyb/radar_station/src/Get_Camera_Img/src/MVCamera.cpp:[m[K In member function ‚Äò[01m[Kint MVCamera::Init(int)[m[K‚Äô:
[3.850s] [01m[K/home/mechax/zyb/radar_station/src/Get_Camera_Img/src/MVCamera.cpp:32:9:[m[K [01;35m[Kwarning: [m[Kunused variable ‚Äò[01m[Kcam_id[m[K‚Äô [[01;35m[K]8;;https://gcc.gnu.org/onlinedocs/gcc/Warning-Options.html#index-Wunused-variable-Wunused-variable]8;;[m[K]
[3.850s]    32 |     int [01;35m[Kcam_id[m[K;
[3.850s]       |         [01;35m[K^~~~~~[m[K
[10.702s] gmake[2]: *** [CMakeFiles/Get_Img.dir/build.make:76: CMakeFiles/Get_Img.dir/src/get_img.cpp.o] Interrupt
[10.702s] gmake[1]: *** [CMakeFiles/Makefile2:137: CMakeFiles/Get_Img.dir/all] Interrupt
[10.702s] gmake: *** [Makefile:146: all] Interrupt
[10.705s] Invoked command in '/home/mechax/zyb/radar_station/build/Get_Camera_Img' returned '-2': CMAKE_PREFIX_PATH=${CMAKE_PREFIX_PATH}:/opt/ros/humble /usr/bin/cmake --build /home/mechax/zyb/radar_station/build/Get_Camera_Img -- -j16 -l16
