[0.062s] Invoking command in '/home/mechax/zyb/radar_station/build/Img_Handle': AMENT_PREFIX_PATH=/home/mechax/zyb/radar_station/install/my_msgss:${AMENT_PREFIX_PATH} CMAKE_PREFIX_PATH=/home/mechax/zyb/radar_station/install/my_msgss:/home/mechax/ws_livox/install/livox_ros2_driver:/home/mechax/ws_livox/install/livox_sdk_vendor:/home/mechax/ws_livox/install/livox_interfaces:/opt/ros/humble LD_LIBRARY_PATH=/home/mechax/zyb/radar_station/install/my_msgss/lib:${LD_LIBRARY_PATH} PYTHONPATH=/home/mechax/zyb/radar_station/install/my_msgss/local/lib/python3.10/dist-packages:${PYTHONPATH} /usr/bin/cmake --build /home/mechax/zyb/radar_station/build/Img_Handle -- -j16 -l16
[0.089s] [35m[1mConsolidate compiler generated dependencies of target Img_Sub[0m
[0.097s] [ 25%] Built target Img_Pub
[0.101s] [ 37%] [32mBuilding CXX object CMakeFiles/Img_Sub.dir/src/img_sub.cpp.o[0m
[0.101s] [ 75%] Built target main
[1.912s] [01m[K/home/mechax/zyb/radar_station/src/Img_Handle/src/img_sub.cpp:[m[K In member function â€˜[01m[Kvoid Img_Sub::img_callback(sensor_msgs::msg::Image)[m[Kâ€™:
[1.912s] [01m[K/home/mechax/zyb/radar_station/src/Img_Handle/src/img_sub.cpp:19:19:[m[K [01;31m[Kerror: [m[Kâ€˜[01m[KNull[m[Kâ€™ was not declared in this scope
[1.912s]    19 |     robot_boxes = [01;31m[KNull[m[K;
[1.912s]       |                   [01;31m[K^~~~[m[K
[1.917s] [01m[K/home/mechax/zyb/radar_station/src/Img_Handle/src/img_sub.cpp:[m[K At global scope:
[1.917s] [01m[K/home/mechax/zyb/radar_station/src/Img_Handle/src/img_sub.cpp:60:26:[m[K [01;31m[Kerror: [m[Kâ€˜[01m[Kmy_msgss::msg::Yolopoint Img_Sub::rect2msg[m[Kâ€™ is not a static data member of â€˜[01m[Kclass Img_Sub[m[Kâ€™
[1.917s]    60 | my_msgss::msg::Yolopoint [01;31m[KImg_Sub[m[K::rect2msg(vectir<Detection> yolo_detection, cv::Mat &img)
[1.917s]       |                          [01;31m[K^~~~~~~[m[K
[1.922s] [01m[K/home/mechax/zyb/radar_station/src/Img_Handle/src/img_sub.cpp:60:44:[m[K [01;31m[Kerror: [m[Kâ€˜[01m[Kvectir[m[Kâ€™ was not declared in this scope
[1.922s]    60 | my_msgss::msg::Yolopoint Img_Sub::rect2msg([01;31m[Kvectir[m[K<Detection> yolo_detection, cv::Mat &img)
[1.922s]       |                                            [01;31m[K^~~~~~[m[K
[1.922s] [01m[K/home/mechax/zyb/radar_station/src/Img_Handle/src/img_sub.cpp:60:60:[m[K [01;31m[Kerror: [m[Kexpected primary-expression before â€˜[01m[K>[m[Kâ€™ token
[1.922s]    60 | my_msgss::msg::Yolopoint Img_Sub::rect2msg(vectir<Detection[01;31m[K>[m[K yolo_detection, cv::Mat &img)
[1.922s]       |                                                            [01;31m[K^[m[K
[1.928s] [01m[K/home/mechax/zyb/radar_station/src/Img_Handle/src/img_sub.cpp:60:62:[m[K [01;31m[Kerror: [m[Kâ€˜[01m[Kyolo_detection[m[Kâ€™ was not declared in this scope
[1.928s]    60 | my_msgss::msg::Yolopoint Img_Sub::rect2msg(vectir<Detection> [01;31m[Kyolo_detection[m[K, cv::Mat &img)
[1.928s]       |                                                              [01;31m[K^~~~~~~~~~~~~~[m[K
[1.928s] [01m[K/home/mechax/zyb/radar_station/src/Img_Handle/src/img_sub.cpp:60:86:[m[K [01;31m[Kerror: [m[Kexpected primary-expression before â€˜[01m[K&[m[Kâ€™ token
[1.928s]    60 | my_msgss::msg::Yolopoint Img_Sub::rect2msg(vectir<Detection> yolo_detection, cv::Mat [01;31m[K&[m[Kimg)
[1.928s]       |                                                                                      [01;31m[K^[m[K
[1.931s] [01m[K/home/mechax/zyb/radar_station/src/Img_Handle/src/img_sub.cpp:60:87:[m[K [01;31m[Kerror: [m[Kâ€˜[01m[Kimg[m[Kâ€™ was not declared in this scope
[1.931s]    60 | my_msgss::msg::Yolopoint Img_Sub::rect2msg(vectir<Detection> yolo_detection, cv::Mat &[01;31m[Kimg[m[K)
[1.931s]       |                                                                                       [01;31m[K^~~[m[K
[1.931s] [01m[K/home/mechax/zyb/radar_station/src/Img_Handle/src/img_sub.cpp:61:1:[m[K [01;31m[Kerror: [m[Kexpected â€˜[01m[K,[m[Kâ€™ or â€˜[01m[K;[m[Kâ€™ before â€˜[01m[K{[m[Kâ€™ token
[1.931s]    61 | [01;31m[K{[m[K
[1.931s]       | [01;31m[K^[m[K
[1.934s] [01m[K/home/mechax/zyb/radar_station/src/Img_Handle/src/img_sub.cpp:[m[K In member function â€˜[01m[Kvoid Img_Sub::draw_img()[m[Kâ€™:
[1.934s] [01m[K/home/mechax/zyb/radar_station/src/Img_Handle/src/img_sub.cpp:211:20:[m[K [01;35m[Kwarning: [m[Kcomparison of integer expressions of different signedness: â€˜[01m[Kint[m[Kâ€™ and â€˜[01m[Kstd::vector<my_msgss::msg::Yolopoint_<std::allocator<void> >, std::allocator<my_msgss::msg::Yolopoint_<std::allocator<void> > > >::size_type[m[Kâ€™ {aka â€˜[01m[Klong unsigned int[m[Kâ€™} [[01;35m[K]8;;https://gcc.gnu.org/onlinedocs/gcc/Warning-Options.html#index-Wsign-compare-Wsign-compare]8;;[m[K]
[1.934s]   211 |     for(int i =0 ;[01;35m[Ki<this->robot_boxes.data.size()[m[K;i++)
[1.934s]       |                   [01;35m[K~^~~~~~~~~~~~~~~~~~~~~~~~~~~~~~[m[K
[1.935s] [01m[K/home/mechax/zyb/radar_station/src/Img_Handle/src/img_sub.cpp:[m[K In member function â€˜[01m[Kvoid Img_Sub::test()[m[Kâ€™:
[1.935s] [01m[K/home/mechax/zyb/radar_station/src/Img_Handle/src/img_sub.cpp:241:30:[m[K [01;31m[Kerror: [m[Kno matching function for call to â€˜[01m[KImg_Sub::yolo_armor_identify()[m[Kâ€™
[1.935s]   241 |     [01;31m[Kthis->yolo_armor_identify()[m[K;
[1.935s]       |     [01;31m[K~~~~~~~~~~~~~~~~~~~~~~~~~^~[m[K
[1.935s] [01m[K/home/mechax/zyb/radar_station/src/Img_Handle/src/img_sub.cpp:155:6:[m[K [01;36m[Knote: [m[Kcandidate: â€˜[01m[Kvoid Img_Sub::yolo_armor_identify(my_msgss::msg::Yolopoint&, cv::Rect&)[m[Kâ€™
[1.935s]   155 | void [01;36m[KImg_Sub[m[K::yolo_armor_identify(my_msgss::msg::Yolopoint &robot_box, cv::Rect &box)
[1.935s]       |      [01;36m[K^~~~~~~[m[K
[1.935s] [01m[K/home/mechax/zyb/radar_station/src/Img_Handle/src/img_sub.cpp:155:6:[m[K [01;36m[Knote: [m[K  candidate expects 2 arguments, 0 provided
[3.591s] gmake[2]: *** [CMakeFiles/Img_Sub.dir/build.make:76: CMakeFiles/Img_Sub.dir/src/img_sub.cpp.o] Error 1
[3.591s] gmake[1]: *** [CMakeFiles/Makefile2:167: CMakeFiles/Img_Sub.dir/all] Error 2
[3.592s] gmake: *** [Makefile:146: all] Error 2
[3.593s] Invoked command in '/home/mechax/zyb/radar_station/build/Img_Handle' returned '2': AMENT_PREFIX_PATH=/home/mechax/zyb/radar_station/install/my_msgss:${AMENT_PREFIX_PATH} CMAKE_PREFIX_PATH=/home/mechax/zyb/radar_station/install/my_msgss:/home/mechax/ws_livox/install/livox_ros2_driver:/home/mechax/ws_livox/install/livox_sdk_vendor:/home/mechax/ws_livox/install/livox_interfaces:/opt/ros/humble LD_LIBRARY_PATH=/home/mechax/zyb/radar_station/install/my_msgss/lib:${LD_LIBRARY_PATH} PYTHONPATH=/home/mechax/zyb/radar_station/install/my_msgss/local/lib/python3.10/dist-packages:${PYTHONPATH} /usr/bin/cmake --build /home/mechax/zyb/radar_station/build/Img_Handle -- -j16 -l16
