[0.036s] Invoking command in '/home/mechax/zyb/radar_station/build/Img_Handle': AMENT_PREFIX_PATH=/home/mechax/zyb/radar_station/install/my_msgss:${AMENT_PREFIX_PATH} CMAKE_PREFIX_PATH=/home/mechax/zyb/radar_station/install/my_msgss:/home/mechax/zyb/radar_station/src/Img_Handle/install/Img_Handle:/home/mechax/ws_livox/install/livox_ros2_driver:/home/mechax/ws_livox/install/livox_sdk_vendor:/home/mechax/ws_livox/install/livox_interfaces:/opt/ros/humble LD_LIBRARY_PATH=/home/mechax/zyb/radar_station/install/my_msgss/lib:${LD_LIBRARY_PATH} PYTHONPATH=/home/mechax/zyb/radar_station/install/my_msgss/local/lib/python3.10/dist-packages:${PYTHONPATH} /usr/bin/cmake --build /home/mechax/zyb/radar_station/build/Img_Handle -- -j16 -l16
[0.063s] [35m[1mConsolidate compiler generated dependencies of target Img_Sub[0m
[0.070s] [ 37%] Built target main
[0.071s] [ 62%] Built target Img_Pub
[0.075s] [ 75%] [32mBuilding CXX object CMakeFiles/Img_Sub.dir/src/img_sub.cpp.o[0m
[1.870s] [01m[K/home/mechax/zyb/radar_station/src/Img_Handle/src/img_sub.cpp:93:6:[m[K [01;31m[Kerror: [m[Kâ€˜[01m[KImg_Pub[m[Kâ€™ has not been declared
[1.870s]    93 | void [01;31m[KImg_Pub[m[K::yolo_armor_identify()
[1.870s]       |      [01;31m[K^~~~~~~[m[K
[1.870s] [01m[K/home/mechax/zyb/radar_station/src/Img_Handle/src/img_sub.cpp:[m[K In function â€˜[01m[Kvoid yolo_armor_identify()[m[Kâ€™:
[1.870s] [01m[K/home/mechax/zyb/radar_station/src/Img_Handle/src/img_sub.cpp:95:24:[m[K [01;31m[Kerror: [m[Kinvalid use of â€˜[01m[Kthis[m[Kâ€™ in non-member function
[1.870s]    95 |     for(int i = 0; i < [01;31m[Kthis[m[K->robot_output.size(); i++)
[1.870s]       |                        [01;31m[K^~~~[m[K
[1.873s] [01m[K/home/mechax/zyb/radar_station/src/Img_Handle/src/img_sub.cpp:97:31:[m[K [01;31m[Kerror: [m[Kâ€˜[01m[Koutput[m[Kâ€™ was not declared in this scope
[1.873s]    97 |         Detection detection = [01;31m[Koutput[m[K[i];
[1.873s]       |                               [01;31m[K^~~~~~[m[K
[1.873s] [01m[K/home/mechax/zyb/radar_station/src/Img_Handle/src/img_sub.cpp:100:25:[m[K [01;31m[Kerror: [m[Kinvalid use of â€˜[01m[Kthis[m[Kâ€™ in non-member function
[1.873s]   100 |         Mat armor_img = [01;31m[Kthis[m[K->sub_img(box);
[1.873s]       |                         [01;31m[K^~~~[m[K
[1.873s] [01m[K/home/mechax/zyb/radar_station/src/Img_Handle/src/img_sub.cpp:101:42:[m[K [01;31m[Kerror: [m[Kinvalid use of â€˜[01m[Kthis[m[Kâ€™ in non-member function
[1.873s]   101 |         vector<Detection> armor_output = [01;31m[Kthis[m[K->inf_armor.runInference(armor_img);
[1.873s]       |                                          [01;31m[K^~~~[m[K
[3.572s] gmake[2]: *** [CMakeFiles/Img_Sub.dir/build.make:76: CMakeFiles/Img_Sub.dir/src/img_sub.cpp.o] Error 1
[3.572s] gmake[1]: *** [CMakeFiles/Makefile2:167: CMakeFiles/Img_Sub.dir/all] Error 2
[3.573s] gmake: *** [Makefile:146: all] Error 2
[3.575s] Invoked command in '/home/mechax/zyb/radar_station/build/Img_Handle' returned '2': AMENT_PREFIX_PATH=/home/mechax/zyb/radar_station/install/my_msgss:${AMENT_PREFIX_PATH} CMAKE_PREFIX_PATH=/home/mechax/zyb/radar_station/install/my_msgss:/home/mechax/zyb/radar_station/src/Img_Handle/install/Img_Handle:/home/mechax/ws_livox/install/livox_ros2_driver:/home/mechax/ws_livox/install/livox_sdk_vendor:/home/mechax/ws_livox/install/livox_interfaces:/opt/ros/humble LD_LIBRARY_PATH=/home/mechax/zyb/radar_station/install/my_msgss/lib:${LD_LIBRARY_PATH} PYTHONPATH=/home/mechax/zyb/radar_station/install/my_msgss/local/lib/python3.10/dist-packages:${PYTHONPATH} /usr/bin/cmake --build /home/mechax/zyb/radar_station/build/Img_Handle -- -j16 -l16
