[0.031s] Invoking command in '/home/mechax/zyb/radar_station/src/Get_Camera_Img/build/Get_Camera_Img': CMAKE_PREFIX_PATH=${CMAKE_PREFIX_PATH}:/opt/ros/humble /usr/bin/cmake --build /home/mechax/zyb/radar_station/src/Get_Camera_Img/build/Get_Camera_Img -- -j16 -l16
[0.057s] [35m[1mConsolidate compiler generated dependencies of target Get_Img[0m
[0.070s] [ 50%] [32mBuilding CXX object CMakeFiles/Get_Img.dir/src/get_img.cpp.o[0m
[1.884s] In file included from [01m[K/home/mechax/zyb/radar_station/src/Get_Camera_Img/src/get_img.cpp:1[m[K:
[1.884s] [01m[K/home/mechax/zyb/radar_station/src/Get_Camera_Img/include/get_img.hpp:29:5:[m[K [01;31m[Kerror: [m[Kâ€˜[01m[KMat[m[Kâ€™ does not name a type
[1.884s]    29 |     [01;31m[KMat[m[K rawImg;
[1.884s]       |     [01;31m[K^~~[m[K
[1.884s] [01m[K/home/mechax/zyb/radar_station/src/Get_Camera_Img/include/get_img.hpp:34:5:[m[K [01;31m[Kerror: [m[Kâ€˜[01m[Kstring[m[Kâ€™ does not name a type; did you mean â€˜[01m[Kstdin[m[Kâ€™?
[1.884s]    34 |     [01;31m[Kstring[m[K rcd_path_;
[1.885s]       |     [01;31m[K^~~~~~[m[K
[1.885s]       |     [32m[Kstdin[m[K
[1.886s] [01m[K/home/mechax/zyb/radar_station/src/Get_Camera_Img/include/get_img.hpp:35:5:[m[K [01;31m[Kerror: [m[Kâ€˜[01m[KVideoSaver[m[Kâ€™ does not name a type
[1.886s]    35 |     [01;31m[KVideoSaver[m[K saver;
[1.886s]       |     [01;31m[K^~~~~~~~~~[m[K
[1.887s] [01m[K/home/mechax/zyb/radar_station/src/Get_Camera_Img/include/get_img.hpp:38:41:[m[K [01;31m[Kerror: [m[Kâ€˜[01m[KInt16[m[Kâ€™ is not a member of â€˜[01m[Kstd_msgs::msg[m[Kâ€™
[1.887s]    38 |     rclcpp::Subscription<std_msgs::msg::[01;31m[KInt16[m[K>::SharedPtr cfg_exp_sub;
[1.887s]       |                                         [01;31m[K^~~~~[m[K
[1.887s] [01m[K/home/mechax/zyb/radar_station/src/Get_Camera_Img/include/get_img.hpp:38:46:[m[K [01;31m[Kerror: [m[Ktemplate argument 1 is invalid
[1.887s]    38 |     rclcpp::Subscription<std_msgs::msg::Int16[01;31m[K>[m[K::SharedPtr cfg_exp_sub;
[1.887s]       |                                              [01;31m[K^[m[K
[1.887s] [01m[K/home/mechax/zyb/radar_station/src/Get_Camera_Img/include/get_img.hpp:38:46:[m[K [01;31m[Kerror: [m[Ktemplate argument 3 is invalid
[1.887s] [01m[K/home/mechax/zyb/radar_station/src/Get_Camera_Img/include/get_img.hpp:38:46:[m[K [01;31m[Kerror: [m[Ktemplate argument 4 is invalid
[1.887s] [01m[K/home/mechax/zyb/radar_station/src/Get_Camera_Img/include/get_img.hpp:38:46:[m[K [01;31m[Kerror: [m[Ktemplate argument 5 is invalid
[1.887s] [01m[K/home/mechax/zyb/radar_station/src/Get_Camera_Img/include/get_img.hpp:38:49:[m[K [01;31m[Kerror: [m[Kexpected â€˜[01m[K;[m[Kâ€™ at end of member declaration
[1.887s]    38 |     rclcpp::Subscription<std_msgs::msg::Int16>::[01;31m[KSharedPtr[m[K cfg_exp_sub;
[1.887s]       |                                                 [01;31m[K^~~~~~~~~[m[K
[1.887s]       |                                                          [32m[K;[m[K
[1.889s] [01m[K/home/mechax/zyb/radar_station/src/Get_Camera_Img/include/get_img.hpp:38:59:[m[K [01;31m[Kerror: [m[Kâ€˜[01m[Kcfg_exp_sub[m[Kâ€™ does not name a type
[1.889s]    38 |     rclcpp::Subscription<std_msgs::msg::Int16>::SharedPtr [01;31m[Kcfg_exp_sub[m[K;
[1.889s]       |                                                           [01;31m[K^~~~~~~~~~~[m[K
[1.890s] [01m[K/home/mechax/zyb/radar_station/src/Get_Camera_Img/include/get_img.hpp:39:41:[m[K [01;31m[Kerror: [m[Kâ€˜[01m[KBool[m[Kâ€™ is not a member of â€˜[01m[Kstd_msgs::msg[m[Kâ€™
[1.890s]    39 |     rclcpp::Subscription<std_msgs::msg::[01;31m[KBool[m[K>::SharedPtr is_large_sub;
[1.890s]       |                                         [01;31m[K^~~~[m[K
[1.890s] [01m[K/home/mechax/zyb/radar_station/src/Get_Camera_Img/include/get_img.hpp:39:45:[m[K [01;31m[Kerror: [m[Ktemplate argument 1 is invalid
[1.890s]    39 |     rclcpp::Subscription<std_msgs::msg::Bool[01;31m[K>[m[K::SharedPtr is_large_sub;
[1.890s]       |                                             [01;31m[K^[m[K
[1.890s] [01m[K/home/mechax/zyb/radar_station/src/Get_Camera_Img/include/get_img.hpp:39:45:[m[K [01;31m[Kerror: [m[Ktemplate argument 3 is invalid
[1.890s] [01m[K/home/mechax/zyb/radar_station/src/Get_Camera_Img/include/get_img.hpp:39:45:[m[K [01;31m[Kerror: [m[Ktemplate argument 4 is invalid
[1.890s] [01m[K/home/mechax/zyb/radar_station/src/Get_Camera_Img/include/get_img.hpp:39:45:[m[K [01;31m[Kerror: [m[Ktemplate argument 5 is invalid
[1.890s] [01m[K/home/mechax/zyb/radar_station/src/Get_Camera_Img/include/get_img.hpp:39:48:[m[K [01;31m[Kerror: [m[Kexpected â€˜[01m[K;[m[Kâ€™ at end of member declaration
[1.890s]    39 |     rclcpp::Subscription<std_msgs::msg::Bool>::[01;31m[KSharedPtr[m[K is_large_sub;
[1.890s]       |                                                [01;31m[K^~~~~~~~~[m[K
[1.890s]       |                                                         [32m[K;[m[K
[1.890s] [01m[K/home/mechax/zyb/radar_station/src/Get_Camera_Img/include/get_img.hpp:39:48:[m[K [01;31m[Kerror: [m[Kredeclaration of â€˜[01m[Kint GetImg::SharedPtr[m[Kâ€™
[1.890s] [01m[K/home/mechax/zyb/radar_station/src/Get_Camera_Img/include/get_img.hpp:38:49:[m[K [01;36m[Knote: [m[Kprevious declaration â€˜[01m[Kint GetImg::SharedPtr[m[Kâ€™
[1.890s]    38 |     rclcpp::Subscription<std_msgs::msg::Int16>::[01;36m[KSharedPtr[m[K cfg_exp_sub;
[1.890s]       |                                                 [01;36m[K^~~~~~~~~[m[K
[1.892s] [01m[K/home/mechax/zyb/radar_station/src/Get_Camera_Img/include/get_img.hpp:39:58:[m[K [01;31m[Kerror: [m[Kâ€˜[01m[Kis_large_sub[m[Kâ€™ does not name a type
[1.892s]    39 |     rclcpp::Subscription<std_msgs::msg::Bool>::SharedPtr [01;31m[Kis_large_sub[m[K;
[1.892s]       |                                                          [01;31m[K^~~~~~~~~~~~[m[K
[1.892s] [01m[K/home/mechax/zyb/radar_station/src/Get_Camera_Img/include/get_img.hpp:40:41:[m[K [01;31m[Kerror: [m[Kâ€˜[01m[KBool[m[Kâ€™ is not a member of â€˜[01m[Kstd_msgs::msg[m[Kâ€™
[1.892s]    40 |     rclcpp::Subscription<std_msgs::msg::[01;31m[KBool[m[K>::SharedPtr is_rcd_sub;
[1.892s]       |                                         [01;31m[K^~~~[m[K
[1.892s] [01m[K/home/mechax/zyb/radar_station/src/Get_Camera_Img/include/get_img.hpp:40:45:[m[K [01;31m[Kerror: [m[Ktemplate argument 1 is invalid
[1.892s]    40 |     rclcpp::Subscription<std_msgs::msg::Bool[01;31m[K>[m[K::SharedPtr is_rcd_sub;
[1.892s]       |                                             [01;31m[K^[m[K
[1.892s] [01m[K/home/mechax/zyb/radar_station/src/Get_Camera_Img/include/get_img.hpp:40:45:[m[K [01;31m[Kerror: [m[Ktemplate argument 3 is invalid
[1.892s] [01m[K/home/mechax/zyb/radar_station/src/Get_Camera_Img/include/get_img.hpp:40:45:[m[K [01;31m[Kerror: [m[Ktemplate argument 4 is invalid
[1.892s] [01m[K/home/mechax/zyb/radar_station/src/Get_Camera_Img/include/get_img.hpp:40:45:[m[K [01;31m[Kerror: [m[Ktemplate argument 5 is invalid
[1.892s] [01m[K/home/mechax/zyb/radar_station/src/Get_Camera_Img/include/get_img.hpp:40:48:[m[K [01;31m[Kerror: [m[Kexpected â€˜[01m[K;[m[Kâ€™ at end of member declaration
[1.892s]    40 |     rclcpp::Subscription<std_msgs::msg::Bool>::[01;31m[KSharedPtr[m[K is_rcd_sub;
[1.893s]       |                                                [01;31m[K^~~~~~~~~[m[K
[1.893s]       |                                                         [32m[K;[m[K
[1.893s] [01m[K/home/mechax/zyb/radar_station/src/Get_Camera_Img/include/get_img.hpp:40:48:[m[K [01;31m[Kerror: [m[Kredeclaration of â€˜[01m[Kint GetImg::SharedPtr[m[Kâ€™
[1.893s] [01m[K/home/mechax/zyb/radar_station/src/Get_Camera_Img/include/get_img.hpp:38:49:[m[K [01;36m[Knote: [m[Kprevious declaration â€˜[01m[Kint GetImg::SharedPtr[m[Kâ€™
[1.893s]    38 |     rclcpp::Subscription<std_msgs::msg::Int16>::[01;36m[KSharedPtr[m[K cfg_exp_sub;
[1.893s]       |                                                 [01;36m[K^~~~~~~~~[m[K
[1.894s] [01m[K/home/mechax/zyb/radar_station/src/Get_Camera_Img/include/get_img.hpp:40:58:[m[K [01;31m[Kerror: [m[Kâ€˜[01m[Kis_rcd_sub[m[Kâ€™ does not name a type
[1.894s]    40 |     rclcpp::Subscription<std_msgs::msg::Bool>::SharedPtr [01;31m[Kis_rcd_sub[m[K;
[1.894s]       |                                                          [01;31m[K^~~~~~~~~~[m[K
[1.902s] [01m[K/home/mechax/zyb/radar_station/src/Get_Camera_Img/src/get_img.cpp:40:6:[m[K [01;31m[Kerror: [m[Kno declaration matches â€˜[01m[Kvoid GetImg::camera_init()[m[Kâ€™
[1.902s]    40 | void [01;31m[KGetImg[m[K::camera_init()
[1.902s]       |      [01;31m[K^~~~~~[m[K
[1.902s] [01m[K/home/mechax/zyb/radar_station/src/Get_Camera_Img/src/get_img.cpp:40:6:[m[K [01;36m[Knote: [m[Kno functions named â€˜[01m[Kvoid GetImg::camera_init()[m[Kâ€™
[1.902s] In file included from [01m[K/home/mechax/zyb/radar_station/src/Get_Camera_Img/src/get_img.cpp:1[m[K:
[1.902s] [01m[K/home/mechax/zyb/radar_station/src/Get_Camera_Img/include/get_img.hpp:7:7:[m[K [01;36m[Knote: [m[Kâ€˜[01m[Kclass GetImg[m[Kâ€™ defined here
[1.903s]     7 | class [01;36m[KGetImg[m[K : public::rclcpp::Node
[1.903s]       |       [01;36m[K^~~~~~[m[K
[1.903s] [01m[K/home/mechax/zyb/radar_station/src/Get_Camera_Img/src/get_img.cpp:79:1:[m[K [01;31m[Kerror: [m[Kexpected declaration before â€˜[01m[K}[m[Kâ€™ token
[1.903s]    79 | [01;31m[K}[m[K
[1.903s]       | [01;31m[K^[m[K
[2.908s] gmake[2]: *** [CMakeFiles/Get_Img.dir/build.make:76: CMakeFiles/Get_Img.dir/src/get_img.cpp.o] Error 1
[2.908s] gmake[1]: *** [CMakeFiles/Makefile2:137: CMakeFiles/Get_Img.dir/all] Error 2
[2.908s] gmake: *** [Makefile:146: all] Error 2
[2.910s] Invoked command in '/home/mechax/zyb/radar_station/src/Get_Camera_Img/build/Get_Camera_Img' returned '2': CMAKE_PREFIX_PATH=${CMAKE_PREFIX_PATH}:/opt/ros/humble /usr/bin/cmake --build /home/mechax/zyb/radar_station/src/Get_Camera_Img/build/Get_Camera_Img -- -j16 -l16
