In file included from [01m[K/home/mechax/zyb/radar_station/src/Get_Camera_Img/src/get_img.cpp:1[m[K:
[01m[K/home/mechax/zyb/radar_station/src/Get_Camera_Img/include/get_img.hpp:38:5:[m[K [01;31m[Kerror: [m[Kâ€˜[01m[KVideoSaver[m[Kâ€™ does not name a type
   38 |     [01;31m[KVideoSaver[m[K saver;
      |     [01;31m[K^~~~~~~~~~[m[K
[01m[K/home/mechax/zyb/radar_station/src/Get_Camera_Img/include/get_img.hpp:41:41:[m[K [01;31m[Kerror: [m[Kâ€˜[01m[KInt16[m[Kâ€™ is not a member of â€˜[01m[Kstd_msgs::msg[m[Kâ€™
   41 |     rclcpp::Subscription<std_msgs::msg::[01;31m[KInt16[m[K>::SharedPtr cfg_exp_sub;
      |                                         [01;31m[K^~~~~[m[K
[01m[K/home/mechax/zyb/radar_station/src/Get_Camera_Img/include/get_img.hpp:41:46:[m[K [01;31m[Kerror: [m[Ktemplate argument 1 is invalid
   41 |     rclcpp::Subscription<std_msgs::msg::Int16[01;31m[K>[m[K::SharedPtr cfg_exp_sub;
      |                                              [01;31m[K^[m[K
[01m[K/home/mechax/zyb/radar_station/src/Get_Camera_Img/include/get_img.hpp:41:46:[m[K [01;31m[Kerror: [m[Ktemplate argument 3 is invalid
[01m[K/home/mechax/zyb/radar_station/src/Get_Camera_Img/include/get_img.hpp:41:46:[m[K [01;31m[Kerror: [m[Ktemplate argument 4 is invalid
[01m[K/home/mechax/zyb/radar_station/src/Get_Camera_Img/include/get_img.hpp:41:46:[m[K [01;31m[Kerror: [m[Ktemplate argument 5 is invalid
[01m[K/home/mechax/zyb/radar_station/src/Get_Camera_Img/include/get_img.hpp:41:49:[m[K [01;31m[Kerror: [m[Kexpected â€˜[01m[K;[m[Kâ€™ at end of member declaration
   41 |     rclcpp::Subscription<std_msgs::msg::Int16>::[01;31m[KSharedPtr[m[K cfg_exp_sub;
      |                                                 [01;31m[K^~~~~~~~~[m[K
      |                                                          [32m[K;[m[K
[01m[K/home/mechax/zyb/radar_station/src/Get_Camera_Img/include/get_img.hpp:41:59:[m[K [01;31m[Kerror: [m[Kâ€˜[01m[Kcfg_exp_sub[m[Kâ€™ does not name a type
   41 |     rclcpp::Subscription<std_msgs::msg::Int16>::SharedPtr [01;31m[Kcfg_exp_sub[m[K;
      |                                                           [01;31m[K^~~~~~~~~~~[m[K
[01m[K/home/mechax/zyb/radar_station/src/Get_Camera_Img/include/get_img.hpp:42:41:[m[K [01;31m[Kerror: [m[Kâ€˜[01m[KBool[m[Kâ€™ is not a member of â€˜[01m[Kstd_msgs::msg[m[Kâ€™
   42 |     rclcpp::Subscription<std_msgs::msg::[01;31m[KBool[m[K>::SharedPtr is_large_sub;
      |                                         [01;31m[K^~~~[m[K
[01m[K/home/mechax/zyb/radar_station/src/Get_Camera_Img/include/get_img.hpp:42:45:[m[K [01;31m[Kerror: [m[Ktemplate argument 1 is invalid
   42 |     rclcpp::Subscription<std_msgs::msg::Bool[01;31m[K>[m[K::SharedPtr is_large_sub;
      |                                             [01;31m[K^[m[K
[01m[K/home/mechax/zyb/radar_station/src/Get_Camera_Img/include/get_img.hpp:42:45:[m[K [01;31m[Kerror: [m[Ktemplate argument 3 is invalid
[01m[K/home/mechax/zyb/radar_station/src/Get_Camera_Img/include/get_img.hpp:42:45:[m[K [01;31m[Kerror: [m[Ktemplate argument 4 is invalid
[01m[K/home/mechax/zyb/radar_station/src/Get_Camera_Img/include/get_img.hpp:42:45:[m[K [01;31m[Kerror: [m[Ktemplate argument 5 is invalid
[01m[K/home/mechax/zyb/radar_station/src/Get_Camera_Img/include/get_img.hpp:42:48:[m[K [01;31m[Kerror: [m[Kexpected â€˜[01m[K;[m[Kâ€™ at end of member declaration
   42 |     rclcpp::Subscription<std_msgs::msg::Bool>::[01;31m[KSharedPtr[m[K is_large_sub;
      |                                                [01;31m[K^~~~~~~~~[m[K
      |                                                         [32m[K;[m[K
[01m[K/home/mechax/zyb/radar_station/src/Get_Camera_Img/include/get_img.hpp:42:48:[m[K [01;31m[Kerror: [m[Kredeclaration of â€˜[01m[Kint GetImg::SharedPtr[m[Kâ€™
[01m[K/home/mechax/zyb/radar_station/src/Get_Camera_Img/include/get_img.hpp:41:49:[m[K [01;36m[Knote: [m[Kprevious declaration â€˜[01m[Kint GetImg::SharedPtr[m[Kâ€™
   41 |     rclcpp::Subscription<std_msgs::msg::Int16>::[01;36m[KSharedPtr[m[K cfg_exp_sub;
      |                                                 [01;36m[K^~~~~~~~~[m[K
[01m[K/home/mechax/zyb/radar_station/src/Get_Camera_Img/include/get_img.hpp:42:58:[m[K [01;31m[Kerror: [m[Kâ€˜[01m[Kis_large_sub[m[Kâ€™ does not name a type
   42 |     rclcpp::Subscription<std_msgs::msg::Bool>::SharedPtr [01;31m[Kis_large_sub[m[K;
      |                                                          [01;31m[K^~~~~~~~~~~~[m[K
[01m[K/home/mechax/zyb/radar_station/src/Get_Camera_Img/include/get_img.hpp:43:41:[m[K [01;31m[Kerror: [m[Kâ€˜[01m[KBool[m[Kâ€™ is not a member of â€˜[01m[Kstd_msgs::msg[m[Kâ€™
   43 |     rclcpp::Subscription<std_msgs::msg::[01;31m[KBool[m[K>::SharedPtr is_rcd_sub;
      |                                         [01;31m[K^~~~[m[K
[01m[K/home/mechax/zyb/radar_station/src/Get_Camera_Img/include/get_img.hpp:43:45:[m[K [01;31m[Kerror: [m[Ktemplate argument 1 is invalid
   43 |     rclcpp::Subscription<std_msgs::msg::Bool[01;31m[K>[m[K::SharedPtr is_rcd_sub;
      |                                             [01;31m[K^[m[K
[01m[K/home/mechax/zyb/radar_station/src/Get_Camera_Img/include/get_img.hpp:43:45:[m[K [01;31m[Kerror: [m[Ktemplate argument 3 is invalid
[01m[K/home/mechax/zyb/radar_station/src/Get_Camera_Img/include/get_img.hpp:43:45:[m[K [01;31m[Kerror: [m[Ktemplate argument 4 is invalid
[01m[K/home/mechax/zyb/radar_station/src/Get_Camera_Img/include/get_img.hpp:43:45:[m[K [01;31m[Kerror: [m[Ktemplate argument 5 is invalid
[01m[K/home/mechax/zyb/radar_station/src/Get_Camera_Img/include/get_img.hpp:43:48:[m[K [01;31m[Kerror: [m[Kexpected â€˜[01m[K;[m[Kâ€™ at end of member declaration
   43 |     rclcpp::Subscription<std_msgs::msg::Bool>::[01;31m[KSharedPtr[m[K is_rcd_sub;
      |                                                [01;31m[K^~~~~~~~~[m[K
      |                                                         [32m[K;[m[K
[01m[K/home/mechax/zyb/radar_station/src/Get_Camera_Img/include/get_img.hpp:43:48:[m[K [01;31m[Kerror: [m[Kredeclaration of â€˜[01m[Kint GetImg::SharedPtr[m[Kâ€™
[01m[K/home/mechax/zyb/radar_station/src/Get_Camera_Img/include/get_img.hpp:41:49:[m[K [01;36m[Knote: [m[Kprevious declaration â€˜[01m[Kint GetImg::SharedPtr[m[Kâ€™
   41 |     rclcpp::Subscription<std_msgs::msg::Int16>::[01;36m[KSharedPtr[m[K cfg_exp_sub;
      |                                                 [01;36m[K^~~~~~~~~[m[K
[01m[K/home/mechax/zyb/radar_station/src/Get_Camera_Img/include/get_img.hpp:43:58:[m[K [01;31m[Kerror: [m[Kâ€˜[01m[Kis_rcd_sub[m[Kâ€™ does not name a type
   43 |     rclcpp::Subscription<std_msgs::msg::Bool>::SharedPtr [01;31m[Kis_rcd_sub[m[K;
      |                                                          [01;31m[K^~~~~~~~~~[m[K
[01m[K/home/mechax/zyb/radar_station/src/Get_Camera_Img/src/get_img.cpp:40:6:[m[K [01;31m[Kerror: [m[Kno declaration matches â€˜[01m[Kvoid GetImg::camera_init()[m[Kâ€™
   40 | void [01;31m[KGetImg[m[K::camera_init()
      |      [01;31m[K^~~~~~[m[K
[01m[K/home/mechax/zyb/radar_station/src/Get_Camera_Img/src/get_img.cpp:40:6:[m[K [01;36m[Knote: [m[Kno functions named â€˜[01m[Kvoid GetImg::camera_init()[m[Kâ€™
In file included from [01m[K/home/mechax/zyb/radar_station/src/Get_Camera_Img/src/get_img.cpp:1[m[K:
[01m[K/home/mechax/zyb/radar_station/src/Get_Camera_Img/include/get_img.hpp:10:7:[m[K [01;36m[Knote: [m[Kâ€˜[01m[Kclass GetImg[m[Kâ€™ defined here
   10 | class [01;36m[KGetImg[m[K : public::rclcpp::Node
      |       [01;36m[K^~~~~~[m[K
[01m[K/home/mechax/zyb/radar_station/src/Get_Camera_Img/src/get_img.cpp:79:1:[m[K [01;31m[Kerror: [m[Kexpected declaration before â€˜[01m[K}[m[Kâ€™ token
   79 | [01;31m[K}[m[K
      | [01;31m[K^[m[K
gmake[2]: *** [CMakeFiles/Get_Img.dir/build.make:76: CMakeFiles/Get_Img.dir/src/get_img.cpp.o] Error 1
gmake[1]: *** [CMakeFiles/Makefile2:137: CMakeFiles/Get_Img.dir/all] Error 2
gmake: *** [Makefile:146: all] Error 2
