[0.108s] Invoking command in '/home/qianli/zyb/radar_station/build/Img_Handle': AMENT_PREFIX_PATH=/home/qianli/zyb/radar_station/install/my_msgss:${AMENT_PREFIX_PATH} CMAKE_PREFIX_PATH=/home/qianli/zyb/radar_station/install/my_msgss:/opt/ros/humble LD_LIBRARY_PATH=/home/qianli/zyb/radar_station/install/my_msgss/lib:${LD_LIBRARY_PATH} PYTHONPATH=/home/qianli/zyb/radar_station/install/my_msgss/local/lib/python3.10/dist-packages:${PYTHONPATH} /usr/bin/cmake --build /home/qianli/zyb/radar_station/build/Img_Handle -- -j16 -l16
[0.137s] [35m[1mConsolidate compiler generated dependencies of target Img_Sub[0m
[0.138s] [35m[1mConsolidate compiler generated dependencies of target main[0m
[0.149s] [ 12%] [32mBuilding CXX object CMakeFiles/main.dir/src/inference.cpp.o[0m
[0.155s] [ 37%] Built target Img_Pub
[0.159s] [ 50%] [32mBuilding CXX object CMakeFiles/Img_Sub.dir/src/inference.cpp.o[0m
[1.787s] [01m[K/home/qianli/zyb/radar_station/src/Img_Handle/src/inference.cpp:[m[K In member function â€˜[01m[Kvoid Inference::loadOnnxNetwork()[m[Kâ€™:
[1.787s] [01m[K/home/qianli/zyb/radar_station/src/Img_Handle/src/inference.cpp:171:43:[m[K [01;31m[Kerror: [m[Kâ€˜[01m[KDNN_BACKEND_CUDA[m[Kâ€™ is not a member of â€˜[01m[Kcv::dnn[m[Kâ€™
[1.787s]   171 |         net.setPreferableBackend(cv::dnn::[01;31m[KDNN_BACKEND_CUDA[m[K);
[1.787s]       |                                           [01;31m[K^~~~~~~~~~~~~~~~[m[K
[1.789s] [01m[K/home/qianli/zyb/radar_station/src/Img_Handle/src/inference.cpp:172:42:[m[K [01;31m[Kerror: [m[Kâ€˜[01m[KDNN_TARGET_CUDA[m[Kâ€™ is not a member of â€˜[01m[Kcv::dnn[m[Kâ€™
[1.789s]   172 |         net.setPreferableTarget(cv::dnn::[01;31m[KDNN_TARGET_CUDA[m[K);
[1.789s]       |                                          [01;31m[K^~~~~~~~~~~~~~~[m[K
[1.908s] [01m[K/home/qianli/zyb/radar_station/src/Img_Handle/src/inference.cpp:[m[K In member function â€˜[01m[Kvoid Inference::loadOnnxNetwork()[m[Kâ€™:
[1.908s] [01m[K/home/qianli/zyb/radar_station/src/Img_Handle/src/inference.cpp:171:43:[m[K [01;31m[Kerror: [m[Kâ€˜[01m[KDNN_BACKEND_CUDA[m[Kâ€™ is not a member of â€˜[01m[Kcv::dnn[m[Kâ€™
[1.908s]   171 |         net.setPreferableBackend(cv::dnn::[01;31m[KDNN_BACKEND_CUDA[m[K);
[1.908s]       |                                           [01;31m[K^~~~~~~~~~~~~~~~[m[K
[1.909s] [01m[K/home/qianli/zyb/radar_station/src/Img_Handle/src/inference.cpp:172:42:[m[K [01;31m[Kerror: [m[Kâ€˜[01m[KDNN_TARGET_CUDA[m[Kâ€™ is not a member of â€˜[01m[Kcv::dnn[m[Kâ€™
[1.909s]   172 |         net.setPreferableTarget(cv::dnn::[01;31m[KDNN_TARGET_CUDA[m[K);
[1.909s]       |                                          [01;31m[K^~~~~~~~~~~~~~~[m[K
[2.311s] gmake[2]: *** [CMakeFiles/main.dir/build.make:90ï¼šCMakeFiles/main.dir/src/inference.cpp.o] é”™è¯¯ 1
[2.311s] gmake[1]: *** [CMakeFiles/Makefile2:193ï¼šCMakeFiles/main.dir/all] é”™è¯¯ 2
[2.311s] gmake[1]: *** æ­£åœ¨ç­‰å¾…æœªå®Œæˆçš„ä»»åŠ¡....
[2.425s] gmake[2]: *** [CMakeFiles/Img_Sub.dir/build.make:90ï¼šCMakeFiles/Img_Sub.dir/src/inference.cpp.o] é”™è¯¯ 1
[2.425s] gmake[1]: *** [CMakeFiles/Makefile2:167ï¼šCMakeFiles/Img_Sub.dir/all] é”™è¯¯ 2
[2.426s] gmake: *** [Makefile:146ï¼šall] é”™è¯¯ 2
[2.428s] Invoked command in '/home/qianli/zyb/radar_station/build/Img_Handle' returned '2': AMENT_PREFIX_PATH=/home/qianli/zyb/radar_station/install/my_msgss:${AMENT_PREFIX_PATH} CMAKE_PREFIX_PATH=/home/qianli/zyb/radar_station/install/my_msgss:/opt/ros/humble LD_LIBRARY_PATH=/home/qianli/zyb/radar_station/install/my_msgss/lib:${LD_LIBRARY_PATH} PYTHONPATH=/home/qianli/zyb/radar_station/install/my_msgss/local/lib/python3.10/dist-packages:${PYTHONPATH} /usr/bin/cmake --build /home/qianli/zyb/radar_station/build/Img_Handle -- -j16 -l16
