[01m[K/home/mechax/zyb/radar_station/src/map_test/src/map_test.cpp:[m[K In constructor â€˜[01m[KMapTest::MapTest()[m[Kâ€™:
[01m[K/home/mechax/zyb/radar_station/src/map_test/src/map_test.cpp:15:42:[m[K [01;31m[Kerror: [m[Kâ€˜[01m[Kpnp_callback[m[Kâ€™ is not a member of â€˜[01m[KMapTest[m[Kâ€™
   15 |                      std::bind(&MapTest::[01;31m[Kpnp_callback[m[K,this,std::placeholders::_1));
      |                                          [01;31m[K^~~~~~~~~~~~[m[K
[01m[K/home/mechax/zyb/radar_station/src/map_test/src/map_test.cpp:[m[K In member function â€˜[01m[Kvoid MapTest::draw_point_on_map()[m[Kâ€™:
[01m[K/home/mechax/zyb/radar_station/src/map_test/src/map_test.cpp:131:20:[m[K [01;35m[Kwarning: [m[Kcomparison of integer expressions of different signedness: â€˜[01m[Kint[m[Kâ€™ and â€˜[01m[Kstd::vector<map_point>::size_type[m[Kâ€™ {aka â€˜[01m[Klong unsigned int[m[Kâ€™} [[01;35m[K]8;;https://gcc.gnu.org/onlinedocs/gcc/Warning-Options.html#index-Wsign-compare-Wsign-compare]8;;[m[K]
  131 |     for(int i = 0;[01;35m[Ki<map_points.size()[m[K;i++)
      |                   [01;35m[K~^~~~~~~~~~~~~~~~~~[m[K
[01m[K/home/mechax/zyb/radar_station/src/map_test/src/map_test.cpp:[m[K In member function â€˜[01m[Kvoid MapTest::far_callback(my_msgss::msg::Distpoints)[m[Kâ€™:
[01m[K/home/mechax/zyb/radar_station/src/map_test/src/map_test.cpp:162:20:[m[K [01;35m[Kwarning: [m[Kcomparison of integer expressions of different signedness: â€˜[01m[Kint[m[Kâ€™ and â€˜[01m[Kstd::vector<my_msgss::msg::Distpoint_<std::allocator<void> >, std::allocator<my_msgss::msg::Distpoint_<std::allocator<void> > > >::size_type[m[Kâ€™ {aka â€˜[01m[Klong unsigned int[m[Kâ€™} [[01;35m[K]8;;https://gcc.gnu.org/onlinedocs/gcc/Warning-Options.html#index-Wsign-compare-Wsign-compare]8;;[m[K]
  162 |     for(int i =0 ;[01;35m[Ki<msg.data.size()[m[K;i++)
      |                   [01;35m[K~^~~~~~~~~~~~~~~~[m[K
gmake[2]: *** [CMakeFiles/map_test.dir/build.make:76: CMakeFiles/map_test.dir/src/map_test.cpp.o] Error 1
gmake[1]: *** [CMakeFiles/Makefile2:137: CMakeFiles/map_test.dir/all] Error 2
gmake: *** [Makefile:146: all] Error 2
