[0.099s] Invoking command in '/home/mechax/zyb/radar_station/build/map_test': CMAKE_PREFIX_PATH=/home/mechax/zyb/radar_station/install/my_msgss:/home/mechax/zyb/radar_station/install/map_test:/home/mechax/zyb/radar_station/install/get_depth:/home/mechax/zyb/radar_station/install/Img_Handle:/home/mechax/zyb/radar_station/install/Game_Map:/home/mechax/zyb/radar_station/install/mindvision_camera:/home/mechax/zyb/radar_station/install/Yolo_Handle:/home/mechax/zyb/radar_station/install/Qt5_displayer:/home/mechax/ws_livox/install/livox_ros2_driver:/home/mechax/ws_livox/install/livox_sdk_vendor:/home/mechax/ws_livox/install/livox_interfaces:/opt/ros/humble /usr/bin/cmake /home/mechax/zyb/radar_station/src/map_test -DCMAKE_INSTALL_PREFIX=/home/mechax/zyb/radar_station/install/map_test
[0.176s] -- The C compiler identification is GNU 11.4.0
[0.252s] -- The CXX compiler identification is GNU 11.4.0
[0.260s] -- Detecting C compiler ABI info
[0.357s] -- Detecting C compiler ABI info - done
[0.366s] -- Check for working C compiler: /usr/bin/cc - skipped
[0.366s] -- Detecting C compile features
[0.366s] -- Detecting C compile features - done
[0.369s] -- Detecting CXX compiler ABI info
[0.465s] -- Detecting CXX compiler ABI info - done
[0.474s] -- Check for working CXX compiler: /usr/bin/c++ - skipped
[0.475s] -- Detecting CXX compile features
[0.476s] -- Detecting CXX compile features - done
[0.480s] -- Found ament_cmake: 1.3.6 (/opt/ros/humble/share/ament_cmake/cmake)
[0.720s] -- Found Python3: /usr/bin/python3.10 (found version "3.10.12") found components: Interpreter 
[0.833s] -- Found rclcpp: 16.0.7 (/opt/ros/humble/share/rclcpp/cmake)
[0.880s] -- Found rosidl_generator_c: 3.1.5 (/opt/ros/humble/share/rosidl_generator_c/cmake)
[0.886s] -- Found rosidl_adapter: 3.1.5 (/opt/ros/humble/share/rosidl_adapter/cmake)
[0.896s] -- Found rosidl_generator_cpp: 3.1.5 (/opt/ros/humble/share/rosidl_generator_cpp/cmake)
[0.911s] -- Using all available rosidl_typesupport_c: rosidl_typesupport_fastrtps_c;rosidl_typesupport_introspection_c
[0.935s] -- Using all available rosidl_typesupport_cpp: rosidl_typesupport_fastrtps_cpp;rosidl_typesupport_introspection_cpp
[1.015s] -- Found rmw_implementation_cmake: 6.1.1 (/opt/ros/humble/share/rmw_implementation_cmake/cmake)
[1.017s] -- Found rmw_fastrtps_cpp: 6.2.5 (/opt/ros/humble/share/rmw_fastrtps_cpp/cmake)
[1.104s] -- Found OpenSSL: /usr/lib/x86_64-linux-gnu/libcrypto.so (found version "3.0.2")  
[1.147s] -- Found FastRTPS: /opt/ros/humble/include  
[1.211s] -- Using RMW implementation 'rmw_fastrtps_cpp' as default
[1.224s] -- Looking for pthread.h
[1.312s] -- Looking for pthread.h - found
[1.312s] -- Performing Test CMAKE_HAVE_LIBC_PTHREAD
[1.369s] -- Performing Test CMAKE_HAVE_LIBC_PTHREAD - Success
[1.370s] -- Found Threads: TRUE  
[1.556s] -- Found sensor_msgs: 4.2.3 (/opt/ros/humble/share/sensor_msgs/cmake)
[1.726s] -- Found OpenCV: /usr/local (found version "4.8.0") 
[1.726s] -- Found my_msgss: 0.0.0 (/home/mechax/zyb/radar_station/install/my_msgss/share/my_msgss/cmake)
[1.752s] -- Found ament_lint_auto: 0.12.9 (/opt/ros/humble/share/ament_lint_auto/cmake)
[1.884s] -- Added test 'cppcheck' to perform static code analysis on C / C++ code
[1.885s] -- Configured cppcheck include dirs: /home/mechax/zyb/radar_station/src/map_test/include_directories;/home/mechax/zyb/radar_station/src/map_test/(;/home/mechax/zyb/radar_station/src/map_test/include;/home/mechax/zyb/radar_station/src/map_test/)
[1.885s] -- Configured cppcheck exclude dirs and/or files: 
[1.886s] -- Added test 'flake8' to check Python code syntax and style conventions
[1.887s] -- Added test 'lint_cmake' to check CMake code style
[1.887s] -- Added test 'pep257' to check Python code against some of the docstring style conventions in PEP 257
[1.888s] -- Added test 'uncrustify' to check C / C++ code style
[1.888s] -- Configured uncrustify additional arguments: 
[1.889s] -- Added test 'xmllint' to check XML markup files
[1.891s] -- Configuring done
[1.909s] -- Generating done
[1.912s] -- Build files have been written to: /home/mechax/zyb/radar_station/build/map_test
[1.945s] Invoked command in '/home/mechax/zyb/radar_station/build/map_test' returned '0': CMAKE_PREFIX_PATH=/home/mechax/zyb/radar_station/install/my_msgss:/home/mechax/zyb/radar_station/install/map_test:/home/mechax/zyb/radar_station/install/get_depth:/home/mechax/zyb/radar_station/install/Img_Handle:/home/mechax/zyb/radar_station/install/Game_Map:/home/mechax/zyb/radar_station/install/mindvision_camera:/home/mechax/zyb/radar_station/install/Yolo_Handle:/home/mechax/zyb/radar_station/install/Qt5_displayer:/home/mechax/ws_livox/install/livox_ros2_driver:/home/mechax/ws_livox/install/livox_sdk_vendor:/home/mechax/ws_livox/install/livox_interfaces:/opt/ros/humble /usr/bin/cmake /home/mechax/zyb/radar_station/src/map_test -DCMAKE_INSTALL_PREFIX=/home/mechax/zyb/radar_station/install/map_test
[1.949s] Invoking command in '/home/mechax/zyb/radar_station/build/map_test': CMAKE_PREFIX_PATH=/home/mechax/zyb/radar_station/install/my_msgss:/home/mechax/zyb/radar_station/install/map_test:/home/mechax/zyb/radar_station/install/get_depth:/home/mechax/zyb/radar_station/install/Img_Handle:/home/mechax/zyb/radar_station/install/Game_Map:/home/mechax/zyb/radar_station/install/mindvision_camera:/home/mechax/zyb/radar_station/install/Yolo_Handle:/home/mechax/zyb/radar_station/install/Qt5_displayer:/home/mechax/ws_livox/install/livox_ros2_driver:/home/mechax/ws_livox/install/livox_sdk_vendor:/home/mechax/ws_livox/install/livox_interfaces:/opt/ros/humble /usr/bin/cmake --build /home/mechax/zyb/radar_station/build/map_test -- -j16 -l16
[2.017s] [ 50%] [32mBuilding CXX object CMakeFiles/map_test.dir/src/map_test.cpp.o[0m
[5.194s] [01m[K/home/mechax/zyb/radar_station/src/map_test/src/map_test.cpp:[m[K In constructor â€˜[01m[KMapTest::MapTest()[m[Kâ€™:
[5.194s] [01m[K/home/mechax/zyb/radar_station/src/map_test/src/map_test.cpp:15:42:[m[K [01;31m[Kerror: [m[Kâ€˜[01m[Kpnp_callback[m[Kâ€™ is not a member of â€˜[01m[KMapTest[m[Kâ€™
[5.194s]    15 |                      std::bind(&MapTest::[01;31m[Kpnp_callback[m[K,this,std::placeholders::_1));
[5.194s]       |                                          [01;31m[K^~~~~~~~~~~~[m[K
[5.199s] [01m[K/home/mechax/zyb/radar_station/src/map_test/src/map_test.cpp:[m[K In member function â€˜[01m[Kvoid MapTest::draw_point_on_map()[m[Kâ€™:
[5.199s] [01m[K/home/mechax/zyb/radar_station/src/map_test/src/map_test.cpp:131:20:[m[K [01;35m[Kwarning: [m[Kcomparison of integer expressions of different signedness: â€˜[01m[Kint[m[Kâ€™ and â€˜[01m[Kstd::vector<map_point>::size_type[m[Kâ€™ {aka â€˜[01m[Klong unsigned int[m[Kâ€™} [[01;35m[K]8;;https://gcc.gnu.org/onlinedocs/gcc/Warning-Options.html#index-Wsign-compare-Wsign-compare]8;;[m[K]
[5.199s]   131 |     for(int i = 0;[01;35m[Ki<map_points.size()[m[K;i++)
[5.199s]       |                   [01;35m[K~^~~~~~~~~~~~~~~~~~[m[K
[5.199s] [01m[K/home/mechax/zyb/radar_station/src/map_test/src/map_test.cpp:[m[K In member function â€˜[01m[Kvoid MapTest::far_callback(my_msgss::msg::Distpoints)[m[Kâ€™:
[5.199s] [01m[K/home/mechax/zyb/radar_station/src/map_test/src/map_test.cpp:162:20:[m[K [01;35m[Kwarning: [m[Kcomparison of integer expressions of different signedness: â€˜[01m[Kint[m[Kâ€™ and â€˜[01m[Kstd::vector<my_msgss::msg::Distpoint_<std::allocator<void> >, std::allocator<my_msgss::msg::Distpoint_<std::allocator<void> > > >::size_type[m[Kâ€™ {aka â€˜[01m[Klong unsigned int[m[Kâ€™} [[01;35m[K]8;;https://gcc.gnu.org/onlinedocs/gcc/Warning-Options.html#index-Wsign-compare-Wsign-compare]8;;[m[K]
[5.199s]   162 |     for(int i =0 ;[01;35m[Ki<msg.data.size()[m[K;i++)
[5.199s]       |                   [01;35m[K~^~~~~~~~~~~~~~~~[m[K
[7.639s] gmake[2]: *** [CMakeFiles/map_test.dir/build.make:76: CMakeFiles/map_test.dir/src/map_test.cpp.o] Error 1
[7.639s] gmake[1]: *** [CMakeFiles/Makefile2:137: CMakeFiles/map_test.dir/all] Error 2
[7.639s] gmake: *** [Makefile:146: all] Error 2
[7.641s] Invoked command in '/home/mechax/zyb/radar_station/build/map_test' returned '2': CMAKE_PREFIX_PATH=/home/mechax/zyb/radar_station/install/my_msgss:/home/mechax/zyb/radar_station/install/map_test:/home/mechax/zyb/radar_station/install/get_depth:/home/mechax/zyb/radar_station/install/Img_Handle:/home/mechax/zyb/radar_station/install/Game_Map:/home/mechax/zyb/radar_station/install/mindvision_camera:/home/mechax/zyb/radar_station/install/Yolo_Handle:/home/mechax/zyb/radar_station/install/Qt5_displayer:/home/mechax/ws_livox/install/livox_ros2_driver:/home/mechax/ws_livox/install/livox_sdk_vendor:/home/mechax/ws_livox/install/livox_interfaces:/opt/ros/humble /usr/bin/cmake --build /home/mechax/zyb/radar_station/build/map_test -- -j16 -l16
