[0.042s] Invoking command in '/home/mechax/zyb/radar_station/build/map_test': AMENT_PREFIX_PATH=/home/mechax/zyb/radar_station/install/my_msgss:${AMENT_PREFIX_PATH} CMAKE_PREFIX_PATH=/home/mechax/zyb/radar_station/install/my_msgss:/home/mechax/ws_livox/install/livox_ros2_driver:/home/mechax/ws_livox/install/livox_sdk_vendor:/home/mechax/ws_livox/install/livox_interfaces:/opt/ros/humble LD_LIBRARY_PATH=/home/mechax/zyb/radar_station/install/my_msgss/lib:${LD_LIBRARY_PATH} PYTHONPATH=/home/mechax/zyb/radar_station/install/my_msgss/local/lib/python3.10/dist-packages:${PYTHONPATH} /usr/bin/cmake --build /home/mechax/zyb/radar_station/build/map_test -- -j16 -l16
[0.071s] [35m[1mConsolidate compiler generated dependencies of target map_test[0m
[0.084s] [ 50%] [32mBuilding CXX object CMakeFiles/map_test.dir/src/map_test.cpp.o[0m
[1.816s] [01m[K/home/mechax/zyb/radar_station/src/map_test/src/map_test.cpp:[m[K In member function â€˜[01m[Kvoid MapTest::draw_point_on_map()[m[Kâ€™:
[1.817s] [01m[K/home/mechax/zyb/radar_station/src/map_test/src/map_test.cpp:131:20:[m[K [01;35m[Kwarning: [m[Kcomparison of integer expressions of different signedness: â€˜[01m[Kint[m[Kâ€™ and â€˜[01m[Kstd::vector<map_point>::size_type[m[Kâ€™ {aka â€˜[01m[Klong unsigned int[m[Kâ€™} [[01;35m[K]8;;https://gcc.gnu.org/onlinedocs/gcc/Warning-Options.html#index-Wsign-compare-Wsign-compare]8;;[m[K]
[1.817s]   131 |     for(int i = 0;[01;35m[Ki<map_points.size()[m[K;i++)
[1.817s]       |                   [01;35m[K~^~~~~~~~~~~~~~~~~~[m[K
[1.817s] [01m[K/home/mechax/zyb/radar_station/src/map_test/src/map_test.cpp:[m[K In member function â€˜[01m[Kvoid MapTest::far_callback(my_msgss::msg::Distpoints)[m[Kâ€™:
[1.817s] [01m[K/home/mechax/zyb/radar_station/src/map_test/src/map_test.cpp:161:20:[m[K [01;35m[Kwarning: [m[Kcomparison of integer expressions of different signedness: â€˜[01m[Kint[m[Kâ€™ and â€˜[01m[Kstd::vector<my_msgss::msg::Distpoint_<std::allocator<void> >, std::allocator<my_msgss::msg::Distpoint_<std::allocator<void> > > >::size_type[m[Kâ€™ {aka â€˜[01m[Klong unsigned int[m[Kâ€™} [[01;35m[K]8;;https://gcc.gnu.org/onlinedocs/gcc/Warning-Options.html#index-Wsign-compare-Wsign-compare]8;;[m[K]
[1.817s]   161 |     for(int i =0 ;[01;35m[Ki<msg.data.size()[m[K;i++)
[1.817s]       |                   [01;35m[K~^~~~~~~~~~~~~~~~[m[K
[1.819s] [01m[K/home/mechax/zyb/radar_station/src/map_test/src/map_test.cpp:182:5:[m[K [01;31m[Kerror: [m[Kâ€˜[01m[Kmymsgss[m[Kâ€™ has not been declared
[1.819s]   182 |     [01;31m[Kmymsgss[m[K::msg::Points world_points;
[1.819s]       |     [01;31m[K^~~~~~~[m[K
[1.819s] [01m[K/home/mechax/zyb/radar_station/src/map_test/src/map_test.cpp:183:21:[m[K [01;35m[Kwarning: [m[Kcomparison of integer expressions of different signedness: â€˜[01m[Kint[m[Kâ€™ and â€˜[01m[Kstd::vector<map_point>::size_type[m[Kâ€™ {aka â€˜[01m[Klong unsigned int[m[Kâ€™} [[01;35m[K]8;;https://gcc.gnu.org/onlinedocs/gcc/Warning-Options.html#index-Wsign-compare-Wsign-compare]8;;[m[K]
[1.819s]   183 |     for(int i = 0 ;[01;35m[Ki<map_points.size()[m[K;i++)
[1.819s]       |                    [01;35m[K~^~~~~~~~~~~~~~~~~~[m[K
[1.819s] [01m[K/home/mechax/zyb/radar_station/src/map_test/src/map_test.cpp:185:9:[m[K [01;31m[Kerror: [m[Kâ€˜[01m[Kmymsgss[m[Kâ€™ has not been declared
[1.819s]   185 |         [01;31m[Kmymsgss[m[K::msg::Point world_point;
[1.819s]       |         [01;31m[K^~~~~~~[m[K
[1.825s] [01m[K/home/mechax/zyb/radar_station/src/map_test/src/map_test.cpp:186:9:[m[K [01;31m[Kerror: [m[Kâ€˜[01m[Kworld_point[m[Kâ€™ was not declared in this scope
[1.825s]   186 |         [01;31m[Kworld_point[m[K.id = map_points[i].id;
[1.825s]       |         [01;31m[K^~~~~~~~~~~[m[K
[1.830s] [01m[K/home/mechax/zyb/radar_station/src/map_test/src/map_test.cpp:190:9:[m[K [01;31m[Kerror: [m[Kâ€˜[01m[Kworld_points[m[Kâ€™ was not declared in this scope; did you mean â€˜[01m[Kfar_points[m[Kâ€™?
[1.830s]   190 |         [01;31m[Kworld_points[m[K.data.push_back(world_point);
[1.830s]       |         [01;31m[K^~~~~~~~~~~~[m[K
[1.830s]       |         [32m[Kfar_points[m[K
[1.836s] [01m[K/home/mechax/zyb/radar_station/src/map_test/src/map_test.cpp:192:26:[m[K [01;31m[Kerror: [m[Kâ€˜[01m[Kworld_points[m[Kâ€™ was not declared in this scope; did you mean â€˜[01m[Kfar_points[m[Kâ€™?
[1.836s]   192 |     points_pub_->publish([01;31m[Kworld_points[m[K);
[1.836s]       |                          [01;31m[K^~~~~~~~~~~~[m[K
[1.836s]       |                          [32m[Kfar_points[m[K
[3.895s] gmake[2]: *** [CMakeFiles/map_test.dir/build.make:76: CMakeFiles/map_test.dir/src/map_test.cpp.o] Error 1
[3.895s] gmake[1]: *** [CMakeFiles/Makefile2:137: CMakeFiles/map_test.dir/all] Error 2
[3.895s] gmake: *** [Makefile:146: all] Error 2
